14:34:15  INFO      Log guardado en: C:\Users\Usuario\Documents\Code Aliv\Python Automate\Descargas_Rápidas\logs\pipeline_2026-05-06_14-34-15.log
14:34:15  INFO      Fecha de ejecucion: 2026-05-06 14:34
14:34:15  INFO      =======================================================
14:34:15  INFO        FASE 1: DESCARGAS Y CONSOLIDACION
14:34:15  INFO      =======================================================
14:34:15  INFO      Iniciando: WinforceLima2026.py [INCREMENTAL]
14:35:24  ERROR     FALLO (68s): WinforceLima2026.py
14:35:24  ERROR         Iniciando automatización con Playwright...
14:35:24  ERROR         1. Accediendo a la pagina de login...
14:35:24  ERROR            Pagina cargada: Login Page - URL: https://accesoventas.win.pe/
14:35:24  ERROR         2. Iniciando sesion con Microsoft...
14:35:24  ERROR            Escribiendo correo...
14:35:24  ERROR            Escribiendo contrasena...
14:35:24  ERROR            Pantalla '¿Mantener iniciada la sesión?'...
14:35:24  ERROR         2.5 Redirigiendo de vuelta a Winforce y cargando Dashboard...
14:35:24  ERROR            Dashboard cargado correctamente en intento 1.
14:35:24  ERROR         3. Navegando al menu Ventas -> Ventas...
14:35:24  ERROR            [INFO] Ya estamos en la pagina de ventas. Saltando navegacion.
14:35:24  ERROR            Esperando que cargue la vista de ventas...
14:35:24  ERROR         4. Aplicando filtros (Desde - Hasta del mes actual)...
14:35:24  ERROR            [MODO INCREMENTAL] Descargando ultimos 7 dias.
14:35:24  ERROR            Rango calculado: 29-04-2026 al 06-05-2026
14:35:24  ERROR            Fechas establecidas via Flatpickr API.
14:35:24  ERROR         5. Dando clic en Buscar...
14:35:24  ERROR         6. Esperando a que el sistema traiga los registros...
14:35:24  ERROR         7. Haciendo clic en el botón Descargar...
14:35:24  ERROR         Ocurrio un error en la ejecucion: Timeout 30000ms exceeded while waiting for event "download"
14:35:24  ERROR         =========================== logs ===========================
14:35:24  ERROR         waiting for event "download"
14:35:24  ERROR         ============================================================
14:35:24  ERROR         Se ha guardado 'error_ejecucion.png' para que puedas ver donde fallo.
14:35:24  ERROR         Cerrando navegador...
14:35:24  ERROR     Paso critico fallido — pipeline detenido.
14:35:24  ERROR     Pipeline detenido en Fase 1.
