12:38:47  INFO      Log guardado en: C:\Users\Usuario\Documents\Code Aliv\Python Automate\Descargas_Rápidas\logs\pipeline_2026-05-06_12-38-47.log
12:38:47  INFO      Fecha de ejecucion: 2026-05-06 12:38
12:38:47  INFO      =======================================================
12:38:47  INFO        FASE 1: DESCARGAS Y CONSOLIDACION
12:38:47  INFO      =======================================================
12:38:47  INFO      Iniciando: WinforceLima2026.py [INCREMENTAL]
12:39:59  ERROR     FALLO (72s): WinforceLima2026.py
12:39:59  ERROR         Iniciando automatización con Playwright...
12:39:59  ERROR         1. Accediendo a la pagina de login...
12:39:59  ERROR            Pagina cargada: Login Page - URL: https://accesoventas.win.pe/
12:39:59  ERROR         2. Iniciando sesion con Microsoft...
12:39:59  ERROR            Escribiendo correo...
12:39:59  ERROR            Escribiendo contrasena...
12:39:59  ERROR            Pantalla '¿Mantener iniciada la sesión?'...
12:39:59  ERROR         2.5 Redirigiendo de vuelta a Winforce y cargando Dashboard...
12:39:59  ERROR         3. Navegando al menú Ventas -> Ventas...
12:39:59  ERROR            [AVISO] No se pudo navegar por el menú, intentando continuar: Locator.wait_for: Timeout 15000ms exceeded.
12:39:59  ERROR         Call log:
12:39:59  ERROR           - waiting for locator("nav, header").get_by_text("Ventas", exact=True).first to be visible
12:39:59  ERROR         
12:39:59  ERROR            Esperando que cargue la vista de ventas...
12:39:59  ERROR         4. Aplicando filtros (Desde - Hasta del mes actual)...
12:39:59  ERROR            [MODO INCREMENTAL] Descargando ultimos 7 dias.
12:39:59  ERROR            Rango calculado: 29-04-2026 al 06-05-2026
12:39:59  ERROR         Ocurrio un error en la ejecucion: Page.wait_for_selector: Timeout 30000ms exceeded.
12:39:59  ERROR         Call log:
12:39:59  ERROR           - waiting for locator(".flatpickr-input, input[id*='desde'], input[name*='desde']") to be visible
12:39:59  ERROR         
12:39:59  ERROR         Se ha guardado 'error_ejecucion.png' para que puedas ver donde fallo.
12:39:59  ERROR         Cerrando navegador...
12:39:59  ERROR     Paso critico fallido — pipeline detenido.
12:39:59  ERROR     Pipeline detenido en Fase 1.
