14:12:43  INFO      Log guardado en: C:\Users\Usuario\Documents\Code Aliv\Python Automate\Descargas_Rápidas\logs\pipeline_2026-05-06_14-12-43.log
14:12:43  INFO      Fecha de ejecucion: 2026-05-06 14:12
14:12:43  INFO      =======================================================
14:12:43  INFO        FASE 1: DESCARGAS Y CONSOLIDACION
14:12:43  INFO      =======================================================
14:12:43  INFO      Iniciando: WinforceLima2026.py [INCREMENTAL]
14:13:26  INFO      OK (42s): WinforceLima2026.py
14:13:26  INFO          Iniciando automatización con Playwright...
14:13:26  INFO          1. Accediendo a la pagina de login...
14:13:26  INFO             Pagina cargada: Login Page - URL: https://accesoventas.win.pe/
14:13:26  INFO          2. Iniciando sesion con Microsoft...
14:13:26  INFO             Escribiendo correo...
14:13:26  INFO             Escribiendo contrasena...
14:13:26  INFO             Pantalla '¿Mantener iniciada la sesión?'...
14:13:26  INFO          2.5 Redirigiendo de vuelta a Winforce y cargando Dashboard...
14:13:26  INFO             Dashboard cargado correctamente en intento 1.
14:13:26  INFO          3. Navegando al menu Ventas -> Ventas...
14:13:26  INFO             [INFO] Ya estamos en la pagina de ventas. Saltando navegacion.
14:13:26  INFO             Esperando que cargue la vista de ventas...
14:13:26  INFO          4. Aplicando filtros (Desde - Hasta del mes actual)...
14:13:26  INFO             [MODO INCREMENTAL] Descargando ultimos 7 dias.
14:13:26  INFO             Rango calculado: 29-04-2026 al 06-05-2026
14:13:26  INFO             Fechas establecidas via Flatpickr API.
14:13:26  INFO          5. Dando clic en Buscar...
14:13:26  INFO          6. Esperando a que el sistema traiga los registros...
14:13:26  INFO             [AVISO] No hay datos en el rango de fechas seleccionado. Saltando descarga.
14:13:26  INFO          Cerrando navegador...
14:13:26  INFO      Iniciando: WinforceProvincia2026.py [INCREMENTAL]
14:14:03  INFO      OK (36s): WinforceProvincia2026.py
14:14:03  INFO          Iniciando automatización con Playwright...
14:14:03  INFO          1. Accediendo a la pagina de login...
14:14:03  INFO          2. Iniciando sesion con Microsoft...
14:14:03  INFO             Escribiendo correo...
14:14:03  INFO             Escribiendo contrasena...
14:14:03  INFO             Pantalla '¿Mantener iniciada la sesión?'...
14:14:03  INFO          2.5 Redirigiendo de vuelta a Winforce y cargando Dashboard...
14:14:03  INFO             Dashboard cargado correctamente en intento 1.
14:14:03  INFO          3. Navegando al menu Ventas -> Ventas...
14:14:03  INFO             [INFO] Ya estamos en la pagina de ventas. Saltando navegacion.
14:14:03  INFO             Esperando que cargue la vista de ventas...
14:14:03  INFO          4. Aplicando filtros (Desde - Hasta del mes actual)...
14:14:03  INFO             [MODO INCREMENTAL] Descargando ultimos 7 dias.
14:14:03  INFO             Rango calculado: 29-04-2026 al 06-05-2026
14:14:03  INFO             Fechas establecidas via Flatpickr API.
14:14:03  INFO          5. Dando clic en Buscar...
14:14:03  INFO          6. Esperando a que el sistema traiga los registros...
14:14:03  INFO             [AVISO] No hay datos en el rango de fechas seleccionado. Saltando descarga.
14:14:03  INFO          Cerrando navegador...
14:14:03  INFO      Iniciando: Zonificación_Lima.py [INCREMENTAL]
14:14:05  ERROR     FALLO (1s): Zonificación_Lima.py
14:14:05  ERROR         ============================================================
14:14:05  ERROR           ALIV TELECOM - Clasificador de Zonas WinForce
14:14:05  ERROR           Fuente: PARAMETROS_VENTAS.kml
14:14:05  ERROR         ============================================================
14:14:05  ERROR         [14:14:05] Leyendo KML...
14:14:05  ERROR         [14:14:05]   Poligonos P2 (celeste): 129
14:14:05  ERROR         [14:14:05]   Poligonos No Venta (rojo): 9
14:14:05  ERROR         [14:14:05] Leyendo WinForce desde: descargas_winforce_Dept\Winforce_Lima.xlsx
14:14:05  ERROR         [14:14:05] ERROR: El archivo es el output procesado anterior, no una descarga fresca de WinForce.
14:14:05  ERROR         [14:14:05]   Ejecuta primero WinforceLima2026.py para obtener datos actualizados.
14:14:05  ERROR     Paso critico fallido — pipeline detenido.
14:14:05  ERROR     Pipeline detenido en Fase 1.
