11:16:16  INFO      Log guardado en: C:\Users\Usuario\Documents\Code Aliv\Python Automate\Descargas_Rápidas\logs\pipeline_2026-05-06_11-16-16.log
11:16:16  INFO      Fecha de ejecucion: 2026-05-06 11:16
11:16:16  INFO      =======================================================
11:16:16  INFO        FASE 1: DESCARGAS Y CONSOLIDACION
11:16:16  INFO      =======================================================
11:16:16  INFO      Iniciando: WinforceLima2026.py [INCREMENTAL]
11:17:23  INFO      OK (66s): WinforceLima2026.py
11:17:23  INFO          Iniciando automatización con Playwright...
11:17:23  INFO          1. Accediendo a la pagina de login...
11:17:23  INFO             Pagina cargada: Login Page - URL: https://accesoventas.win.pe/
11:17:23  INFO          2. Iniciando sesion con Microsoft...
11:17:23  INFO             Escribiendo correo...
11:17:23  INFO             Escribiendo contrasena...
11:17:23  INFO             Pantalla '¿Mantener iniciada la sesión?'...
11:17:23  INFO          2.5 Redirigiendo de vuelta a Winforce y cargando Dashboard...
11:17:23  INFO          3. Navegando al menú Ventas -> Ventas...
11:17:23  INFO             Esperando el submenú...
11:17:23  INFO             Esperando que cargue la vista de ventas...
11:17:23  INFO          4. Aplicando filtros (Desde - Hasta del mes actual)...
11:17:23  INFO             [MODO INCREMENTAL] Descargando ultimos 7 dias.
11:17:23  INFO             Rango calculado: 29-04-2026 al 06-05-2026
11:17:23  INFO          5. Dando clic en Buscar...
11:17:23  INFO          6. Esperando a que el sistema traiga los registros...
11:17:23  INFO          7. Haciendo clic en el botón Descargar...
11:17:23  INFO             Convirtiendo venta.xls a .xlsx...
11:17:23  INFO             Detectado posible formato HTML, reintentando lectura...
11:17:23  INFO             Conversión exitosa.
11:17:23  INFO          8. [OK] El reporte se guardo correctamente en: C:\Users\Usuario\Documents\Code Aliv\Python Automate\Descargas_Rápidas\descargas_winforce_Dept\Winforce_Lima.xlsx
11:17:23  INFO          Cerrando navegador...
11:17:23  INFO      Iniciando: WinforceProvincia2026.py [INCREMENTAL]
11:18:14  INFO      OK (50s): WinforceProvincia2026.py
11:18:14  INFO          Iniciando automatización con Playwright...
11:18:14  INFO          1. Accediendo a la pagina de login...
11:18:14  INFO          2. Iniciando sesion con Microsoft...
11:18:14  INFO             Escribiendo correo...
11:18:14  INFO             Escribiendo contrasena...
11:18:14  INFO             Pantalla '¿Mantener iniciada la sesión?'...
11:18:14  INFO          2.5 Redirigiendo de vuelta a Winforce y cargando Dashboard...
11:18:14  INFO          3. Navegando al menú Ventas -> Ventas...
11:18:14  INFO             Esperando el submenú...
11:18:14  INFO             Esperando que cargue la vista de ventas...
11:18:14  INFO          4. Aplicando filtros (Desde - Hasta del mes actual)...
11:18:14  INFO             [MODO INCREMENTAL] Descargando ultimos 7 dias.
11:18:14  INFO             Rango calculado: 29-04-2026 al 06-05-2026
11:18:14  INFO          5. Dando clic en Buscar...
11:18:14  INFO          6. Esperando a que el sistema traiga los registros...
11:18:14  INFO          7. Haciendo clic en el botón Descargar...
11:18:14  INFO             Convirtiendo venta.xls a .xlsx...
11:18:14  INFO             Detectado posible formato HTML, reintentando lectura...
11:18:14  INFO             Conversión exitosa.
11:18:14  INFO          8. [OK] El reporte se guardo correctamente en: C:\Users\Usuario\Documents\Code Aliv\Python Automate\Descargas_Rápidas\descargas_winforce_Dept\Winforce_Provincia.xlsx
11:18:14  INFO             Iniciando carga a SQL Server...
11:18:14  INFO            [DB] Limpieza incremental desde 2026-04-29 en winforce_provincia
11:18:14  INFO            [DB] Carga incremental exitosa.
11:18:14  INFO          Cerrando navegador...
11:18:14  INFO      Iniciando: Zonificación_Lima.py [INCREMENTAL]
11:18:22  INFO      OK (8s): Zonificación_Lima.py
11:18:22  INFO          ============================================================
11:18:22  INFO            ALIV TELECOM - Clasificador de Zonas WinForce
11:18:22  INFO            Fuente: PARAMETROS_VENTAS.kml
11:18:22  INFO          ============================================================
11:18:22  INFO          [11:18:15] Leyendo KML...
11:18:22  INFO          [11:18:15]   Poligonos P2 (celeste): 129
11:18:22  INFO          [11:18:15]   Poligonos No Venta (rojo): 9
11:18:22  INFO          [11:18:15] Leyendo WinForce desde: descargas_winforce_Dept\Winforce_Lima.xlsx
11:18:22  INFO          [11:18:16]   Registros cargados: 571
11:18:22  INFO          [11:18:16]   Con coordenadas: 571
11:18:22  INFO          [11:18:16]   Sin coordenadas: 0
11:18:22  INFO          [11:18:16]   En bbox de Lima: 571
11:18:22  INFO          [11:18:16] Clasificando registros por zona (puede tardar 1-2 min)...
11:18:22  INFO          
11:18:22  INFO          ============================================================
11:18:22  INFO            RESULTADO DE CLASIFICACION
11:18:22  INFO          ============================================================
11:18:22  INFO            Sin modificación (201)          338  (59.2%)
11:18:22  INFO            Zona P2 (401)                   228  (39.9%)
11:18:22  INFO            No Venta                          5  (0.9%)
11:18:22  INFO          
11:18:22  INFO            Top distritos en Zona No Venta:
11:18:22  INFO              COMAS                              3
11:18:22  INFO              SAN JUAN DE LURIGANCHO             2
11:18:22  INFO          
11:18:22  INFO            Registros en Zona P2: 228
11:18:22  INFO          ============================================================
11:18:22  INFO          [11:18:16] Modificando archivo original: descargas_winforce_Dept\Winforce_Lima.xlsx...
11:18:22  INFO          [11:18:20] Cambios aplicados correctamente en: descargas_winforce_Dept\Winforce_Lima.xlsx
11:18:22  INFO          
11:18:22  INFO          ============================================================
11:18:22  INFO            [OK] PROCESO COMPLETADO - ARCHIVO ACTUALIZADO
11:18:22  INFO            Ruta: descargas_winforce_Dept\Winforce_Lima.xlsx
11:18:22  INFO            Hojas actualizadas:
11:18:22  INFO              1. Resumen — conteo por zona
11:18:22  INFO              2. No Venta — registros críticos
11:18:22  INFO              3. Data Completa — todos los registros con Zona_KML
11:18:22  INFO          
11:18:22  INFO            Nota: El archivo original ha sido modificado con la
11:18:22  INFO            nueva clasificación. Ya puedes usarlo en Power BI.
11:18:22  INFO          ============================================================
11:18:22  INFO          
11:18:22  INFO            Iniciando carga a SQL Server (winforce_lima)...
11:18:22  INFO            [DB] Limpieza incremental desde 2026-04-29 en winforce_lima
11:18:22  INFO            [DB] Carga incremental exitosa.
11:18:22  INFO          
11:18:22  INFO          Zonificacion exitosa
11:18:22  INFO      Fase 1 completada.
11:18:22  INFO      =======================================================
11:18:22  INFO        PIPELINE FINALIZADO
11:18:22  INFO      =======================================================
11:18:22  INFO      Log completo en: C:\Users\Usuario\Documents\Code Aliv\Python Automate\Descargas_Rápidas\logs\pipeline_2026-05-06_11-16-16.log
