17:25:57  INFO      Log guardado en: C:\Users\Usuario\Documents\Code Aliv\Python Automate\Descargas_Rápidas\logs\pipeline_2026-05-06_17-25-57.log
17:25:57  INFO      Fecha de ejecucion: 2026-05-06 17:25
17:25:57  INFO      =======================================================
17:25:57  INFO        SEMANAL: ESTA SEMANA
17:25:57  INFO      =======================================================
17:25:57  INFO      Iniciando: WinforceLima2026.py [INCREMENTAL]
17:27:17  INFO      OK (79s): WinforceLima2026.py
17:27:17  INFO          Iniciando automatización con Playwright...
17:27:17  INFO          1. Accediendo a la pagina de login...
17:27:17  INFO             Pagina cargada: Login Page - URL: https://accesoventas.win.pe/
17:27:17  INFO          2. Iniciando sesion con Microsoft...
17:27:17  INFO             Escribiendo correo...
17:27:17  INFO             Escribiendo contrasena...
17:27:17  INFO             Pantalla '¿Mantener iniciada la sesión?'...
17:27:17  INFO          2.5 Redirigiendo de vuelta a Winforce y cargando Dashboard...
17:27:17  INFO             Dashboard cargado correctamente en intento 1.
17:27:17  INFO          3. Navegando al menu Ventas -> Ventas...
17:27:17  INFO             Submenu 'Ventas' clickeado.
17:27:17  INFO          4. Aplicando filtros (Desde - Hasta del mes actual)...
17:27:17  INFO             [MODO INCREMENTAL] Usando boton 'Esta semana'...
17:27:17  INFO             [FALLBACK] Semana actual: 04-05-2026 al 06-05-2026
17:27:17  INFO          5. Dando clic en Buscar...
17:27:17  INFO          6. Esperando resultados de la busqueda...
17:27:17  INFO          7. Descargando Excel...
17:27:17  INFO          8. [OK] 278 registros guardados en: C:\Users\Usuario\Documents\Code Aliv\Python Automate\Descargas_Rápidas\descargas_winforce_Dept\Winforce_Lima.xlsx
17:27:17  INFO          Cerrando navegador...
17:27:17  INFO      Iniciando: WinforceProvincia2026.py [INCREMENTAL]
17:28:38  INFO      OK (80s): WinforceProvincia2026.py
17:28:38  INFO          Iniciando automatización con Playwright...
17:28:38  INFO          1. Accediendo a la pagina de login...
17:28:38  INFO          2. Iniciando sesion con Microsoft...
17:28:38  INFO             Escribiendo correo...
17:28:38  INFO             Escribiendo contrasena...
17:28:38  INFO             Pantalla '¿Mantener iniciada la sesión?'...
17:28:38  INFO          2.5 Redirigiendo de vuelta a Winforce y cargando Dashboard...
17:28:38  INFO             Dashboard cargado correctamente en intento 1.
17:28:38  INFO          3. Navegando al menu Ventas -> Ventas...
17:28:38  INFO             Submenu 'Ventas' clickeado.
17:28:38  INFO          4. Aplicando filtros (Desde - Hasta del mes actual)...
17:28:38  INFO             [MODO INCREMENTAL] Usando boton 'Esta semana'...
17:28:38  INFO             [FALLBACK] Semana actual: 04-05-2026 al 06-05-2026
17:28:38  INFO          5. Dando clic en Buscar...
17:28:38  INFO          6. Esperando resultados de la busqueda...
17:28:38  INFO          7. Descargando Excel...
17:28:38  INFO          8. [OK] 134 registros guardados en: C:\Users\Usuario\Documents\Code Aliv\Python Automate\Descargas_Rápidas\descargas_winforce_Dept\Winforce_Provincia.xlsx
17:28:38  INFO             Iniciando carga a SQL Server...
17:28:38  INFO            [DB] Limpieza incremental desde 2026-04-29 en winforce_provincia
17:28:38  INFO            [DB] Carga incremental exitosa.
17:28:38  INFO          Cerrando navegador...
17:28:38  INFO      Iniciando: Zonificación_Lima.py [INCREMENTAL]
17:28:42  INFO      OK (4s): Zonificación_Lima.py
17:28:42  INFO          ============================================================
17:28:42  INFO            ALIV TELECOM - Clasificador de Zonas WinForce
17:28:42  INFO            Fuente: PARAMETROS_VENTAS.kml
17:28:42  INFO          ============================================================
17:28:42  INFO          [17:28:39] Leyendo KML...
17:28:42  INFO          [17:28:39]   Poligonos P2 (celeste): 129
17:28:42  INFO          [17:28:39]   Poligonos No Venta (rojo): 9
17:28:42  INFO          [17:28:39] Leyendo WinForce desde: descargas_winforce_Dept\Winforce_Lima.xlsx
17:28:42  INFO          [17:28:39]   Registros cargados: 278
17:28:42  INFO          [17:28:39]   Con coordenadas: 278
17:28:42  INFO          [17:28:39]   Sin coordenadas: 0
17:28:42  INFO          [17:28:39]   En bbox de Lima: 278
17:28:42  INFO          [17:28:39] Clasificando registros por zona (puede tardar 1-2 min)...
17:28:42  INFO          
17:28:42  INFO          ============================================================
17:28:42  INFO            RESULTADO DE CLASIFICACION
17:28:42  INFO          ============================================================
17:28:42  INFO            Sin modificación (201)          171  (61.5%)
17:28:42  INFO            Zona P2 (401)                   102  (36.7%)
17:28:42  INFO            No Venta                          5  (1.8%)
17:28:42  INFO          
17:28:42  INFO            Top distritos en Zona No Venta:
17:28:42  INFO              COMAS                              4
17:28:42  INFO              CARABAYLLO                         1
17:28:42  INFO          
17:28:42  INFO            Registros en Zona P2: 102
17:28:42  INFO          ============================================================
17:28:42  INFO          [17:28:39] Modificando archivo original: descargas_winforce_Dept\Winforce_Lima.xlsx...
17:28:42  INFO          [17:28:41] Cambios aplicados correctamente en: descargas_winforce_Dept\Winforce_Lima.xlsx
17:28:42  INFO          
17:28:42  INFO          ============================================================
17:28:42  INFO            [OK] PROCESO COMPLETADO - ARCHIVO ACTUALIZADO
17:28:42  INFO            Ruta: descargas_winforce_Dept\Winforce_Lima.xlsx
17:28:42  INFO            Hojas actualizadas:
17:28:42  INFO              1. Resumen — conteo por zona
17:28:42  INFO              2. No Venta — registros críticos
17:28:42  INFO              3. Data Completa — todos los registros con Zona_KML
17:28:42  INFO          
17:28:42  INFO            Nota: El archivo original ha sido modificado con la
17:28:42  INFO            nueva clasificación. Ya puedes usarlo en Power BI.
17:28:42  INFO          ============================================================
17:28:42  INFO          
17:28:42  INFO            Iniciando carga a SQL Server (winforce_lima)...
17:28:42  INFO            [DB] Limpieza incremental desde 2026-04-29 en winforce_lima
17:28:42  INFO            [DB] Carga incremental exitosa.
17:28:42  INFO          
17:28:42  INFO          Zonificacion exitosa
17:28:42  INFO      Fase semanal completada.
17:28:42  INFO      =======================================================
17:28:42  INFO        PIPELINE FINALIZADO
17:28:42  INFO      =======================================================
17:28:42  INFO      Log completo en: C:\Users\Usuario\Documents\Code Aliv\Python Automate\Descargas_Rápidas\logs\pipeline_2026-05-06_17-25-57.log
