14:53:42  INFO      Log guardado en: C:\Users\Usuario\Documents\Code Aliv\Python Automate\Descargas_Rápidas\logs\pipeline_2026-05-07_14-53-42.log
14:53:42  INFO      Fecha de ejecucion: 2026-05-07 14:53
14:53:42  INFO      =======================================================
14:53:42  INFO        SEMANAL: ESTA SEMANA
14:53:42  INFO      =======================================================
14:53:42  INFO      Iniciando: WinforceLima2026.py [INCREMENTAL]
14:54:55  INFO      OK (72s): WinforceLima2026.py
14:54:55  INFO          Iniciando automatización con Playwright...
14:54:55  INFO          1. Accediendo a la pagina de login...
14:54:55  INFO             Pagina cargada: Login Page - URL: https://accesoventas.win.pe/
14:54:55  INFO          2. Iniciando sesion con Microsoft...
14:54:55  INFO             Escribiendo correo...
14:54:55  INFO             Escribiendo contrasena...
14:54:55  INFO             Pantalla '¿Mantener iniciada la sesión?'...
14:54:55  INFO          2.5 Redirigiendo de vuelta a Winforce y cargando Dashboard...
14:54:55  INFO             Dashboard cargado correctamente en intento 1.
14:54:55  INFO          3. Navegando al menu Ventas -> Ventas...
14:54:55  INFO             Submenu 'Ventas' clickeado.
14:54:55  INFO          4. Aplicando filtros (Desde - Hasta del mes actual)...
14:54:55  INFO             [MODO SEMANAL] Rango: 30-04-2026 al 07-05-2026
14:54:55  INFO          5. Dando clic en Buscar...
14:54:55  INFO          6. Esperando resultados de la busqueda...
14:54:55  INFO          7. Descargando Excel...
14:54:55  INFO          8. [OK] 652 registros guardados en: C:\Users\Usuario\Documents\Code Aliv\Python Automate\Descargas_Rápidas\descargas_winforce_Dept\Winforce_Lima.xlsx
14:54:55  INFO          Cerrando navegador...
14:54:55  INFO      Iniciando: WinforceProvincia2026.py [INCREMENTAL]
14:55:47  INFO      OK (52s): WinforceProvincia2026.py
14:55:47  INFO          Iniciando automatización con Playwright...
14:55:47  INFO          1. Accediendo a la pagina de login...
14:55:47  INFO          2. Iniciando sesion con Microsoft...
14:55:47  INFO             Escribiendo correo...
14:55:47  INFO             Escribiendo contrasena...
14:55:47  INFO             Pantalla '¿Mantener iniciada la sesión?'...
14:55:47  INFO          2.5 Redirigiendo de vuelta a Winforce y cargando Dashboard...
14:55:47  INFO             Dashboard cargado correctamente en intento 1.
14:55:47  INFO          3. Navegando al menu Ventas -> Ventas...
14:55:47  INFO             Submenu 'Ventas' clickeado.
14:55:47  INFO          4. Aplicando filtros (Desde - Hasta del mes actual)...
14:55:47  INFO             [MODO SEMANAL] Rango: 30-04-2026 al 07-05-2026
14:55:47  INFO          5. Dando clic en Buscar...
14:55:47  INFO          6. Esperando resultados de la busqueda...
14:55:47  INFO          7. Descargando Excel...
14:55:47  INFO          8. [OK] 313 registros guardados en: C:\Users\Usuario\Documents\Code Aliv\Python Automate\Descargas_Rápidas\descargas_winforce_Dept\Winforce_Provincia.xlsx
14:55:47  INFO             Iniciando carga a SQL Server...
14:55:47  INFO            [DB] Limpieza incremental desde 2026-04-30 en winforce_provincia
14:55:47  INFO            [DB] Carga incremental exitosa.
14:55:47  INFO          Cerrando navegador...
14:55:47  INFO      Iniciando: Zonificación_Lima.py [INCREMENTAL]
14:56:03  INFO      OK (16s): Zonificación_Lima.py
14:56:03  INFO          ============================================================
14:56:03  INFO            ALIV TELECOM - Clasificador de Zonas WinForce
14:56:03  INFO            Fuente: PARAMETROS_VENTAS.kml
14:56:03  INFO          ============================================================
14:56:03  INFO          [14:55:49] Leyendo KML...
14:56:03  INFO          [14:55:49]   Poligonos P2 (celeste): 129
14:56:03  INFO          [14:55:49]   Poligonos No Venta (rojo): 9
14:56:03  INFO          [14:55:49] Leyendo WinForce desde: descargas_winforce_Dept\Winforce_Lima.xlsx
14:56:03  INFO          [14:55:50]   Registros cargados: 652
14:56:03  INFO          [14:55:50]   Con coordenadas: 652
14:56:03  INFO          [14:55:50]   Sin coordenadas: 0
14:56:03  INFO          [14:55:50]   En bbox de Lima: 652
14:56:03  INFO          [14:55:50] Clasificando registros por zona (puede tardar 1-2 min)...
14:56:03  INFO          
14:56:03  INFO          ============================================================
14:56:03  INFO            RESULTADO DE CLASIFICACION
14:56:03  INFO          ============================================================
14:56:03  INFO            Sin modificación (201)          396  (60.7%)
14:56:03  INFO            Zona P2 (401)                   249  (38.2%)
14:56:03  INFO            No Venta                          7  (1.1%)
14:56:03  INFO          
14:56:03  INFO            Top distritos en Zona No Venta:
14:56:03  INFO              COMAS                              4
14:56:03  INFO              SAN JUAN DE LURIGANCHO             2
14:56:03  INFO              CARABAYLLO                         1
14:56:03  INFO          
14:56:03  INFO            Registros en Zona P2: 249
14:56:03  INFO          ============================================================
14:56:03  INFO          [14:55:50] Modificando archivo original: descargas_winforce_Dept\Winforce_Lima.xlsx...
14:56:03  INFO          [14:55:57] Cambios aplicados correctamente en: descargas_winforce_Dept\Winforce_Lima.xlsx
14:56:03  INFO          
14:56:03  INFO          ============================================================
14:56:03  INFO            [OK] PROCESO COMPLETADO - ARCHIVO ACTUALIZADO
14:56:03  INFO            Ruta: descargas_winforce_Dept\Winforce_Lima.xlsx
14:56:03  INFO            Hojas actualizadas:
14:56:03  INFO              1. Resumen — conteo por zona
14:56:03  INFO              2. No Venta — registros críticos
14:56:03  INFO              3. Data Completa — todos los registros con Zona_KML
14:56:03  INFO          
14:56:03  INFO            Nota: El archivo original ha sido modificado con la
14:56:03  INFO            nueva clasificación. Ya puedes usarlo en Power BI.
14:56:03  INFO          ============================================================
14:56:03  INFO          
14:56:03  INFO            Iniciando carga a SQL Server (winforce_lima)...
14:56:03  INFO            [DB] Limpieza incremental desde 2026-04-30 en winforce_lima
14:56:03  INFO            [DB] Carga incremental exitosa.
14:56:03  INFO          
14:56:03  INFO          Zonificacion exitosa
14:56:03  INFO      Fase semanal completada.
14:56:03  INFO      =======================================================
14:56:03  INFO        PIPELINE FINALIZADO
14:56:03  INFO      =======================================================
14:56:03  INFO      Log completo en: C:\Users\Usuario\Documents\Code Aliv\Python Automate\Descargas_Rápidas\logs\pipeline_2026-05-07_14-53-42.log
