17:43:34  INFO      Log guardado en: C:\Users\Usuario\Documents\Code Aliv\Python Automate\Descargas_Rápidas\logs\pipeline_2026-05-07_17-43-34.log
17:43:34  INFO      Fecha de ejecucion: 2026-05-07 17:43
17:43:34  INFO      =======================================================
17:43:34  INFO        SEMANAL: ESTA SEMANA
17:43:34  INFO      =======================================================
17:43:34  INFO      Iniciando: WinforceLima2026.py [INCREMENTAL]
17:44:34  INFO      OK (60s): WinforceLima2026.py
17:44:34  INFO          Iniciando automatización con Playwright...
17:44:34  INFO          1. Accediendo a la pagina de login...
17:44:34  INFO             Pagina cargada: Login Page - URL: https://accesoventas.win.pe/
17:44:34  INFO          2. Iniciando sesion con Microsoft...
17:44:34  INFO             Escribiendo correo...
17:44:34  INFO             Escribiendo contrasena...
17:44:34  INFO             Pantalla '¿Mantener iniciada la sesión?'...
17:44:34  INFO          2.5 Redirigiendo de vuelta a Winforce y cargando Dashboard...
17:44:34  INFO             Dashboard cargado correctamente en intento 1.
17:44:34  INFO          3. Navegando al menu Ventas -> Ventas...
17:44:34  INFO             Submenu 'Ventas' clickeado.
17:44:34  INFO          4. Aplicando filtros (Desde - Hasta del mes actual)...
17:44:34  INFO             [MODO SEMANAL] Rango: 30-04-2026 al 07-05-2026
17:44:34  INFO          5. Dando clic en Buscar...
17:44:34  INFO          6. Esperando resultados de la busqueda...
17:44:34  INFO          7. Descargando Excel...
17:44:34  INFO          8. [OK] 683 registros guardados en: C:\Users\Usuario\Documents\Code Aliv\Python Automate\Descargas_Rápidas\descargas_winforce_Dept\Winforce_Lima.xlsx
17:44:34  INFO          Cerrando navegador...
17:44:34  INFO      Iniciando: WinforceProvincia2026.py [INCREMENTAL]
17:45:24  INFO      OK (49s): WinforceProvincia2026.py
17:45:24  INFO          Iniciando automatización con Playwright...
17:45:24  INFO          1. Accediendo a la pagina de login...
17:45:24  INFO          2. Iniciando sesion con Microsoft...
17:45:24  INFO             Escribiendo correo...
17:45:24  INFO             Escribiendo contrasena...
17:45:24  INFO             Pantalla '¿Mantener iniciada la sesión?'...
17:45:24  INFO          2.5 Redirigiendo de vuelta a Winforce y cargando Dashboard...
17:45:24  INFO             Dashboard cargado correctamente en intento 1.
17:45:24  INFO          3. Navegando al menu Ventas -> Ventas...
17:45:24  INFO             Submenu 'Ventas' clickeado.
17:45:24  INFO          4. Aplicando filtros (Desde - Hasta del mes actual)...
17:45:24  INFO             [MODO SEMANAL] Rango: 30-04-2026 al 07-05-2026
17:45:24  INFO          5. Dando clic en Buscar...
17:45:24  INFO          6. Esperando resultados de la busqueda...
17:45:24  INFO          7. Descargando Excel...
17:45:24  INFO          8. [OK] 328 registros guardados en: C:\Users\Usuario\Documents\Code Aliv\Python Automate\Descargas_Rápidas\descargas_winforce_Dept\Winforce_Provincia.xlsx
17:45:24  INFO             Iniciando carga a SQL Server...
17:45:24  INFO            [DB] Limpieza incremental desde 2026-04-30 en winforce_provincia
17:45:24  INFO            [DB] Carga incremental exitosa.
17:45:24  INFO          Cerrando navegador...
17:45:24  INFO      Iniciando: Zonificación_Lima.py [INCREMENTAL]
17:45:34  INFO      OK (10s): Zonificación_Lima.py
17:45:34  INFO          ============================================================
17:45:34  INFO            ALIV TELECOM - Clasificador de Zonas WinForce
17:45:34  INFO            Fuente: PARAMETROS_VENTAS.kml
17:45:34  INFO          ============================================================
17:45:34  INFO          [17:45:25] Leyendo KML...
17:45:34  INFO          [17:45:25]   Poligonos P2 (celeste): 129
17:45:34  INFO          [17:45:25]   Poligonos No Venta (rojo): 9
17:45:34  INFO          [17:45:25] Leyendo WinForce desde: descargas_winforce_Dept\Winforce_Lima.xlsx
17:45:34  INFO          [17:45:26]   Registros cargados: 683
17:45:34  INFO          [17:45:26]   Con coordenadas: 683
17:45:34  INFO          [17:45:26]   Sin coordenadas: 0
17:45:34  INFO          [17:45:26]   En bbox de Lima: 683
17:45:34  INFO          [17:45:26] Clasificando registros por zona (puede tardar 1-2 min)...
17:45:34  INFO          
17:45:34  INFO          ============================================================
17:45:34  INFO            RESULTADO DE CLASIFICACION
17:45:34  INFO          ============================================================
17:45:34  INFO            Sin modificación (201)          415  (60.8%)
17:45:34  INFO            Zona P2 (401)                   261  (38.2%)
17:45:34  INFO            No Venta                          7  (1.0%)
17:45:34  INFO          
17:45:34  INFO            Top distritos en Zona No Venta:
17:45:34  INFO              COMAS                              4
17:45:34  INFO              SAN JUAN DE LURIGANCHO             2
17:45:34  INFO              CARABAYLLO                         1
17:45:34  INFO          
17:45:34  INFO            Registros en Zona P2: 261
17:45:34  INFO          ============================================================
17:45:34  INFO          [17:45:26] Modificando archivo original: descargas_winforce_Dept\Winforce_Lima.xlsx...
17:45:34  INFO          [17:45:31] Cambios aplicados correctamente en: descargas_winforce_Dept\Winforce_Lima.xlsx
17:45:34  INFO          
17:45:34  INFO          ============================================================
17:45:34  INFO            [OK] PROCESO COMPLETADO - ARCHIVO ACTUALIZADO
17:45:34  INFO            Ruta: descargas_winforce_Dept\Winforce_Lima.xlsx
17:45:34  INFO            Hojas actualizadas:
17:45:34  INFO              1. Resumen — conteo por zona
17:45:34  INFO              2. No Venta — registros críticos
17:45:34  INFO              3. Data Completa — todos los registros con Zona_KML
17:45:34  INFO          
17:45:34  INFO            Nota: El archivo original ha sido modificado con la
17:45:34  INFO            nueva clasificación. Ya puedes usarlo en Power BI.
17:45:34  INFO          ============================================================
17:45:34  INFO          
17:45:34  INFO            Iniciando carga a SQL Server (winforce_lima)...
17:45:34  INFO            [DB] Limpieza incremental desde 2026-04-30 en winforce_lima
17:45:34  INFO            [DB] Carga incremental exitosa.
17:45:34  INFO          
17:45:34  INFO          Zonificacion exitosa
17:45:34  INFO      Fase semanal completada.
17:45:34  INFO      =======================================================
17:45:34  INFO        PIPELINE FINALIZADO
17:45:34  INFO      =======================================================
17:45:34  INFO      Log completo en: C:\Users\Usuario\Documents\Code Aliv\Python Automate\Descargas_Rápidas\logs\pipeline_2026-05-07_17-43-34.log
