09:42:41  INFO      Log guardado en: C:\Users\Usuario\Documents\Code Aliv\Python Automate\Descargas_Rápidas\logs\pipeline_2026-05-11_09-42-41.log
09:42:41  INFO      Fecha de ejecucion: 2026-05-11 09:42
09:42:41  INFO      =======================================================
09:42:41  INFO        REPORTE DIARIO (ayer)
09:42:41  INFO      =======================================================
09:42:41  INFO      Iniciando: ReporteDiarioLima.py 
09:42:48  INFO      OK (7s): ReporteDiarioLima.py
09:42:48  INFO          Generando reporte diario para: 10/05/2026
09:42:48  INFO             Datos: 64 altas C/E Hab. MTD · 0 ayer · 597 Lima MTD
09:42:48  INFO          PDF generado: Reporte_Diario_CE_Aliv_2026-05-10.pdf
09:42:48  INFO      Iniciando: ReporteDiarioProvincia.py 
09:42:51  INFO      OK (2s): ReporteDiarioProvincia.py
09:42:51  INFO          Generando reporte diario Provincia para: 10/05/2026
09:42:51  INFO             Datos: 259 altas MTD · 0 ayer · 371 preventas MTD · 7 departamentos
09:42:51  INFO          PDF generado: Reporte_Diario_Provincia_2026-05-10.pdf
09:42:51  INFO      Iniciando: ReporteDiarioProvinciaNorte.py 
09:42:53  INFO      OK (1s): ReporteDiarioProvinciaNorte.py
09:42:53  INFO          Generando reporte diario Provincia Norte para: 10/05/2026
09:42:53  INFO             Datos: 249 altas MTD · 0 ayer · 359 preventas MTD · 4 departamentos Norte
09:42:53  INFO          PDF generado: Reporte_Diario_ProvNorte_2026-05-10.pdf
09:42:53  INFO      Reporte diario completado.
09:42:53  INFO      =======================================================
09:42:53  INFO        PIPELINE FINALIZADO
09:42:53  INFO      =======================================================
09:42:53  INFO      Log completo en: C:\Users\Usuario\Documents\Code Aliv\Python Automate\Descargas_Rápidas\logs\pipeline_2026-05-11_09-42-41.log
