09:31:59  INFO      Log guardado en: C:\Users\Usuario\Documents\Code Aliv\Python Automate\Descargas_Rápidas\logs\pipeline_2026-05-11_09-31-59.log
09:31:59  INFO      Fecha de ejecucion: 2026-05-11 09:31
09:31:59  INFO      =======================================================
09:31:59  INFO        SEMANAL: ESTA SEMANA
09:31:59  INFO      =======================================================
09:31:59  INFO      Iniciando: WinforceLima2026.py [INCREMENTAL]
09:33:14  ERROR     FALLO (74s): WinforceLima2026.py
09:33:14  ERROR         Iniciando automatización con Playwright...
09:33:14  ERROR         1. Accediendo a la pagina de login...
09:33:14  ERROR            Pagina cargada: Login Page - URL: https://accesoventas.win.pe/
09:33:14  ERROR         2. Iniciando sesion con Microsoft...
09:33:14  ERROR            Escribiendo correo...
09:33:14  ERROR            Escribiendo contrasena...
09:33:14  ERROR            Pantalla '¿Mantener iniciada la sesión?'...
09:33:14  ERROR         2.5 Redirigiendo de vuelta a Winforce y cargando Dashboard...
09:33:14  ERROR            Dashboard cargado correctamente en intento 1.
09:33:14  ERROR         3. Navegando al menu Ventas -> Ventas...
09:33:14  ERROR            Submenu 'Ventas' clickeado.
09:33:14  ERROR         4. Aplicando filtros (Desde - Hasta del mes actual)...
09:33:14  ERROR            [MODO SEMANAL] Rango: 04-05-2026 al 11-05-2026
09:33:14  ERROR         5. Dando clic en Buscar...
09:33:14  ERROR         6. Esperando resultados de la busqueda...
09:33:14  ERROR         7. Descargando Excel...
09:33:14  ERROR         Ocurrio un error en la ejecucion: Locator.click: Timeout 30000ms exceeded.
09:33:14  ERROR         Call log:
09:33:14  ERROR           - waiting for get_by_role("button", name="Descargar", exact=True)
09:33:14  ERROR             - locator resolved to <button type="button" id="descargarventaexcel" class="btn btn-block btn-lg btn-success btn-success-degradate fw-bolder w-100">…</button>
09:33:14  ERROR           - attempting click action
09:33:14  ERROR             - waiting for element to be visible, enabled and stable
09:33:14  ERROR             - element is visible, enabled and stable
09:33:14  ERROR             - scrolling into view if needed
09:33:14  ERROR             - done scrolling
09:33:14  ERROR             - performing click action
09:33:14  ERROR             - click action done
09:33:14  ERROR             - waiting for scheduled navigations to finish
09:33:14  ERROR         
09:33:14  ERROR         Se ha guardado 'error_ejecucion.png' para que puedas ver donde fallo.
09:33:14  ERROR         Cerrando navegador...
09:33:14  ERROR     Paso critico fallido — pipeline detenido.
09:33:14  ERROR     Pipeline detenido.
