12:45:03  INFO      Log guardado en: C:\Users\Usuario\Documents\Code Aliv\Python Automate\Descargas_Rápidas\logs\pipeline_2026-05-07_12-45-03.log
12:45:03  INFO      Fecha de ejecucion: 2026-05-07 12:45
12:45:03  INFO      =======================================================
12:45:03  INFO        SEMANAL: ESTA SEMANA
12:45:03  INFO      =======================================================
12:45:03  INFO      Iniciando: WinforceLima2026.py [INCREMENTAL]
12:45:56  INFO      OK (53s): WinforceLima2026.py
12:45:56  INFO          Iniciando automatización con Playwright...
12:45:56  INFO          1. Accediendo a la pagina de login...
12:45:56  INFO             Pagina cargada: Login Page - URL: https://accesoventas.win.pe/
12:45:56  INFO          2. Iniciando sesion con Microsoft...
12:45:56  INFO             Escribiendo correo...
12:45:56  INFO             Escribiendo contrasena...
12:45:56  INFO             Pantalla '¿Mantener iniciada la sesión?'...
12:45:56  INFO          2.5 Redirigiendo de vuelta a Winforce y cargando Dashboard...
12:45:56  INFO             Dashboard cargado correctamente en intento 1.
12:45:56  INFO          3. Navegando al menu Ventas -> Ventas...
12:45:56  INFO             Submenu 'Ventas' clickeado.
12:45:56  INFO          4. Aplicando filtros (Desde - Hasta del mes actual)...
12:45:56  INFO             [MODO SEMANAL] Rango: 30-04-2026 al 07-05-2026
12:45:56  INFO          5. Dando clic en Buscar...
12:45:56  INFO          6. Esperando resultados de la busqueda...
12:45:56  INFO          7. Descargando Excel...
12:45:56  INFO          8. [OK] 628 registros guardados en: C:\Users\Usuario\Documents\Code Aliv\Python Automate\Descargas_Rápidas\descargas_winforce_Dept\Winforce_Lima.xlsx
12:45:56  INFO          Cerrando navegador...
12:45:56  INFO      Iniciando: WinforceProvincia2026.py [INCREMENTAL]
12:46:44  INFO      OK (47s): WinforceProvincia2026.py
12:46:44  INFO          Iniciando automatización con Playwright...
12:46:44  INFO          1. Accediendo a la pagina de login...
12:46:44  INFO          2. Iniciando sesion con Microsoft...
12:46:44  INFO             Escribiendo correo...
12:46:44  INFO             Escribiendo contrasena...
12:46:44  INFO             Pantalla '¿Mantener iniciada la sesión?'...
12:46:44  INFO          2.5 Redirigiendo de vuelta a Winforce y cargando Dashboard...
12:46:44  INFO             Dashboard cargado correctamente en intento 1.
12:46:44  INFO          3. Navegando al menu Ventas -> Ventas...
12:46:44  INFO             Submenu 'Ventas' clickeado.
12:46:44  INFO          4. Aplicando filtros (Desde - Hasta del mes actual)...
12:46:44  INFO             [MODO SEMANAL] Rango: 30-04-2026 al 07-05-2026
12:46:44  INFO          5. Dando clic en Buscar...
12:46:44  INFO          6. Esperando resultados de la busqueda...
12:46:44  INFO          7. Descargando Excel...
12:46:44  INFO          8. [OK] 307 registros guardados en: C:\Users\Usuario\Documents\Code Aliv\Python Automate\Descargas_Rápidas\descargas_winforce_Dept\Winforce_Provincia.xlsx
12:46:44  INFO             Iniciando carga a SQL Server...
12:46:44  INFO            [DB] Limpieza incremental desde 2026-04-30 en winforce_provincia
12:46:44  INFO            [DB] Carga incremental exitosa.
12:46:44  INFO          Cerrando navegador...
12:46:44  INFO      Iniciando: Zonificación_Lima.py [INCREMENTAL]
12:46:52  INFO      OK (7s): Zonificación_Lima.py
12:46:52  INFO          ============================================================
12:46:52  INFO            ALIV TELECOM - Clasificador de Zonas WinForce
12:46:52  INFO            Fuente: PARAMETROS_VENTAS.kml
12:46:52  INFO          ============================================================
12:46:52  INFO          [12:46:45] Leyendo KML...
12:46:52  INFO          [12:46:45]   Poligonos P2 (celeste): 129
12:46:52  INFO          [12:46:45]   Poligonos No Venta (rojo): 9
12:46:52  INFO          [12:46:45] Leyendo WinForce desde: descargas_winforce_Dept\Winforce_Lima.xlsx
12:46:52  INFO          [12:46:46]   Registros cargados: 628
12:46:52  INFO          [12:46:46]   Con coordenadas: 628
12:46:52  INFO          [12:46:46]   Sin coordenadas: 0
12:46:52  INFO          [12:46:46]   En bbox de Lima: 628
12:46:52  INFO          [12:46:46] Clasificando registros por zona (puede tardar 1-2 min)...
12:46:52  INFO          
12:46:52  INFO          ============================================================
12:46:52  INFO            RESULTADO DE CLASIFICACION
12:46:52  INFO          ============================================================
12:46:52  INFO            Sin modificación (201)          375  (59.7%)
12:46:52  INFO            Zona P2 (401)                   246  (39.2%)
12:46:52  INFO            No Venta                          7  (1.1%)
12:46:52  INFO          
12:46:52  INFO            Top distritos en Zona No Venta:
12:46:52  INFO              COMAS                              4
12:46:52  INFO              SAN JUAN DE LURIGANCHO             2
12:46:52  INFO              CARABAYLLO                         1
12:46:52  INFO          
12:46:52  INFO            Registros en Zona P2: 246
12:46:52  INFO          ============================================================
12:46:52  INFO          [12:46:46] Modificando archivo original: descargas_winforce_Dept\Winforce_Lima.xlsx...
12:46:52  INFO          [12:46:50] Cambios aplicados correctamente en: descargas_winforce_Dept\Winforce_Lima.xlsx
12:46:52  INFO          
12:46:52  INFO          ============================================================
12:46:52  INFO            [OK] PROCESO COMPLETADO - ARCHIVO ACTUALIZADO
12:46:52  INFO            Ruta: descargas_winforce_Dept\Winforce_Lima.xlsx
12:46:52  INFO            Hojas actualizadas:
12:46:52  INFO              1. Resumen — conteo por zona
12:46:52  INFO              2. No Venta — registros críticos
12:46:52  INFO              3. Data Completa — todos los registros con Zona_KML
12:46:52  INFO          
12:46:52  INFO            Nota: El archivo original ha sido modificado con la
12:46:52  INFO            nueva clasificación. Ya puedes usarlo en Power BI.
12:46:52  INFO          ============================================================
12:46:52  INFO          
12:46:52  INFO            Iniciando carga a SQL Server (winforce_lima)...
12:46:52  INFO            [DB] Limpieza incremental desde 2026-04-30 en winforce_lima
12:46:52  INFO            [DB] Carga incremental exitosa.
12:46:52  INFO          
12:46:52  INFO          Zonificacion exitosa
12:46:52  INFO      Fase semanal completada.
12:46:52  INFO      =======================================================
12:46:52  INFO        PIPELINE FINALIZADO
12:46:52  INFO      =======================================================
12:46:52  INFO      Log completo en: C:\Users\Usuario\Documents\Code Aliv\Python Automate\Descargas_Rápidas\logs\pipeline_2026-05-07_12-45-03.log
