11:45:27  INFO      Log guardado en: C:\Users\Usuario\Documents\Code Aliv\Python Automate\Descargas_Rápidas\logs\pipeline_2026-05-07_11-45-27.log
11:45:27  INFO      Fecha de ejecucion: 2026-05-07 11:45
11:45:27  INFO      =======================================================
11:45:27  INFO        SEMANAL: ESTA SEMANA
11:45:27  INFO      =======================================================
11:45:27  INFO      Iniciando: WinforceLima2026.py [INCREMENTAL]
11:46:28  INFO      OK (61s): WinforceLima2026.py
11:46:28  INFO          Iniciando automatización con Playwright...
11:46:28  INFO          1. Accediendo a la pagina de login...
11:46:28  INFO             Pagina cargada: Login Page - URL: https://accesoventas.win.pe/
11:46:28  INFO          2. Iniciando sesion con Microsoft...
11:46:28  INFO             Escribiendo correo...
11:46:28  INFO             Escribiendo contrasena...
11:46:28  INFO             Pantalla '¿Mantener iniciada la sesión?'...
11:46:28  INFO          2.5 Redirigiendo de vuelta a Winforce y cargando Dashboard...
11:46:28  INFO             Dashboard cargado correctamente en intento 1.
11:46:28  INFO          3. Navegando al menu Ventas -> Ventas...
11:46:28  INFO             Submenu 'Ventas' clickeado.
11:46:28  INFO          4. Aplicando filtros (Desde - Hasta del mes actual)...
11:46:28  INFO             [MODO SEMANAL] Rango: 30-04-2026 al 07-05-2026
11:46:28  INFO          5. Dando clic en Buscar...
11:46:28  INFO          6. Esperando resultados de la busqueda...
11:46:28  INFO          7. Descargando Excel...
11:46:28  INFO          8. [OK] 622 registros guardados en: C:\Users\Usuario\Documents\Code Aliv\Python Automate\Descargas_Rápidas\descargas_winforce_Dept\Winforce_Lima.xlsx
11:46:28  INFO          Cerrando navegador...
11:46:28  INFO      Iniciando: WinforceProvincia2026.py [INCREMENTAL]
11:47:17  INFO      OK (48s): WinforceProvincia2026.py
11:47:17  INFO          Iniciando automatización con Playwright...
11:47:17  INFO          1. Accediendo a la pagina de login...
11:47:17  INFO          2. Iniciando sesion con Microsoft...
11:47:17  INFO             Escribiendo correo...
11:47:17  INFO             Escribiendo contrasena...
11:47:17  INFO             Pantalla '¿Mantener iniciada la sesión?'...
11:47:17  INFO          2.5 Redirigiendo de vuelta a Winforce y cargando Dashboard...
11:47:17  INFO             Dashboard cargado correctamente en intento 1.
11:47:17  INFO          3. Navegando al menu Ventas -> Ventas...
11:47:17  INFO             Submenu 'Ventas' clickeado.
11:47:17  INFO          4. Aplicando filtros (Desde - Hasta del mes actual)...
11:47:17  INFO             [MODO SEMANAL] Rango: 30-04-2026 al 07-05-2026
11:47:17  INFO          5. Dando clic en Buscar...
11:47:17  INFO          6. Esperando resultados de la busqueda...
11:47:17  INFO          7. Descargando Excel...
11:47:17  INFO          8. [OK] 301 registros guardados en: C:\Users\Usuario\Documents\Code Aliv\Python Automate\Descargas_Rápidas\descargas_winforce_Dept\Winforce_Provincia.xlsx
11:47:17  INFO             Iniciando carga a SQL Server...
11:47:17  INFO            [DB] Limpieza incremental desde 2026-04-30 en winforce_provincia
11:47:17  INFO            [DB] Carga incremental exitosa.
11:47:17  INFO          Cerrando navegador...
11:47:17  INFO      Iniciando: Zonificación_Lima.py [INCREMENTAL]
11:47:25  INFO      OK (8s): Zonificación_Lima.py
11:47:25  INFO          ============================================================
11:47:25  INFO            ALIV TELECOM - Clasificador de Zonas WinForce
11:47:25  INFO            Fuente: PARAMETROS_VENTAS.kml
11:47:25  INFO          ============================================================
11:47:25  INFO          [11:47:18] Leyendo KML...
11:47:25  INFO          [11:47:18]   Poligonos P2 (celeste): 129
11:47:25  INFO          [11:47:18]   Poligonos No Venta (rojo): 9
11:47:25  INFO          [11:47:18] Leyendo WinForce desde: descargas_winforce_Dept\Winforce_Lima.xlsx
11:47:25  INFO          [11:47:18]   Registros cargados: 622
11:47:25  INFO          [11:47:18]   Con coordenadas: 622
11:47:25  INFO          [11:47:18]   Sin coordenadas: 0
11:47:25  INFO          [11:47:18]   En bbox de Lima: 622
11:47:25  INFO          [11:47:18] Clasificando registros por zona (puede tardar 1-2 min)...
11:47:25  INFO          
11:47:25  INFO          ============================================================
11:47:25  INFO            RESULTADO DE CLASIFICACION
11:47:25  INFO          ============================================================
11:47:25  INFO            Sin modificación (201)          370  (59.5%)
11:47:25  INFO            Zona P2 (401)                   245  (39.4%)
11:47:25  INFO            No Venta                          7  (1.1%)
11:47:25  INFO          
11:47:25  INFO            Top distritos en Zona No Venta:
11:47:25  INFO              COMAS                              4
11:47:25  INFO              SAN JUAN DE LURIGANCHO             2
11:47:25  INFO              CARABAYLLO                         1
11:47:25  INFO          
11:47:25  INFO            Registros en Zona P2: 245
11:47:25  INFO          ============================================================
11:47:25  INFO          [11:47:19] Modificando archivo original: descargas_winforce_Dept\Winforce_Lima.xlsx...
11:47:25  INFO          [11:47:23] Cambios aplicados correctamente en: descargas_winforce_Dept\Winforce_Lima.xlsx
11:47:25  INFO          
11:47:25  INFO          ============================================================
11:47:25  INFO            [OK] PROCESO COMPLETADO - ARCHIVO ACTUALIZADO
11:47:25  INFO            Ruta: descargas_winforce_Dept\Winforce_Lima.xlsx
11:47:25  INFO            Hojas actualizadas:
11:47:25  INFO              1. Resumen — conteo por zona
11:47:25  INFO              2. No Venta — registros críticos
11:47:25  INFO              3. Data Completa — todos los registros con Zona_KML
11:47:25  INFO          
11:47:25  INFO            Nota: El archivo original ha sido modificado con la
11:47:25  INFO            nueva clasificación. Ya puedes usarlo en Power BI.
11:47:25  INFO          ============================================================
11:47:25  INFO          
11:47:25  INFO            Iniciando carga a SQL Server (winforce_lima)...
11:47:25  INFO            [DB] Limpieza incremental desde 2026-04-30 en winforce_lima
11:47:25  INFO            [DB] Carga incremental exitosa.
11:47:25  INFO          
11:47:25  INFO          Zonificacion exitosa
11:47:25  INFO      Fase semanal completada.
11:47:25  INFO      =======================================================
11:47:25  INFO        PIPELINE FINALIZADO
11:47:25  INFO      =======================================================
11:47:25  INFO      Log completo en: C:\Users\Usuario\Documents\Code Aliv\Python Automate\Descargas_Rápidas\logs\pipeline_2026-05-07_11-45-27.log
