14:49:33  INFO      Log guardado en: C:\Users\Usuario\Documents\Code Aliv\Python Automate\Descargas_Rápidas\logs\pipeline_2026-05-08_14-49-33.log
14:49:33  INFO      Fecha de ejecucion: 2026-05-08 14:49
14:49:33  INFO      =======================================================
14:49:33  INFO        SEMANAL: ESTA SEMANA
14:49:33  INFO      =======================================================
14:49:33  INFO      Iniciando: WinforceLima2026.py [INCREMENTAL]
14:50:26  INFO      OK (53s): WinforceLima2026.py
14:50:26  INFO          Iniciando automatización con Playwright...
14:50:26  INFO          1. Accediendo a la pagina de login...
14:50:26  INFO             Pagina cargada: Login Page - URL: https://accesoventas.win.pe/
14:50:26  INFO          2. Iniciando sesion con Microsoft...
14:50:26  INFO             Escribiendo correo...
14:50:26  INFO             Escribiendo contrasena...
14:50:26  INFO             Pantalla '¿Mantener iniciada la sesión?'...
14:50:26  INFO          2.5 Redirigiendo de vuelta a Winforce y cargando Dashboard...
14:50:26  INFO             Dashboard cargado correctamente en intento 1.
14:50:26  INFO          3. Navegando al menu Ventas -> Ventas...
14:50:26  INFO             Submenu 'Ventas' clickeado.
14:50:26  INFO          4. Aplicando filtros (Desde - Hasta del mes actual)...
14:50:26  INFO             [MODO SEMANAL] Rango: 01-05-2026 al 08-05-2026
14:50:26  INFO          5. Dando clic en Buscar...
14:50:26  INFO          6. Esperando resultados de la busqueda...
14:50:26  INFO          7. Descargando Excel...
14:50:26  INFO          8. [OK] 672 registros guardados en: C:\Users\Usuario\Documents\Code Aliv\Python Automate\Descargas_Rápidas\descargas_winforce_Dept\Winforce_Lima.xlsx
14:50:26  INFO          Cerrando navegador...
14:50:26  INFO      Iniciando: WinforceProvincia2026.py [INCREMENTAL]
14:51:22  INFO      OK (55s): WinforceProvincia2026.py
14:51:22  INFO          Iniciando automatización con Playwright...
14:51:22  INFO          1. Accediendo a la pagina de login...
14:51:22  INFO          2. Iniciando sesion con Microsoft...
14:51:22  INFO             Escribiendo correo...
14:51:22  INFO             Escribiendo contrasena...
14:51:22  INFO             Pantalla '¿Mantener iniciada la sesión?'...
14:51:22  INFO          2.5 Redirigiendo de vuelta a Winforce y cargando Dashboard...
14:51:22  INFO             Dashboard cargado correctamente en intento 1.
14:51:22  INFO          3. Navegando al menu Ventas -> Ventas...
14:51:22  INFO             Submenu 'Ventas' clickeado.
14:51:22  INFO          4. Aplicando filtros (Desde - Hasta del mes actual)...
14:51:22  INFO             [MODO SEMANAL] Rango: 01-05-2026 al 08-05-2026
14:51:22  INFO          5. Dando clic en Buscar...
14:51:22  INFO          6. Esperando resultados de la busqueda...
14:51:22  INFO          7. Descargando Excel...
14:51:22  INFO          8. [OK] 294 registros guardados en: C:\Users\Usuario\Documents\Code Aliv\Python Automate\Descargas_Rápidas\descargas_winforce_Dept\Winforce_Provincia.xlsx
14:51:22  INFO             Iniciando carga a SQL Server...
14:51:22  INFO            [DB] Limpieza incremental desde 2026-05-01 en winforce_provincia
14:51:22  INFO            [DB] Carga incremental exitosa.
14:51:22  INFO          Cerrando navegador...
14:51:22  INFO      Iniciando: Zonificación_Lima.py [INCREMENTAL]
14:51:36  INFO      OK (14s): Zonificación_Lima.py
14:51:36  INFO          ============================================================
14:51:36  INFO            ALIV TELECOM - Clasificador de Zonas WinForce
14:51:36  INFO            Fuente: PARAMETROS_VENTAS.kml
14:51:36  INFO          ============================================================
14:51:36  INFO          [14:51:24] Leyendo KML...
14:51:36  INFO          [14:51:24]   Poligonos P2 (celeste): 129
14:51:36  INFO          [14:51:24]   Poligonos No Venta (rojo): 9
14:51:36  INFO          [14:51:24] Leyendo WinForce desde: descargas_winforce_Dept\Winforce_Lima.xlsx
14:51:36  INFO          [14:51:24]   Registros cargados: 672
14:51:36  INFO          [14:51:24]   Con coordenadas: 672
14:51:36  INFO          [14:51:24]   Sin coordenadas: 0
14:51:36  INFO          [14:51:24]   En bbox de Lima: 672
14:51:36  INFO          [14:51:24] Clasificando registros por zona (puede tardar 1-2 min)...
14:51:36  INFO          
14:51:36  INFO          ============================================================
14:51:36  INFO            RESULTADO DE CLASIFICACION
14:51:36  INFO          ============================================================
14:51:36  INFO            Sin modificación (201)          434  (64.6%)
14:51:36  INFO            Zona P2 (401)                   230  (34.2%)
14:51:36  INFO            No Venta                          8  (1.2%)
14:51:36  INFO          
14:51:36  INFO            Top distritos en Zona No Venta:
14:51:36  INFO              COMAS                              4
14:51:36  INFO              SAN JUAN DE LURIGANCHO             3
14:51:36  INFO              CARABAYLLO                         1
14:51:36  INFO          
14:51:36  INFO            Registros en Zona P2: 230
14:51:36  INFO          ============================================================
14:51:36  INFO          [14:51:25] Modificando archivo original: descargas_winforce_Dept\Winforce_Lima.xlsx...
14:51:36  INFO          [14:51:30] Cambios aplicados correctamente en: descargas_winforce_Dept\Winforce_Lima.xlsx
14:51:36  INFO          
14:51:36  INFO          ============================================================
14:51:36  INFO            [OK] PROCESO COMPLETADO - ARCHIVO ACTUALIZADO
14:51:36  INFO            Ruta: descargas_winforce_Dept\Winforce_Lima.xlsx
14:51:36  INFO            Hojas actualizadas:
14:51:36  INFO              1. Resumen — conteo por zona
14:51:36  INFO              2. No Venta — registros críticos
14:51:36  INFO              3. Data Completa — todos los registros con Zona_KML
14:51:36  INFO          
14:51:36  INFO            Nota: El archivo original ha sido modificado con la
14:51:36  INFO            nueva clasificación. Ya puedes usarlo en Power BI.
14:51:36  INFO          ============================================================
14:51:36  INFO          
14:51:36  INFO            Iniciando carga a SQL Server (winforce_lima)...
14:51:36  INFO            [DB] Limpieza incremental desde 2026-05-01 en winforce_lima
14:51:36  INFO            [DB] Carga incremental exitosa.
14:51:36  INFO          
14:51:36  INFO          Zonificacion exitosa
14:51:36  INFO      Fase semanal completada.
14:51:36  INFO      =======================================================
14:51:36  INFO        PIPELINE FINALIZADO
14:51:36  INFO      =======================================================
14:51:36  INFO      Log completo en: C:\Users\Usuario\Documents\Code Aliv\Python Automate\Descargas_Rápidas\logs\pipeline_2026-05-08_14-49-33.log
