12:24:51  INFO      Log guardado en: C:\Users\Usuario\Documents\Code Aliv\Python Automate\Descargas_Rápidas\logs\pipeline_2026-05-09_12-24-51.log
12:24:51  INFO      Fecha de ejecucion: 2026-05-09 12:24
12:24:51  INFO      =======================================================
12:24:51  INFO        SEMANAL: ESTA SEMANA
12:24:51  INFO      =======================================================
12:24:51  INFO      Iniciando: WinforceLima2026.py [INCREMENTAL]
12:26:13  INFO      OK (82s): WinforceLima2026.py
12:26:13  INFO          Iniciando automatización con Playwright...
12:26:13  INFO          1. Accediendo a la pagina de login...
12:26:13  INFO             Pagina cargada: Login Page - URL: https://accesoventas.win.pe/
12:26:13  INFO          2. Iniciando sesion con Microsoft...
12:26:13  INFO             Escribiendo correo...
12:26:13  INFO             Escribiendo contrasena...
12:26:13  INFO             Pantalla '¿Mantener iniciada la sesión?'...
12:26:13  INFO          2.5 Redirigiendo de vuelta a Winforce y cargando Dashboard...
12:26:13  INFO             Dashboard cargado correctamente en intento 1.
12:26:13  INFO          3. Navegando al menu Ventas -> Ventas...
12:26:13  INFO             Submenu 'Ventas' clickeado.
12:26:13  INFO          4. Aplicando filtros (Desde - Hasta del mes actual)...
12:26:13  INFO             [MODO SEMANAL] Rango: 02-05-2026 al 09-05-2026
12:26:13  INFO          5. Dando clic en Buscar...
12:26:13  INFO          6. Esperando resultados de la busqueda...
12:26:13  INFO          7. Descargando Excel...
12:26:13  INFO          8. [OK] 763 registros guardados en: C:\Users\Usuario\Documents\Code Aliv\Python Automate\Descargas_Rápidas\descargas_winforce_Dept\Winforce_Lima.xlsx
12:26:13  INFO          Cerrando navegador...
12:26:13  INFO      Iniciando: WinforceProvincia2026.py [INCREMENTAL]
12:27:09  INFO      OK (55s): WinforceProvincia2026.py
12:27:09  INFO          Iniciando automatización con Playwright...
12:27:09  INFO          1. Accediendo a la pagina de login...
12:27:09  INFO          2. Iniciando sesion con Microsoft...
12:27:09  INFO             Escribiendo correo...
12:27:09  INFO             Escribiendo contrasena...
12:27:09  INFO             Pantalla '¿Mantener iniciada la sesión?'...
12:27:09  INFO          2.5 Redirigiendo de vuelta a Winforce y cargando Dashboard...
12:27:09  INFO             Dashboard cargado correctamente en intento 1.
12:27:09  INFO          3. Navegando al menu Ventas -> Ventas...
12:27:09  INFO             Submenu 'Ventas' clickeado.
12:27:09  INFO          4. Aplicando filtros (Desde - Hasta del mes actual)...
12:27:09  INFO             [MODO SEMANAL] Rango: 02-05-2026 al 09-05-2026
12:27:09  INFO          5. Dando clic en Buscar...
12:27:09  INFO          6. Esperando resultados de la busqueda...
12:27:09  INFO          7. Descargando Excel...
12:27:09  INFO          8. [OK] 334 registros guardados en: C:\Users\Usuario\Documents\Code Aliv\Python Automate\Descargas_Rápidas\descargas_winforce_Dept\Winforce_Provincia.xlsx
12:27:09  INFO             Iniciando carga a SQL Server...
12:27:09  INFO            [DB] Limpieza incremental desde 2026-05-02 en winforce_provincia
12:27:09  INFO            [DB] Carga incremental exitosa.
12:27:09  INFO          Cerrando navegador...
12:27:09  INFO      Iniciando: Zonificación_Lima.py [INCREMENTAL]
12:27:28  INFO      OK (18s): Zonificación_Lima.py
12:27:28  INFO          ============================================================
12:27:28  INFO            ALIV TELECOM - Clasificador de Zonas WinForce
12:27:28  INFO            Fuente: PARAMETROS_VENTAS.kml
12:27:28  INFO          ============================================================
12:27:28  INFO          [12:27:11] Leyendo KML...
12:27:28  INFO          [12:27:12]   Poligonos P2 (celeste): 129
12:27:28  INFO          [12:27:12]   Poligonos No Venta (rojo): 9
12:27:28  INFO          [12:27:12] Leyendo WinForce desde: descargas_winforce_Dept\Winforce_Lima.xlsx
12:27:28  INFO          [12:27:12]   Registros cargados: 763
12:27:28  INFO          [12:27:12]   Con coordenadas: 763
12:27:28  INFO          [12:27:12]   Sin coordenadas: 0
12:27:28  INFO          [12:27:12]   En bbox de Lima: 763
12:27:28  INFO          [12:27:12] Clasificando registros por zona (puede tardar 1-2 min)...
12:27:28  INFO          
12:27:28  INFO          ============================================================
12:27:28  INFO            RESULTADO DE CLASIFICACION
12:27:28  INFO          ============================================================
12:27:28  INFO            Sin modificación (201)          500  (65.5%)
12:27:28  INFO            Zona P2 (401)                   256  (33.6%)
12:27:28  INFO            No Venta                          7  (0.9%)
12:27:28  INFO          
12:27:28  INFO            Top distritos en Zona No Venta:
12:27:28  INFO              COMAS                              4
12:27:28  INFO              SAN JUAN DE LURIGANCHO             2
12:27:28  INFO              CARABAYLLO                         1
12:27:28  INFO          
12:27:28  INFO            Registros en Zona P2: 256
12:27:28  INFO          ============================================================
12:27:28  INFO          [12:27:13] Modificando archivo original: descargas_winforce_Dept\Winforce_Lima.xlsx...
12:27:28  INFO          [12:27:20] Cambios aplicados correctamente en: descargas_winforce_Dept\Winforce_Lima.xlsx
12:27:28  INFO          
12:27:28  INFO          ============================================================
12:27:28  INFO            [OK] PROCESO COMPLETADO - ARCHIVO ACTUALIZADO
12:27:28  INFO            Ruta: descargas_winforce_Dept\Winforce_Lima.xlsx
12:27:28  INFO            Hojas actualizadas:
12:27:28  INFO              1. Resumen — conteo por zona
12:27:28  INFO              2. No Venta — registros críticos
12:27:28  INFO              3. Data Completa — todos los registros con Zona_KML
12:27:28  INFO          
12:27:28  INFO            Nota: El archivo original ha sido modificado con la
12:27:28  INFO            nueva clasificación. Ya puedes usarlo en Power BI.
12:27:28  INFO          ============================================================
12:27:28  INFO          
12:27:28  INFO            Iniciando carga a SQL Server (winforce_lima)...
12:27:28  INFO            [DB] Limpieza incremental desde 2026-05-02 en winforce_lima
12:27:28  INFO            [DB] Carga incremental exitosa.
12:27:28  INFO          
12:27:28  INFO          Zonificacion exitosa
12:27:28  INFO      Fase semanal completada.
12:27:28  INFO      =======================================================
12:27:28  INFO        PIPELINE FINALIZADO
12:27:28  INFO      =======================================================
12:27:28  INFO      Log completo en: C:\Users\Usuario\Documents\Code Aliv\Python Automate\Descargas_Rápidas\logs\pipeline_2026-05-09_12-24-51.log
