11:45:02  INFO      Log guardado en: C:\Users\Usuario\Documents\Code Aliv\Python Automate\Descargas_Rápidas\logs\pipeline_2026-05-11_11-45-02.log
11:45:02  INFO      Fecha de ejecucion: 2026-05-11 11:45
11:45:02  INFO      =======================================================
11:45:02  INFO        SEMANAL: ESTA SEMANA
11:45:02  INFO      =======================================================
11:45:02  INFO      Iniciando: WinforceLima2026.py [INCREMENTAL]
11:46:06  INFO      OK (63s): WinforceLima2026.py
11:46:06  INFO          Iniciando automatización con Playwright...
11:46:06  INFO          1. Accediendo a la pagina de login...
11:46:06  INFO             Pagina cargada: Login Page - URL: https://accesoventas.win.pe/
11:46:06  INFO          2. Iniciando sesion con Microsoft...
11:46:06  INFO             Escribiendo correo...
11:46:06  INFO             Escribiendo contrasena...
11:46:06  INFO             Pantalla '¿Mantener iniciada la sesión?'...
11:46:06  INFO          2.5 Redirigiendo de vuelta a Winforce y cargando Dashboard...
11:46:06  INFO             Dashboard cargado correctamente en intento 1.
11:46:06  INFO          3. Navegando al menu Ventas -> Ventas...
11:46:06  INFO             Submenu 'Ventas' clickeado.
11:46:06  INFO          4. Aplicando filtros (Desde - Hasta del mes actual)...
11:46:06  INFO             [MODO SEMANAL] Rango: 04-05-2026 al 11-05-2026
11:46:06  INFO          5. Dando clic en Buscar...
11:46:06  INFO          6. Esperando resultados de la busqueda...
11:46:06  INFO          7. Descargando Excel...
11:46:06  INFO          8. [OK] 738 registros guardados en: C:\Users\Usuario\Documents\Code Aliv\Python Automate\Descargas_Rápidas\descargas_winforce_Dept\Winforce_Lima.xlsx
11:46:06  INFO          Cerrando navegador...
11:46:06  INFO      Iniciando: WinforceProvincia2026.py [INCREMENTAL]
11:46:56  INFO      OK (50s): WinforceProvincia2026.py
11:46:56  INFO          Iniciando automatización con Playwright...
11:46:56  INFO          1. Accediendo a la pagina de login...
11:46:56  INFO          2. Iniciando sesion con Microsoft...
11:46:56  INFO             Escribiendo correo...
11:46:56  INFO             Escribiendo contrasena...
11:46:56  INFO             Pantalla '¿Mantener iniciada la sesión?'...
11:46:56  INFO          2.5 Redirigiendo de vuelta a Winforce y cargando Dashboard...
11:46:56  INFO             Dashboard cargado correctamente en intento 1.
11:46:56  INFO          3. Navegando al menu Ventas -> Ventas...
11:46:56  INFO             Submenu 'Ventas' clickeado.
11:46:56  INFO          4. Aplicando filtros (Desde - Hasta del mes actual)...
11:46:56  INFO             [MODO SEMANAL] Rango: 04-05-2026 al 11-05-2026
11:46:56  INFO          5. Dando clic en Buscar...
11:46:56  INFO          6. Esperando resultados de la busqueda...
11:46:56  INFO          7. Descargando Excel...
11:46:56  INFO          8. [OK] 307 registros guardados en: C:\Users\Usuario\Documents\Code Aliv\Python Automate\Descargas_Rápidas\descargas_winforce_Dept\Winforce_Provincia.xlsx
11:46:56  INFO             Iniciando carga a SQL Server...
11:46:56  INFO            [DB] Limpieza incremental desde 2026-05-04 en winforce_provincia
11:46:56  INFO            [DB] Carga incremental exitosa.
11:46:56  INFO          Cerrando navegador...
11:46:56  INFO      Iniciando: Zonificación_Lima.py [INCREMENTAL]
11:47:07  INFO      OK (10s): Zonificación_Lima.py
11:47:07  INFO          ============================================================
11:47:07  INFO            ALIV TELECOM - Clasificador de Zonas WinForce
11:47:07  INFO            Fuente: PARAMETROS_VENTAS.kml
11:47:07  INFO          ============================================================
11:47:07  INFO          [11:46:57] Leyendo KML...
11:47:07  INFO          [11:46:57]   Poligonos P2 (celeste): 129
11:47:07  INFO          [11:46:57]   Poligonos No Venta (rojo): 9
11:47:07  INFO          [11:46:57] Leyendo WinForce desde: descargas_winforce_Dept\Winforce_Lima.xlsx
11:47:07  INFO          [11:46:58]   Registros cargados: 738
11:47:07  INFO          [11:46:58]   Con coordenadas: 738
11:47:07  INFO          [11:46:58]   Sin coordenadas: 0
11:47:07  INFO          [11:46:58]   En bbox de Lima: 738
11:47:07  INFO          [11:46:58] Clasificando registros por zona (puede tardar 1-2 min)...
11:47:07  INFO          
11:47:07  INFO          ============================================================
11:47:07  INFO            RESULTADO DE CLASIFICACION
11:47:07  INFO          ============================================================
11:47:07  INFO            Sin modificación (201)          507  (68.7%)
11:47:07  INFO            Zona P2 (401)                   225  (30.5%)
11:47:07  INFO            No Venta                          6  (0.8%)
11:47:07  INFO          
11:47:07  INFO            Top distritos en Zona No Venta:
11:47:07  INFO              COMAS                              4
11:47:07  INFO              SAN JUAN DE LURIGANCHO             1
11:47:07  INFO              CARABAYLLO                         1
11:47:07  INFO          
11:47:07  INFO            Registros en Zona P2: 225
11:47:07  INFO          ============================================================
11:47:07  INFO          [11:46:58] Modificando archivo original: descargas_winforce_Dept\Winforce_Lima.xlsx...
11:47:07  INFO          [11:47:03] Cambios aplicados correctamente en: descargas_winforce_Dept\Winforce_Lima.xlsx
11:47:07  INFO          
11:47:07  INFO          ============================================================
11:47:07  INFO            [OK] PROCESO COMPLETADO - ARCHIVO ACTUALIZADO
11:47:07  INFO            Ruta: descargas_winforce_Dept\Winforce_Lima.xlsx
11:47:07  INFO            Hojas actualizadas:
11:47:07  INFO              1. Resumen — conteo por zona
11:47:07  INFO              2. No Venta — registros críticos
11:47:07  INFO              3. Data Completa — todos los registros con Zona_KML
11:47:07  INFO          
11:47:07  INFO            Nota: El archivo original ha sido modificado con la
11:47:07  INFO            nueva clasificación. Ya puedes usarlo en Power BI.
11:47:07  INFO          ============================================================
11:47:07  INFO          
11:47:07  INFO            Iniciando carga a SQL Server (winforce_lima)...
11:47:07  INFO            [DB] Limpieza incremental desde 2026-05-04 en winforce_lima
11:47:07  INFO            [DB] Carga incremental exitosa.
11:47:07  INFO          
11:47:07  INFO          Zonificacion exitosa
11:47:07  INFO      Fase semanal completada.
11:47:07  INFO      =======================================================
11:47:07  INFO        PIPELINE FINALIZADO
11:47:07  INFO      =======================================================
11:47:07  INFO      Log completo en: C:\Users\Usuario\Documents\Code Aliv\Python Automate\Descargas_Rápidas\logs\pipeline_2026-05-11_11-45-02.log
