17:35:50  INFO      Log guardado en: C:\Users\Usuario\Documents\Code Aliv\Python Automate\Descargas_Rápidas\logs\pipeline_2026-05-05_17-35-50.log
17:35:50  INFO      Fecha de ejecucion: 2026-05-05 17:35
17:35:50  INFO      =======================================================
17:35:50  INFO        FASE 1: DESCARGAS Y CONSOLIDACION
17:35:50  INFO      =======================================================
17:35:50  INFO      Iniciando: WinforceLima2026.py [INCREMENTAL]
17:36:41  INFO      OK (51s): WinforceLima2026.py
17:36:41  INFO          Iniciando automatización con Playwright...
17:36:41  INFO          1. Accediendo a la pagina de login...
17:36:41  INFO             Pagina cargada: Login Page - URL: https://accesoventas.win.pe/
17:36:41  INFO          2. Iniciando sesion con Microsoft...
17:36:41  INFO             Escribiendo correo...
17:36:41  INFO             Escribiendo contrasena...
17:36:41  INFO             Pantalla '¿Mantener iniciada la sesión?'...
17:36:41  INFO          2.5 Redirigiendo de vuelta a Winforce y cargando Dashboard...
17:36:41  INFO          3. Navegando al menú Ventas -> Ventas...
17:36:41  INFO             Esperando el submenú...
17:36:41  INFO             Esperando que cargue la vista de ventas...
17:36:41  INFO          4. Aplicando filtros (Desde - Hasta del mes actual)...
17:36:41  INFO             [MODO INCREMENTAL] Descargando ultimos 7 dias.
17:36:41  INFO             Rango calculado: 28-04-2026 al 05-05-2026
17:36:41  INFO          5. Dando clic en Buscar...
17:36:41  INFO          6. Esperando a que el sistema traiga los registros...
17:36:41  INFO          7. Haciendo clic en el botón Descargar...
17:36:41  INFO             Convirtiendo venta.xls a .xlsx...
17:36:41  INFO             Detectado posible formato HTML, reintentando lectura...
17:36:41  INFO             Conversión exitosa.
17:36:41  INFO          8. [OK] El reporte se guardo correctamente en: C:\Users\Usuario\Documents\Code Aliv\Python Automate\Descargas_Rápidas\descargas_winforce_Dept\Winforce_Lima.xlsx
17:36:41  INFO          Cerrando navegador...
17:36:41  INFO      Iniciando: WinforceProvincia2026.py [INCREMENTAL]
17:37:29  INFO      OK (48s): WinforceProvincia2026.py
17:37:29  INFO          Iniciando automatización con Playwright...
17:37:29  INFO          1. Accediendo a la pagina de login...
17:37:29  INFO          2. Iniciando sesion con Microsoft...
17:37:29  INFO             Escribiendo correo...
17:37:29  INFO             Escribiendo contrasena...
17:37:29  INFO             Pantalla '¿Mantener iniciada la sesión?'...
17:37:29  INFO          2.5 Redirigiendo de vuelta a Winforce y cargando Dashboard...
17:37:29  INFO          3. Navegando al menú Ventas -> Ventas...
17:37:29  INFO             Esperando el submenú...
17:37:29  INFO             Esperando que cargue la vista de ventas...
17:37:29  INFO          4. Aplicando filtros (Desde - Hasta del mes actual)...
17:37:29  INFO             [MODO INCREMENTAL] Descargando ultimos 7 dias.
17:37:29  INFO             Rango calculado: 28-04-2026 al 05-05-2026
17:37:29  INFO          5. Dando clic en Buscar...
17:37:29  INFO          6. Esperando a que el sistema traiga los registros...
17:37:29  INFO          7. Haciendo clic en el botón Descargar...
17:37:29  INFO             Convirtiendo venta.xls a .xlsx...
17:37:29  INFO             Detectado posible formato HTML, reintentando lectura...
17:37:29  INFO             Conversión exitosa.
17:37:29  INFO          8. [OK] El reporte se guardo correctamente en: C:\Users\Usuario\Documents\Code Aliv\Python Automate\Descargas_Rápidas\descargas_winforce_Dept\Winforce_Provincia.xlsx
17:37:29  INFO             Iniciando carga a SQL Server...
17:37:29  INFO            [SQL] Registros borrados desde 2026-04-28 en winforce_provincia
17:37:29  INFO            [SQL] Carga incremental exitosa (343 registros agregados)
17:37:29  INFO          Cerrando navegador...
17:37:29  INFO      Iniciando: Zonificación_Lima.py [INCREMENTAL]
17:37:42  INFO      OK (12s): Zonificación_Lima.py
17:37:42  INFO          ============================================================
17:37:42  INFO            ALIV TELECOM - Clasificador de Zonas WinForce
17:37:42  INFO            Fuente: PARAMETROS_VENTAS.kml
17:37:42  INFO          ============================================================
17:37:42  INFO          [17:37:31] Leyendo KML...
17:37:42  INFO          [17:37:31]   Poligonos P2 (celeste): 129
17:37:42  INFO          [17:37:31]   Poligonos No Venta (rojo): 9
17:37:42  INFO          [17:37:31] Leyendo WinForce desde: descargas_winforce_Dept\Winforce_Lima.xlsx
17:37:42  INFO          [17:37:32]   Registros cargados: 612
17:37:42  INFO          [17:37:32]   Con coordenadas: 612
17:37:42  INFO          [17:37:32]   Sin coordenadas: 0
17:37:42  INFO          [17:37:32]   En bbox de Lima: 612
17:37:42  INFO          [17:37:32] Clasificando registros por zona (puede tardar 1-2 min)...
17:37:42  INFO          
17:37:42  INFO          ============================================================
17:37:42  INFO            RESULTADO DE CLASIFICACION
17:37:42  INFO          ============================================================
17:37:42  INFO            Sin modificación (201)          355  (58.0%)
17:37:42  INFO            Zona P2 (401)                   254  (41.5%)
17:37:42  INFO            No Venta                          3  (0.5%)
17:37:42  INFO          
17:37:42  INFO            Top distritos en Zona No Venta:
17:37:42  INFO              SAN JUAN DE LURIGANCHO             2
17:37:42  INFO              COMAS                              1
17:37:42  INFO          
17:37:42  INFO            Registros en Zona P2: 254
17:37:42  INFO          ============================================================
17:37:42  INFO          [17:37:32] Modificando archivo original: descargas_winforce_Dept\Winforce_Lima.xlsx...
17:37:42  INFO          [17:37:38] Cambios aplicados correctamente en: descargas_winforce_Dept\Winforce_Lima.xlsx
17:37:42  INFO          
17:37:42  INFO          ============================================================
17:37:42  INFO            [OK] PROCESO COMPLETADO - ARCHIVO ACTUALIZADO
17:37:42  INFO            Ruta: descargas_winforce_Dept\Winforce_Lima.xlsx
17:37:42  INFO            Hojas actualizadas:
17:37:42  INFO              1. Resumen — conteo por zona
17:37:42  INFO              2. No Venta — registros críticos
17:37:42  INFO              3. Data Completa — todos los registros con Zona_KML
17:37:42  INFO          
17:37:42  INFO            Nota: El archivo original ha sido modificado con la
17:37:42  INFO            nueva clasificación. Ya puedes usarlo en Power BI.
17:37:42  INFO          ============================================================
17:37:42  INFO          
17:37:42  INFO            Iniciando carga a SQL Server (winforce_lima)...
17:37:42  INFO            [SQL] Registros borrados desde 2026-04-28 en winforce_lima
17:37:42  INFO            [SQL] Carga incremental exitosa (612 registros agregados)
17:37:42  INFO          
17:37:42  INFO          Zonificacion exitosa
17:37:42  INFO      Fase 1 completada.
17:37:42  INFO      =======================================================
17:37:42  INFO        PIPELINE FINALIZADO
17:37:42  INFO      =======================================================
17:37:42  INFO      Log completo en: C:\Users\Usuario\Documents\Code Aliv\Python Automate\Descargas_Rápidas\logs\pipeline_2026-05-05_17-35-50.log
