12:48:13  INFO      Log guardado en: C:\Users\Usuario\Documents\Code Aliv\Python Automate\Descargas_Rápidas\logs\pipeline_2026-05-06_12-48-13.log
12:48:13  INFO      Fecha de ejecucion: 2026-05-06 12:48
12:48:13  INFO      =======================================================
12:48:13  INFO        FASE 1: DESCARGAS Y CONSOLIDACION
12:48:13  INFO      =======================================================
12:48:13  INFO      Iniciando: WinforceLima2026.py [INCREMENTAL]
12:49:07  ERROR     FALLO (53s): WinforceLima2026.py
12:49:07  ERROR         Iniciando automatización con Playwright...
12:49:07  ERROR         1. Accediendo a la pagina de login...
12:49:07  ERROR            Pagina cargada: Login Page - URL: https://accesoventas.win.pe/
12:49:07  ERROR         2. Iniciando sesion con Microsoft...
12:49:07  ERROR            Escribiendo correo...
12:49:07  ERROR            Escribiendo contrasena...
12:49:07  ERROR            Pantalla '¿Mantener iniciada la sesión?'...
12:49:07  ERROR         2.5 Redirigiendo de vuelta a Winforce y cargando Dashboard...
12:49:07  ERROR            [AVISO] Winforce mostro error 500. Clickeando 'Sign in' para reintentar...
12:49:07  ERROR            Reintento exitoso, continuando...
12:49:07  ERROR         3. Navegando al menu Ventas -> Ventas...
12:49:07  ERROR            Buscando menu Ventas...
12:49:07  ERROR         Ocurrio un error en la ejecucion: Locator.click: Timeout 30000ms exceeded.
12:49:07  ERROR         Call log:
12:49:07  ERROR           - waiting for get_by_text("Ventas", exact=True).first
12:49:07  ERROR         
12:49:07  ERROR         Se ha guardado 'error_ejecucion.png' para que puedas ver donde fallo.
12:49:07  ERROR         Cerrando navegador...
12:49:07  ERROR     Paso critico fallido — pipeline detenido.
12:49:07  ERROR     Pipeline detenido en Fase 1.
