16:45:01  INFO      Log guardado en: C:\Users\Usuario\Documents\Code Aliv\Python Automate\Descargas_Rápidas\logs\pipeline_2026-05-08_16-45-01.log
16:45:01  INFO      Fecha de ejecucion: 2026-05-08 16:45
16:45:01  INFO      =======================================================
16:45:01  INFO        SEMANAL: ESTA SEMANA
16:45:01  INFO      =======================================================
16:45:01  INFO      Iniciando: WinforceLima2026.py [INCREMENTAL]
16:45:53  INFO      OK (52s): WinforceLima2026.py
16:45:53  INFO          Iniciando automatización con Playwright...
16:45:53  INFO          1. Accediendo a la pagina de login...
16:45:53  INFO             Pagina cargada: Login Page - URL: https://accesoventas.win.pe/
16:45:53  INFO          2. Iniciando sesion con Microsoft...
16:45:53  INFO             Escribiendo correo...
16:45:53  INFO             Escribiendo contrasena...
16:45:53  INFO             Pantalla '¿Mantener iniciada la sesión?'...
16:45:53  INFO          2.5 Redirigiendo de vuelta a Winforce y cargando Dashboard...
16:45:53  INFO             Dashboard cargado correctamente en intento 1.
16:45:53  INFO          3. Navegando al menu Ventas -> Ventas...
16:45:53  INFO             Submenu 'Ventas' clickeado.
16:45:53  INFO          4. Aplicando filtros (Desde - Hasta del mes actual)...
16:45:53  INFO             [MODO SEMANAL] Rango: 01-05-2026 al 08-05-2026
16:45:53  INFO          5. Dando clic en Buscar...
16:45:53  INFO          6. Esperando resultados de la busqueda...
16:45:53  INFO          7. Descargando Excel...
16:45:53  INFO          8. [OK] 702 registros guardados en: C:\Users\Usuario\Documents\Code Aliv\Python Automate\Descargas_Rápidas\descargas_winforce_Dept\Winforce_Lima.xlsx
16:45:53  INFO          Cerrando navegador...
16:45:53  INFO      Iniciando: WinforceProvincia2026.py [INCREMENTAL]
16:46:44  INFO      OK (50s): WinforceProvincia2026.py
16:46:44  INFO          Iniciando automatización con Playwright...
16:46:44  INFO          1. Accediendo a la pagina de login...
16:46:44  INFO          2. Iniciando sesion con Microsoft...
16:46:44  INFO             Escribiendo correo...
16:46:44  INFO             Escribiendo contrasena...
16:46:44  INFO             Pantalla '¿Mantener iniciada la sesión?'...
16:46:44  INFO          2.5 Redirigiendo de vuelta a Winforce y cargando Dashboard...
16:46:44  INFO             Dashboard cargado correctamente en intento 1.
16:46:44  INFO          3. Navegando al menu Ventas -> Ventas...
16:46:44  INFO             Submenu 'Ventas' clickeado.
16:46:44  INFO          4. Aplicando filtros (Desde - Hasta del mes actual)...
16:46:44  INFO             [MODO SEMANAL] Rango: 01-05-2026 al 08-05-2026
16:46:44  INFO          5. Dando clic en Buscar...
16:46:44  INFO          6. Esperando resultados de la busqueda...
16:46:44  INFO          7. Descargando Excel...
16:46:44  INFO          8. [OK] 306 registros guardados en: C:\Users\Usuario\Documents\Code Aliv\Python Automate\Descargas_Rápidas\descargas_winforce_Dept\Winforce_Provincia.xlsx
16:46:44  INFO             Iniciando carga a SQL Server...
16:46:44  INFO            [DB] Limpieza incremental desde 2026-05-01 en winforce_provincia
16:46:44  INFO            [DB] Carga incremental exitosa.
16:46:44  INFO          Cerrando navegador...
16:46:44  INFO      Iniciando: Zonificación_Lima.py [INCREMENTAL]
16:46:53  INFO      OK (9s): Zonificación_Lima.py
16:46:53  INFO          ============================================================
16:46:53  INFO            ALIV TELECOM - Clasificador de Zonas WinForce
16:46:53  INFO            Fuente: PARAMETROS_VENTAS.kml
16:46:53  INFO          ============================================================
16:46:53  INFO          [16:46:45] Leyendo KML...
16:46:53  INFO          [16:46:45]   Poligonos P2 (celeste): 129
16:46:53  INFO          [16:46:45]   Poligonos No Venta (rojo): 9
16:46:53  INFO          [16:46:45] Leyendo WinForce desde: descargas_winforce_Dept\Winforce_Lima.xlsx
16:46:53  INFO          [16:46:45]   Registros cargados: 702
16:46:53  INFO          [16:46:45]   Con coordenadas: 702
16:46:53  INFO          [16:46:45]   Sin coordenadas: 0
16:46:53  INFO          [16:46:45]   En bbox de Lima: 702
16:46:53  INFO          [16:46:45] Clasificando registros por zona (puede tardar 1-2 min)...
16:46:53  INFO          
16:46:53  INFO          ============================================================
16:46:53  INFO            RESULTADO DE CLASIFICACION
16:46:53  INFO          ============================================================
16:46:53  INFO            Sin modificación (201)          456  (65.0%)
16:46:53  INFO            Zona P2 (401)                   238  (33.9%)
16:46:53  INFO            No Venta                          8  (1.1%)
16:46:53  INFO          
16:46:53  INFO            Top distritos en Zona No Venta:
16:46:53  INFO              COMAS                              4
16:46:53  INFO              SAN JUAN DE LURIGANCHO             3
16:46:53  INFO              CARABAYLLO                         1
16:46:53  INFO          
16:46:53  INFO            Registros en Zona P2: 238
16:46:53  INFO          ============================================================
16:46:53  INFO          [16:46:46] Modificando archivo original: descargas_winforce_Dept\Winforce_Lima.xlsx...
16:46:53  INFO          [16:46:50] Cambios aplicados correctamente en: descargas_winforce_Dept\Winforce_Lima.xlsx
16:46:53  INFO          
16:46:53  INFO          ============================================================
16:46:53  INFO            [OK] PROCESO COMPLETADO - ARCHIVO ACTUALIZADO
16:46:53  INFO            Ruta: descargas_winforce_Dept\Winforce_Lima.xlsx
16:46:53  INFO            Hojas actualizadas:
16:46:53  INFO              1. Resumen — conteo por zona
16:46:53  INFO              2. No Venta — registros críticos
16:46:53  INFO              3. Data Completa — todos los registros con Zona_KML
16:46:53  INFO          
16:46:53  INFO            Nota: El archivo original ha sido modificado con la
16:46:53  INFO            nueva clasificación. Ya puedes usarlo en Power BI.
16:46:53  INFO          ============================================================
16:46:53  INFO          
16:46:53  INFO            Iniciando carga a SQL Server (winforce_lima)...
16:46:53  INFO            [DB] Limpieza incremental desde 2026-05-01 en winforce_lima
16:46:53  INFO            [DB] Carga incremental exitosa.
16:46:53  INFO          
16:46:53  INFO          Zonificacion exitosa
16:46:53  INFO      Fase semanal completada.
16:46:53  INFO      =======================================================
16:46:53  INFO        PIPELINE FINALIZADO
16:46:53  INFO      =======================================================
16:46:53  INFO      Log completo en: C:\Users\Usuario\Documents\Code Aliv\Python Automate\Descargas_Rápidas\logs\pipeline_2026-05-08_16-45-01.log
