09:36:31  INFO      Log guardado en: C:\Users\Usuario\Documents\Code Aliv\Python Automate\Descargas_Rápidas\logs\pipeline_2026-05-11_09-36-31.log
09:36:31  INFO      Fecha de ejecucion: 2026-05-11 09:36
09:36:31  INFO      =======================================================
09:36:31  INFO        SEMANAL: ESTA SEMANA
09:36:31  INFO      =======================================================
09:36:31  INFO      Iniciando: WinforceLima2026.py [INCREMENTAL]
09:37:31  INFO      OK (59s): WinforceLima2026.py
09:37:31  INFO          Iniciando automatización con Playwright...
09:37:31  INFO          1. Accediendo a la pagina de login...
09:37:31  INFO             Pagina cargada: Login Page - URL: https://accesoventas.win.pe/
09:37:31  INFO          2. Iniciando sesion con Microsoft...
09:37:31  INFO             Escribiendo correo...
09:37:31  INFO             Escribiendo contrasena...
09:37:31  INFO             Pantalla '¿Mantener iniciada la sesión?'...
09:37:31  INFO          2.5 Redirigiendo de vuelta a Winforce y cargando Dashboard...
09:37:31  INFO             Dashboard cargado correctamente en intento 1.
09:37:31  INFO          3. Navegando al menu Ventas -> Ventas...
09:37:31  INFO             Submenu 'Ventas' clickeado.
09:37:31  INFO          4. Aplicando filtros (Desde - Hasta del mes actual)...
09:37:31  INFO             [MODO SEMANAL] Rango: 04-05-2026 al 11-05-2026
09:37:31  INFO          5. Dando clic en Buscar...
09:37:31  INFO          6. Esperando resultados de la busqueda...
09:37:31  INFO          7. Descargando Excel...
09:37:31  INFO          8. [OK] 724 registros guardados en: C:\Users\Usuario\Documents\Code Aliv\Python Automate\Descargas_Rápidas\descargas_winforce_Dept\Winforce_Lima.xlsx
09:37:31  INFO          Cerrando navegador...
09:37:31  INFO      Iniciando: WinforceProvincia2026.py [INCREMENTAL]
09:38:27  INFO      OK (56s): WinforceProvincia2026.py
09:38:27  INFO          Iniciando automatización con Playwright...
09:38:27  INFO          1. Accediendo a la pagina de login...
09:38:27  INFO          2. Iniciando sesion con Microsoft...
09:38:27  INFO             Escribiendo correo...
09:38:27  INFO             Escribiendo contrasena...
09:38:27  INFO             Pantalla '¿Mantener iniciada la sesión?'...
09:38:27  INFO          2.5 Redirigiendo de vuelta a Winforce y cargando Dashboard...
09:38:27  INFO             Dashboard cargado correctamente en intento 1.
09:38:27  INFO          3. Navegando al menu Ventas -> Ventas...
09:38:27  INFO             Submenu 'Ventas' clickeado.
09:38:27  INFO          4. Aplicando filtros (Desde - Hasta del mes actual)...
09:38:27  INFO             [MODO SEMANAL] Rango: 04-05-2026 al 11-05-2026
09:38:27  INFO          5. Dando clic en Buscar...
09:38:27  INFO          6. Esperando resultados de la busqueda...
09:38:27  INFO          7. Descargando Excel...
09:38:27  INFO          8. [OK] 298 registros guardados en: C:\Users\Usuario\Documents\Code Aliv\Python Automate\Descargas_Rápidas\descargas_winforce_Dept\Winforce_Provincia.xlsx
09:38:27  INFO             Iniciando carga a SQL Server...
09:38:27  INFO            [DB] Limpieza incremental desde 2026-05-04 en winforce_provincia
09:38:27  INFO            [DB] Carga incremental exitosa.
09:38:27  INFO          Cerrando navegador...
09:38:27  INFO      Iniciando: Zonificación_Lima.py [INCREMENTAL]
09:38:52  INFO      OK (24s): Zonificación_Lima.py
09:38:52  INFO          ============================================================
09:38:52  INFO            ALIV TELECOM - Clasificador de Zonas WinForce
09:38:52  INFO            Fuente: PARAMETROS_VENTAS.kml
09:38:52  INFO          ============================================================
09:38:52  INFO          [09:38:30] Leyendo KML...
09:38:52  INFO          [09:38:30]   Poligonos P2 (celeste): 129
09:38:52  INFO          [09:38:30]   Poligonos No Venta (rojo): 9
09:38:52  INFO          [09:38:30] Leyendo WinForce desde: descargas_winforce_Dept\Winforce_Lima.xlsx
09:38:52  INFO          [09:38:31]   Registros cargados: 724
09:38:52  INFO          [09:38:31]   Con coordenadas: 724
09:38:52  INFO          [09:38:31]   Sin coordenadas: 0
09:38:52  INFO          [09:38:31]   En bbox de Lima: 724
09:38:52  INFO          [09:38:31] Clasificando registros por zona (puede tardar 1-2 min)...
09:38:52  INFO          
09:38:52  INFO          ============================================================
09:38:52  INFO            RESULTADO DE CLASIFICACION
09:38:52  INFO          ============================================================
09:38:52  INFO            Sin modificación (201)          494  (68.2%)
09:38:52  INFO            Zona P2 (401)                   224  (30.9%)
09:38:52  INFO            No Venta                          6  (0.8%)
09:38:52  INFO          
09:38:52  INFO            Top distritos en Zona No Venta:
09:38:52  INFO              COMAS                              4
09:38:52  INFO              SAN JUAN DE LURIGANCHO             1
09:38:52  INFO              CARABAYLLO                         1
09:38:52  INFO          
09:38:52  INFO            Registros en Zona P2: 224
09:38:52  INFO          ============================================================
09:38:52  INFO          [09:38:31] Modificando archivo original: descargas_winforce_Dept\Winforce_Lima.xlsx...
09:38:52  INFO          [09:38:44] Cambios aplicados correctamente en: descargas_winforce_Dept\Winforce_Lima.xlsx
09:38:52  INFO          
09:38:52  INFO          ============================================================
09:38:52  INFO            [OK] PROCESO COMPLETADO - ARCHIVO ACTUALIZADO
09:38:52  INFO            Ruta: descargas_winforce_Dept\Winforce_Lima.xlsx
09:38:52  INFO            Hojas actualizadas:
09:38:52  INFO              1. Resumen — conteo por zona
09:38:52  INFO              2. No Venta — registros críticos
09:38:52  INFO              3. Data Completa — todos los registros con Zona_KML
09:38:52  INFO          
09:38:52  INFO            Nota: El archivo original ha sido modificado con la
09:38:52  INFO            nueva clasificación. Ya puedes usarlo en Power BI.
09:38:52  INFO          ============================================================
09:38:52  INFO          
09:38:52  INFO            Iniciando carga a SQL Server (winforce_lima)...
09:38:52  INFO            [DB] Limpieza incremental desde 2026-05-04 en winforce_lima
09:38:52  INFO            [DB] Carga incremental exitosa.
09:38:52  INFO          
09:38:52  INFO          Zonificacion exitosa
09:38:52  INFO      Fase semanal completada.
09:38:52  INFO      =======================================================
09:38:52  INFO        PIPELINE FINALIZADO
09:38:52  INFO      =======================================================
09:38:52  INFO      Log completo en: C:\Users\Usuario\Documents\Code Aliv\Python Automate\Descargas_Rápidas\logs\pipeline_2026-05-11_09-36-31.log
