12:31:51  INFO      Log guardado en: C:\Users\Usuario\Documents\Code Aliv\Python Automate\Descargas_Rápidas\logs\pipeline_2026-05-06_12-31-51.log
12:31:51  INFO      Fecha de ejecucion: 2026-05-06 12:31
12:31:51  INFO      =======================================================
12:31:51  INFO        FASE 1: DESCARGAS Y CONSOLIDACION
12:31:51  INFO      =======================================================
12:31:51  INFO      Iniciando: WinforceLima2026.py [INCREMENTAL]
12:33:02  ERROR     FALLO (71s): WinforceLima2026.py
12:33:02  ERROR         Iniciando automatización con Playwright...
12:33:02  ERROR         1. Accediendo a la pagina de login...
12:33:02  ERROR            Pagina cargada: Login Page - URL: https://accesoventas.win.pe/
12:33:02  ERROR         2. Iniciando sesion con Microsoft...
12:33:02  ERROR            Escribiendo correo...
12:33:02  ERROR            Escribiendo contrasena...
12:33:03  ERROR            Pantalla '¿Mantener iniciada la sesión?'...
12:33:03  ERROR         2.5 Redirigiendo de vuelta a Winforce y cargando Dashboard...
12:33:03  ERROR         3. Navegando al menú Ventas -> Ventas...
12:33:03  ERROR            [AVISO] No se pudo navegar por el menú, intentando continuar: Locator.wait_for: Timeout 15000ms exceeded.
12:33:03  ERROR         Call log:
12:33:03  ERROR           - waiting for locator("nav, header").get_by_text("Ventas", exact=True).first to be visible
12:33:03  ERROR         
12:33:03  ERROR            Esperando que cargue la vista de ventas...
12:33:03  ERROR         4. Aplicando filtros (Desde - Hasta del mes actual)...
12:33:03  ERROR            [MODO INCREMENTAL] Descargando ultimos 7 dias.
12:33:03  ERROR            Rango calculado: 29-04-2026 al 06-05-2026
12:33:03  ERROR         Ocurrio un error en la ejecucion: Locator.evaluate: Timeout 30000ms exceeded.
12:33:03  ERROR         Call log:
12:33:03  ERROR           - waiting for locator("//*[contains(text(),'Desde')]/following::input[1]")
12:33:03  ERROR         
12:33:03  ERROR         Se ha guardado 'error_ejecucion.png' para que puedas ver donde fallo.
12:33:03  ERROR         Cerrando navegador...
12:33:03  ERROR     Paso critico fallido — pipeline detenido.
12:33:03  ERROR     Pipeline detenido en Fase 1.
