12:21:40  INFO      Log guardado en: C:\Users\Usuario\Documents\Code Aliv\Python Automate\Descargas_Rápidas\logs\pipeline_2026-05-06_12-21-40.log
12:21:40  INFO      Fecha de ejecucion: 2026-05-06 12:21
12:21:40  INFO      =======================================================
12:21:40  INFO        FASE 1: DESCARGAS Y CONSOLIDACION
12:21:40  INFO      =======================================================
12:21:40  INFO      Iniciando: WinforceLima2026.py [INCREMENTAL]
12:22:39  ERROR     FALLO (58s): WinforceLima2026.py
12:22:39  ERROR         Iniciando automatización con Playwright...
12:22:39  ERROR         1. Accediendo a la pagina de login...
12:22:39  ERROR            Pagina cargada: Login Page - URL: https://accesoventas.win.pe/
12:22:39  ERROR         2. Iniciando sesion con Microsoft...
12:22:39  ERROR            Escribiendo correo...
12:22:39  ERROR            Escribiendo contrasena...
12:22:39  ERROR            Pantalla '¿Mantener iniciada la sesión?'...
12:22:39  ERROR         2.5 Redirigiendo de vuelta a Winforce y cargando Dashboard...
12:22:39  ERROR         3. Navegando al menú Ventas -> Ventas...
12:22:39  ERROR         Ocurrio un error en la ejecucion: No se encontro el menu 'Ventas'. Revisa /ver-error
12:22:39  ERROR         Se ha guardado 'error_ejecucion.png' para que puedas ver donde fallo.
12:22:39  ERROR         Cerrando navegador...
12:22:39  ERROR     Paso critico fallido — pipeline detenido.
12:22:39  ERROR     Pipeline detenido en Fase 1.
