16:11:57  INFO      Log guardado en: C:\Users\Usuario\Documents\Code Aliv\Python Automate\Descargas_Rápidas\logs\pipeline_2026-05-08_16-11-57.log
16:11:57  INFO      Fecha de ejecucion: 2026-05-08 16:11
16:11:57  INFO      =======================================================
16:11:57  INFO        SEMANAL: ESTA SEMANA
16:11:57  INFO      =======================================================
16:11:57  INFO      Iniciando: WinforceLima2026.py [INCREMENTAL]
16:13:04  INFO      OK (67s): WinforceLima2026.py
16:13:04  INFO          Iniciando automatización con Playwright...
16:13:04  INFO          1. Accediendo a la pagina de login...
16:13:04  INFO             Pagina cargada: Login Page - URL: https://accesoventas.win.pe/
16:13:04  INFO          2. Iniciando sesion con Microsoft...
16:13:04  INFO             Escribiendo correo...
16:13:04  INFO             Escribiendo contrasena...
16:13:04  INFO             Pantalla '¿Mantener iniciada la sesión?'...
16:13:04  INFO          2.5 Redirigiendo de vuelta a Winforce y cargando Dashboard...
16:13:04  INFO             Dashboard cargado correctamente en intento 1.
16:13:04  INFO          3. Navegando al menu Ventas -> Ventas...
16:13:04  INFO             Submenu 'Ventas' clickeado.
16:13:04  INFO          4. Aplicando filtros (Desde - Hasta del mes actual)...
16:13:04  INFO             [MODO SEMANAL] Rango: 01-05-2026 al 08-05-2026
16:13:04  INFO          5. Dando clic en Buscar...
16:13:04  INFO          6. Esperando resultados de la busqueda...
16:13:04  INFO          7. Descargando Excel...
16:13:04  INFO          8. [OK] 692 registros guardados en: C:\Users\Usuario\Documents\Code Aliv\Python Automate\Descargas_Rápidas\descargas_winforce_Dept\Winforce_Lima.xlsx
16:13:04  INFO          Cerrando navegador...
16:13:04  INFO      Iniciando: WinforceProvincia2026.py [INCREMENTAL]
16:14:01  INFO      OK (56s): WinforceProvincia2026.py
16:14:01  INFO          Iniciando automatización con Playwright...
16:14:01  INFO          1. Accediendo a la pagina de login...
16:14:01  INFO          2. Iniciando sesion con Microsoft...
16:14:01  INFO             Escribiendo correo...
16:14:01  INFO             Escribiendo contrasena...
16:14:01  INFO             Pantalla '¿Mantener iniciada la sesión?'...
16:14:01  INFO          2.5 Redirigiendo de vuelta a Winforce y cargando Dashboard...
16:14:01  INFO             Dashboard cargado correctamente en intento 1.
16:14:01  INFO          3. Navegando al menu Ventas -> Ventas...
16:14:01  INFO             Submenu 'Ventas' clickeado.
16:14:01  INFO          4. Aplicando filtros (Desde - Hasta del mes actual)...
16:14:01  INFO             [MODO SEMANAL] Rango: 01-05-2026 al 08-05-2026
16:14:01  INFO          5. Dando clic en Buscar...
16:14:01  INFO          6. Esperando resultados de la busqueda...
16:14:01  INFO          7. Descargando Excel...
16:14:01  INFO          8. [OK] 302 registros guardados en: C:\Users\Usuario\Documents\Code Aliv\Python Automate\Descargas_Rápidas\descargas_winforce_Dept\Winforce_Provincia.xlsx
16:14:01  INFO             Iniciando carga a SQL Server...
16:14:01  INFO            [DB] Limpieza incremental desde 2026-05-01 en winforce_provincia
16:14:01  INFO            [DB] Carga incremental exitosa.
16:14:01  INFO          Cerrando navegador...
16:14:01  INFO      Iniciando: Zonificación_Lima.py [INCREMENTAL]
16:14:10  INFO      OK (8s): Zonificación_Lima.py
16:14:10  INFO          ============================================================
16:14:10  INFO            ALIV TELECOM - Clasificador de Zonas WinForce
16:14:10  INFO            Fuente: PARAMETROS_VENTAS.kml
16:14:10  INFO          ============================================================
16:14:10  INFO          [16:14:02] Leyendo KML...
16:14:10  INFO          [16:14:02]   Poligonos P2 (celeste): 129
16:14:10  INFO          [16:14:02]   Poligonos No Venta (rojo): 9
16:14:10  INFO          [16:14:02] Leyendo WinForce desde: descargas_winforce_Dept\Winforce_Lima.xlsx
16:14:10  INFO          [16:14:03]   Registros cargados: 692
16:14:10  INFO          [16:14:03]   Con coordenadas: 692
16:14:10  INFO          [16:14:03]   Sin coordenadas: 0
16:14:10  INFO          [16:14:03]   En bbox de Lima: 692
16:14:10  INFO          [16:14:03] Clasificando registros por zona (puede tardar 1-2 min)...
16:14:10  INFO          
16:14:10  INFO          ============================================================
16:14:10  INFO            RESULTADO DE CLASIFICACION
16:14:10  INFO          ============================================================
16:14:10  INFO            Sin modificación (201)          450  (65.0%)
16:14:10  INFO            Zona P2 (401)                   234  (33.8%)
16:14:10  INFO            No Venta                          8  (1.2%)
16:14:10  INFO          
16:14:10  INFO            Top distritos en Zona No Venta:
16:14:10  INFO              COMAS                              4
16:14:10  INFO              SAN JUAN DE LURIGANCHO             3
16:14:10  INFO              CARABAYLLO                         1
16:14:10  INFO          
16:14:10  INFO            Registros en Zona P2: 234
16:14:10  INFO          ============================================================
16:14:10  INFO          [16:14:03] Modificando archivo original: descargas_winforce_Dept\Winforce_Lima.xlsx...
16:14:10  INFO          [16:14:07] Cambios aplicados correctamente en: descargas_winforce_Dept\Winforce_Lima.xlsx
16:14:10  INFO          
16:14:10  INFO          ============================================================
16:14:10  INFO            [OK] PROCESO COMPLETADO - ARCHIVO ACTUALIZADO
16:14:10  INFO            Ruta: descargas_winforce_Dept\Winforce_Lima.xlsx
16:14:10  INFO            Hojas actualizadas:
16:14:10  INFO              1. Resumen — conteo por zona
16:14:10  INFO              2. No Venta — registros críticos
16:14:10  INFO              3. Data Completa — todos los registros con Zona_KML
16:14:10  INFO          
16:14:10  INFO            Nota: El archivo original ha sido modificado con la
16:14:10  INFO            nueva clasificación. Ya puedes usarlo en Power BI.
16:14:10  INFO          ============================================================
16:14:10  INFO          
16:14:10  INFO            Iniciando carga a SQL Server (winforce_lima)...
16:14:10  INFO            [DB] Limpieza incremental desde 2026-05-01 en winforce_lima
16:14:10  INFO            [DB] Carga incremental exitosa.
16:14:10  INFO          
16:14:10  INFO          Zonificacion exitosa
16:14:10  INFO      Fase semanal completada.
16:14:10  INFO      =======================================================
16:14:10  INFO        PIPELINE FINALIZADO
16:14:10  INFO      =======================================================
16:14:10  INFO      Log completo en: C:\Users\Usuario\Documents\Code Aliv\Python Automate\Descargas_Rápidas\logs\pipeline_2026-05-08_16-11-57.log
