09:40:52  INFO      Log guardado en: C:\Users\Usuario\Documents\Code Aliv\Python Automate\Descargas_Rápidas\logs\pipeline_2026-05-06_09-40-52.log
09:40:52  INFO      Fecha de ejecucion: 2026-05-06 09:40
09:40:52  INFO      =======================================================
09:40:52  INFO        FASE 1: DESCARGAS Y CONSOLIDACION
09:40:52  INFO      =======================================================
09:40:52  INFO      Iniciando: WinforceLima2026.py [INCREMENTAL]
09:41:39  INFO      OK (47s): WinforceLima2026.py
09:41:39  INFO          Iniciando automatización con Playwright...
09:41:39  INFO          1. Accediendo a la pagina de login...
09:41:39  INFO             Pagina cargada: Login Page - URL: https://accesoventas.win.pe/
09:41:39  INFO          2. Iniciando sesion con Microsoft...
09:41:39  INFO             Escribiendo correo...
09:41:39  INFO             Escribiendo contrasena...
09:41:39  INFO             Pantalla '¿Mantener iniciada la sesión?'...
09:41:39  INFO          2.5 Redirigiendo de vuelta a Winforce y cargando Dashboard...
09:41:39  INFO          3. Navegando al menú Ventas -> Ventas...
09:41:39  INFO             Esperando el submenú...
09:41:39  INFO             Esperando que cargue la vista de ventas...
09:41:39  INFO          4. Aplicando filtros (Desde - Hasta del mes actual)...
09:41:39  INFO             [MODO INCREMENTAL] Descargando ultimos 7 dias.
09:41:39  INFO             Rango calculado: 29-04-2026 al 06-05-2026
09:41:39  INFO          5. Dando clic en Buscar...
09:41:39  INFO          6. Esperando a que el sistema traiga los registros...
09:41:39  INFO          7. Haciendo clic en el botón Descargar...
09:41:39  INFO             Convirtiendo venta.xls a .xlsx...
09:41:39  INFO             Detectado posible formato HTML, reintentando lectura...
09:41:39  INFO             Conversión exitosa.
09:41:39  INFO          8. [OK] El reporte se guardo correctamente en: C:\Users\Usuario\Documents\Code Aliv\Python Automate\Descargas_Rápidas\descargas_winforce_Dept\Winforce_Lima.xlsx
09:41:39  INFO          Cerrando navegador...
09:41:39  INFO      Iniciando: WinforceProvincia2026.py [INCREMENTAL]
09:42:32  INFO      OK (52s): WinforceProvincia2026.py
09:42:32  INFO          Iniciando automatización con Playwright...
09:42:32  INFO          1. Accediendo a la pagina de login...
09:42:32  INFO          2. Iniciando sesion con Microsoft...
09:42:32  INFO             Escribiendo correo...
09:42:32  INFO             Escribiendo contrasena...
09:42:32  INFO             Pantalla '¿Mantener iniciada la sesión?'...
09:42:32  INFO          2.5 Redirigiendo de vuelta a Winforce y cargando Dashboard...
09:42:32  INFO          3. Navegando al menú Ventas -> Ventas...
09:42:32  INFO             Esperando el submenú...
09:42:32  INFO             Esperando que cargue la vista de ventas...
09:42:32  INFO          4. Aplicando filtros (Desde - Hasta del mes actual)...
09:42:32  INFO             [MODO INCREMENTAL] Descargando ultimos 7 dias.
09:42:32  INFO             Rango calculado: 29-04-2026 al 06-05-2026
09:42:32  INFO          5. Dando clic en Buscar...
09:42:32  INFO          6. Esperando a que el sistema traiga los registros...
09:42:32  INFO          7. Haciendo clic en el botón Descargar...
09:42:32  INFO             Convirtiendo venta.xls a .xlsx...
09:42:32  INFO             Detectado posible formato HTML, reintentando lectura...
09:42:32  INFO             Conversión exitosa.
09:42:32  INFO          8. [OK] El reporte se guardo correctamente en: C:\Users\Usuario\Documents\Code Aliv\Python Automate\Descargas_Rápidas\descargas_winforce_Dept\Winforce_Provincia.xlsx
09:42:32  INFO             Iniciando carga a SQL Server...
09:42:32  INFO            [DB] Limpieza incremental desde 2026-04-29 en winforce_provincia
09:42:32  INFO            [DB] Carga incremental exitosa.
09:42:32  INFO          Cerrando navegador...
09:42:32  INFO      Iniciando: Zonificación_Lima.py [INCREMENTAL]
09:42:44  INFO      OK (12s): Zonificación_Lima.py
09:42:44  INFO          ============================================================
09:42:44  INFO            ALIV TELECOM - Clasificador de Zonas WinForce
09:42:44  INFO            Fuente: PARAMETROS_VENTAS.kml
09:42:44  INFO          ============================================================
09:42:44  INFO          [09:42:34] Leyendo KML...
09:42:44  INFO          [09:42:34]   Poligonos P2 (celeste): 129
09:42:44  INFO          [09:42:34]   Poligonos No Venta (rojo): 9
09:42:44  INFO          [09:42:34] Leyendo WinForce desde: descargas_winforce_Dept\Winforce_Lima.xlsx
09:42:44  INFO          [09:42:34]   Registros cargados: 560
09:42:44  INFO          [09:42:34]   Con coordenadas: 560
09:42:44  INFO          [09:42:34]   Sin coordenadas: 0
09:42:44  INFO          [09:42:34]   En bbox de Lima: 560
09:42:44  INFO          [09:42:34] Clasificando registros por zona (puede tardar 1-2 min)...
09:42:44  INFO          
09:42:44  INFO          ============================================================
09:42:44  INFO            RESULTADO DE CLASIFICACION
09:42:44  INFO          ============================================================
09:42:44  INFO            Sin modificación (201)          332  (59.3%)
09:42:44  INFO            Zona P2 (401)                   223  (39.8%)
09:42:44  INFO            No Venta                          5  (0.9%)
09:42:44  INFO          
09:42:44  INFO            Top distritos en Zona No Venta:
09:42:44  INFO              COMAS                              3
09:42:44  INFO              SAN JUAN DE LURIGANCHO             2
09:42:44  INFO          
09:42:44  INFO            Registros en Zona P2: 223
09:42:44  INFO          ============================================================
09:42:44  INFO          [09:42:34] Modificando archivo original: descargas_winforce_Dept\Winforce_Lima.xlsx...
09:42:44  INFO          [09:42:38] Cambios aplicados correctamente en: descargas_winforce_Dept\Winforce_Lima.xlsx
09:42:44  INFO          
09:42:44  INFO          ============================================================
09:42:44  INFO            [OK] PROCESO COMPLETADO - ARCHIVO ACTUALIZADO
09:42:44  INFO            Ruta: descargas_winforce_Dept\Winforce_Lima.xlsx
09:42:44  INFO            Hojas actualizadas:
09:42:44  INFO              1. Resumen — conteo por zona
09:42:44  INFO              2. No Venta — registros críticos
09:42:44  INFO              3. Data Completa — todos los registros con Zona_KML
09:42:44  INFO          
09:42:44  INFO            Nota: El archivo original ha sido modificado con la
09:42:44  INFO            nueva clasificación. Ya puedes usarlo en Power BI.
09:42:44  INFO          ============================================================
09:42:44  INFO          
09:42:44  INFO            Iniciando carga a SQL Server (winforce_lima)...
09:42:44  INFO            [DB] Limpieza incremental desde 2026-04-29 en winforce_lima
09:42:44  INFO            [DB] Carga incremental exitosa.
09:42:44  INFO          
09:42:44  INFO          Zonificacion exitosa
09:42:44  INFO      Fase 1 completada.
09:42:44  INFO      =======================================================
09:42:44  INFO        PIPELINE FINALIZADO
09:42:44  INFO      =======================================================
09:42:44  INFO      Log completo en: C:\Users\Usuario\Documents\Code Aliv\Python Automate\Descargas_Rápidas\logs\pipeline_2026-05-06_09-40-52.log
