10:45:02  INFO      Log guardado en: C:\Users\Usuario\Documents\Code Aliv\Python Automate\Descargas_Rápidas\logs\pipeline_2026-05-11_10-45-02.log
10:45:02  INFO      Fecha de ejecucion: 2026-05-11 10:45
10:45:02  INFO      =======================================================
10:45:02  INFO        SEMANAL: ESTA SEMANA
10:45:02  INFO      =======================================================
10:45:02  INFO      Iniciando: WinforceLima2026.py [INCREMENTAL]
10:46:06  INFO      OK (64s): WinforceLima2026.py
10:46:06  INFO          Iniciando automatización con Playwright...
10:46:06  INFO          1. Accediendo a la pagina de login...
10:46:06  INFO             Pagina cargada: Login Page - URL: https://accesoventas.win.pe/
10:46:06  INFO          2. Iniciando sesion con Microsoft...
10:46:06  INFO             Escribiendo correo...
10:46:06  INFO             Escribiendo contrasena...
10:46:06  INFO             Pantalla '¿Mantener iniciada la sesión?'...
10:46:06  INFO          2.5 Redirigiendo de vuelta a Winforce y cargando Dashboard...
10:46:06  INFO             Dashboard cargado correctamente en intento 1.
10:46:06  INFO          3. Navegando al menu Ventas -> Ventas...
10:46:06  INFO             Submenu 'Ventas' clickeado.
10:46:06  INFO          4. Aplicando filtros (Desde - Hasta del mes actual)...
10:46:06  INFO             [MODO SEMANAL] Rango: 04-05-2026 al 11-05-2026
10:46:06  INFO          5. Dando clic en Buscar...
10:46:06  INFO          6. Esperando resultados de la busqueda...
10:46:06  INFO          7. Descargando Excel...
10:46:06  INFO          8. [OK] 730 registros guardados en: C:\Users\Usuario\Documents\Code Aliv\Python Automate\Descargas_Rápidas\descargas_winforce_Dept\Winforce_Lima.xlsx
10:46:06  INFO          Cerrando navegador...
10:46:06  INFO      Iniciando: WinforceProvincia2026.py [INCREMENTAL]
10:46:58  INFO      OK (51s): WinforceProvincia2026.py
10:46:58  INFO          Iniciando automatización con Playwright...
10:46:58  INFO          1. Accediendo a la pagina de login...
10:46:58  INFO          2. Iniciando sesion con Microsoft...
10:46:58  INFO             Escribiendo correo...
10:46:58  INFO             Escribiendo contrasena...
10:46:58  INFO             Pantalla '¿Mantener iniciada la sesión?'...
10:46:58  INFO          2.5 Redirigiendo de vuelta a Winforce y cargando Dashboard...
10:46:58  INFO             Dashboard cargado correctamente en intento 1.
10:46:58  INFO          3. Navegando al menu Ventas -> Ventas...
10:46:58  INFO             Submenu 'Ventas' clickeado.
10:46:58  INFO          4. Aplicando filtros (Desde - Hasta del mes actual)...
10:46:58  INFO             [MODO SEMANAL] Rango: 04-05-2026 al 11-05-2026
10:46:58  INFO          5. Dando clic en Buscar...
10:46:58  INFO          6. Esperando resultados de la busqueda...
10:46:58  INFO          7. Descargando Excel...
10:46:58  INFO          8. [OK] 303 registros guardados en: C:\Users\Usuario\Documents\Code Aliv\Python Automate\Descargas_Rápidas\descargas_winforce_Dept\Winforce_Provincia.xlsx
10:46:58  INFO             Iniciando carga a SQL Server...
10:46:58  INFO            [DB] Limpieza incremental desde 2026-05-04 en winforce_provincia
10:46:58  INFO            [DB] Carga incremental exitosa.
10:46:58  INFO          Cerrando navegador...
10:46:58  INFO      Iniciando: Zonificación_Lima.py [INCREMENTAL]
10:47:10  INFO      OK (11s): Zonificación_Lima.py
10:47:10  INFO          ============================================================
10:47:10  INFO            ALIV TELECOM - Clasificador de Zonas WinForce
10:47:10  INFO            Fuente: PARAMETROS_VENTAS.kml
10:47:10  INFO          ============================================================
10:47:10  INFO          [10:46:59] Leyendo KML...
10:47:10  INFO          [10:46:59]   Poligonos P2 (celeste): 129
10:47:10  INFO          [10:46:59]   Poligonos No Venta (rojo): 9
10:47:10  INFO          [10:46:59] Leyendo WinForce desde: descargas_winforce_Dept\Winforce_Lima.xlsx
10:47:10  INFO          [10:47:00]   Registros cargados: 730
10:47:10  INFO          [10:47:00]   Con coordenadas: 730
10:47:10  INFO          [10:47:00]   Sin coordenadas: 0
10:47:10  INFO          [10:47:00]   En bbox de Lima: 730
10:47:10  INFO          [10:47:00] Clasificando registros por zona (puede tardar 1-2 min)...
10:47:10  INFO          
10:47:10  INFO          ============================================================
10:47:10  INFO            RESULTADO DE CLASIFICACION
10:47:10  INFO          ============================================================
10:47:10  INFO            Sin modificación (201)          499  (68.4%)
10:47:10  INFO            Zona P2 (401)                   225  (30.8%)
10:47:10  INFO            No Venta                          6  (0.8%)
10:47:10  INFO          
10:47:10  INFO            Top distritos en Zona No Venta:
10:47:10  INFO              COMAS                              4
10:47:10  INFO              SAN JUAN DE LURIGANCHO             1
10:47:10  INFO              CARABAYLLO                         1
10:47:10  INFO          
10:47:10  INFO            Registros en Zona P2: 225
10:47:10  INFO          ============================================================
10:47:10  INFO          [10:47:00] Modificando archivo original: descargas_winforce_Dept\Winforce_Lima.xlsx...
10:47:10  INFO          [10:47:06] Cambios aplicados correctamente en: descargas_winforce_Dept\Winforce_Lima.xlsx
10:47:10  INFO          
10:47:10  INFO          ============================================================
10:47:10  INFO            [OK] PROCESO COMPLETADO - ARCHIVO ACTUALIZADO
10:47:10  INFO            Ruta: descargas_winforce_Dept\Winforce_Lima.xlsx
10:47:10  INFO            Hojas actualizadas:
10:47:10  INFO              1. Resumen — conteo por zona
10:47:10  INFO              2. No Venta — registros críticos
10:47:10  INFO              3. Data Completa — todos los registros con Zona_KML
10:47:10  INFO          
10:47:10  INFO            Nota: El archivo original ha sido modificado con la
10:47:10  INFO            nueva clasificación. Ya puedes usarlo en Power BI.
10:47:10  INFO          ============================================================
10:47:10  INFO          
10:47:10  INFO            Iniciando carga a SQL Server (winforce_lima)...
10:47:10  INFO            [DB] Limpieza incremental desde 2026-05-04 en winforce_lima
10:47:10  INFO            [DB] Carga incremental exitosa.
10:47:10  INFO          
10:47:10  INFO          Zonificacion exitosa
10:47:10  INFO      Fase semanal completada.
10:47:10  INFO      =======================================================
10:47:10  INFO        PIPELINE FINALIZADO
10:47:10  INFO      =======================================================
10:47:10  INFO      Log completo en: C:\Users\Usuario\Documents\Code Aliv\Python Automate\Descargas_Rápidas\logs\pipeline_2026-05-11_10-45-02.log
