16:29:19  INFO      Log guardado en: C:\Users\Usuario\Documents\Code Aliv\Python Automate\Descargas_Rápidas\logs\pipeline_2026-05-07_16-29-19.log
16:29:19  INFO      Fecha de ejecucion: 2026-05-07 16:29
16:29:19  INFO      =======================================================
16:29:19  INFO        SEMANAL: ESTA SEMANA
16:29:19  INFO      =======================================================
16:29:19  INFO      Iniciando: WinforceLima2026.py [INCREMENTAL]
16:30:33  INFO      OK (74s): WinforceLima2026.py
16:30:33  INFO          Iniciando automatización con Playwright...
16:30:33  INFO          1. Accediendo a la pagina de login...
16:30:33  INFO             Pagina cargada: Login Page - URL: https://accesoventas.win.pe/
16:30:33  INFO          2. Iniciando sesion con Microsoft...
16:30:33  INFO             Escribiendo correo...
16:30:33  INFO             Escribiendo contrasena...
16:30:33  INFO             Pantalla '¿Mantener iniciada la sesión?'...
16:30:33  INFO          2.5 Redirigiendo de vuelta a Winforce y cargando Dashboard...
16:30:33  INFO             Dashboard cargado correctamente en intento 1.
16:30:33  INFO          3. Navegando al menu Ventas -> Ventas...
16:30:33  INFO             Submenu 'Ventas' clickeado.
16:30:33  INFO          4. Aplicando filtros (Desde - Hasta del mes actual)...
16:30:33  INFO             [MODO SEMANAL] Rango: 30-04-2026 al 07-05-2026
16:30:33  INFO          5. Dando clic en Buscar...
16:30:33  INFO          6. Esperando resultados de la busqueda...
16:30:33  INFO          7. Descargando Excel...
16:30:33  INFO          8. [OK] 674 registros guardados en: C:\Users\Usuario\Documents\Code Aliv\Python Automate\Descargas_Rápidas\descargas_winforce_Dept\Winforce_Lima.xlsx
16:30:33  INFO          Cerrando navegador...
16:30:33  INFO      Iniciando: WinforceProvincia2026.py [INCREMENTAL]
16:31:25  INFO      OK (52s): WinforceProvincia2026.py
16:31:25  INFO          Iniciando automatización con Playwright...
16:31:25  INFO          1. Accediendo a la pagina de login...
16:31:25  INFO          2. Iniciando sesion con Microsoft...
16:31:25  INFO             Escribiendo correo...
16:31:25  INFO             Escribiendo contrasena...
16:31:25  INFO             Pantalla '¿Mantener iniciada la sesión?'...
16:31:25  INFO          2.5 Redirigiendo de vuelta a Winforce y cargando Dashboard...
16:31:25  INFO             Dashboard cargado correctamente en intento 1.
16:31:25  INFO          3. Navegando al menu Ventas -> Ventas...
16:31:25  INFO             Submenu 'Ventas' clickeado.
16:31:25  INFO          4. Aplicando filtros (Desde - Hasta del mes actual)...
16:31:25  INFO             [MODO SEMANAL] Rango: 30-04-2026 al 07-05-2026
16:31:25  INFO          5. Dando clic en Buscar...
16:31:25  INFO          6. Esperando resultados de la busqueda...
16:31:25  INFO          7. Descargando Excel...
16:31:25  INFO          8. [OK] 322 registros guardados en: C:\Users\Usuario\Documents\Code Aliv\Python Automate\Descargas_Rápidas\descargas_winforce_Dept\Winforce_Provincia.xlsx
16:31:25  INFO             Iniciando carga a SQL Server...
16:31:25  INFO            [DB] Limpieza incremental desde 2026-04-30 en winforce_provincia
16:31:25  INFO            [DB] Carga incremental exitosa.
16:31:25  INFO          Cerrando navegador...
16:31:25  INFO      Iniciando: Zonificación_Lima.py [INCREMENTAL]
16:31:41  INFO      OK (15s): Zonificación_Lima.py
16:31:41  INFO          ============================================================
16:31:41  INFO            ALIV TELECOM - Clasificador de Zonas WinForce
16:31:41  INFO            Fuente: PARAMETROS_VENTAS.kml
16:31:41  INFO          ============================================================
16:31:41  INFO          [16:31:27] Leyendo KML...
16:31:41  INFO          [16:31:27]   Poligonos P2 (celeste): 129
16:31:41  INFO          [16:31:27]   Poligonos No Venta (rojo): 9
16:31:41  INFO          [16:31:27] Leyendo WinForce desde: descargas_winforce_Dept\Winforce_Lima.xlsx
16:31:41  INFO          [16:31:28]   Registros cargados: 674
16:31:41  INFO          [16:31:28]   Con coordenadas: 674
16:31:41  INFO          [16:31:28]   Sin coordenadas: 0
16:31:41  INFO          [16:31:28]   En bbox de Lima: 674
16:31:41  INFO          [16:31:28] Clasificando registros por zona (puede tardar 1-2 min)...
16:31:41  INFO          
16:31:41  INFO          ============================================================
16:31:41  INFO            RESULTADO DE CLASIFICACION
16:31:41  INFO          ============================================================
16:31:41  INFO            Sin modificación (201)          409  (60.7%)
16:31:41  INFO            Zona P2 (401)                   258  (38.3%)
16:31:41  INFO            No Venta                          7  (1.0%)
16:31:41  INFO          
16:31:41  INFO            Top distritos en Zona No Venta:
16:31:41  INFO              COMAS                              4
16:31:41  INFO              SAN JUAN DE LURIGANCHO             2
16:31:41  INFO              CARABAYLLO                         1
16:31:41  INFO          
16:31:41  INFO            Registros en Zona P2: 258
16:31:41  INFO          ============================================================
16:31:41  INFO          [16:31:28] Modificando archivo original: descargas_winforce_Dept\Winforce_Lima.xlsx...
16:31:41  INFO          [16:31:35] Cambios aplicados correctamente en: descargas_winforce_Dept\Winforce_Lima.xlsx
16:31:41  INFO          
16:31:41  INFO          ============================================================
16:31:41  INFO            [OK] PROCESO COMPLETADO - ARCHIVO ACTUALIZADO
16:31:41  INFO            Ruta: descargas_winforce_Dept\Winforce_Lima.xlsx
16:31:41  INFO            Hojas actualizadas:
16:31:41  INFO              1. Resumen — conteo por zona
16:31:41  INFO              2. No Venta — registros críticos
16:31:41  INFO              3. Data Completa — todos los registros con Zona_KML
16:31:41  INFO          
16:31:41  INFO            Nota: El archivo original ha sido modificado con la
16:31:41  INFO            nueva clasificación. Ya puedes usarlo en Power BI.
16:31:41  INFO          ============================================================
16:31:41  INFO          
16:31:41  INFO            Iniciando carga a SQL Server (winforce_lima)...
16:31:41  INFO            [DB] Limpieza incremental desde 2026-04-30 en winforce_lima
16:31:41  INFO            [DB] Carga incremental exitosa.
16:31:41  INFO          
16:31:41  INFO          Zonificacion exitosa
16:31:41  INFO      Fase semanal completada.
16:31:41  INFO      =======================================================
16:31:41  INFO        PIPELINE FINALIZADO
16:31:41  INFO      =======================================================
16:31:41  INFO      Log completo en: C:\Users\Usuario\Documents\Code Aliv\Python Automate\Descargas_Rápidas\logs\pipeline_2026-05-07_16-29-19.log
