14:23:19  INFO      Log guardado en: C:\Users\Usuario\Documents\Code Aliv\Python Automate\Descargas_Rápidas\logs\pipeline_2026-05-06_14-23-19.log
14:23:19  INFO      Fecha de ejecucion: 2026-05-06 14:23
14:23:19  INFO      =======================================================
14:23:19  INFO        FASE 1: DESCARGAS Y CONSOLIDACION
14:23:19  INFO      =======================================================
14:23:19  INFO      Iniciando: WinforceLima2026.py [INCREMENTAL]
14:24:00  INFO      OK (41s): WinforceLima2026.py
14:24:00  INFO          Iniciando automatización con Playwright...
14:24:00  INFO          1. Accediendo a la pagina de login...
14:24:00  INFO             Pagina cargada: Login Page - URL: https://accesoventas.win.pe/
14:24:00  INFO          2. Iniciando sesion con Microsoft...
14:24:00  INFO             Escribiendo correo...
14:24:00  INFO             Escribiendo contrasena...
14:24:00  INFO             Pantalla '¿Mantener iniciada la sesión?'...
14:24:00  INFO          2.5 Redirigiendo de vuelta a Winforce y cargando Dashboard...
14:24:00  INFO             Dashboard cargado correctamente en intento 1.
14:24:00  INFO          3. Navegando al menu Ventas -> Ventas...
14:24:00  INFO             [INFO] Ya estamos en la pagina de ventas. Saltando navegacion.
14:24:00  INFO             Esperando que cargue la vista de ventas...
14:24:00  INFO          4. Aplicando filtros (Desde - Hasta del mes actual)...
14:24:00  INFO             [MODO INCREMENTAL] Descargando ultimos 7 dias.
14:24:00  INFO             Rango calculado: 29-04-2026 al 06-05-2026
14:24:00  INFO             Fechas establecidas via Flatpickr API.
14:24:00  INFO          5. Dando clic en Buscar...
14:24:00  INFO          6. Esperando a que el sistema traiga los registros...
14:24:00  INFO             [AVISO] No hay datos en el rango de fechas seleccionado. Saltando descarga.
14:24:00  INFO          Cerrando navegador...
14:24:00  INFO      Iniciando: WinforceProvincia2026.py [INCREMENTAL]
