12:25:31  INFO      Log guardado en: C:\Users\Usuario\Documents\Code Aliv\Python Automate\Descargas_Rápidas\logs\pipeline_2026-05-07_12-25-31.log
12:25:31  INFO      Fecha de ejecucion: 2026-05-07 12:25
12:25:31  INFO      =======================================================
12:25:31  INFO        SEMANAL: ESTA SEMANA
12:25:31  INFO      =======================================================
12:25:31  INFO      Iniciando: WinforceLima2026.py [INCREMENTAL]
12:26:24  INFO      OK (53s): WinforceLima2026.py
12:26:24  INFO          Iniciando automatización con Playwright...
12:26:24  INFO          1. Accediendo a la pagina de login...
12:26:24  INFO             Pagina cargada: Login Page - URL: https://accesoventas.win.pe/
12:26:24  INFO          2. Iniciando sesion con Microsoft...
12:26:24  INFO             Escribiendo correo...
12:26:24  INFO             Escribiendo contrasena...
12:26:24  INFO             Pantalla '¿Mantener iniciada la sesión?'...
12:26:24  INFO          2.5 Redirigiendo de vuelta a Winforce y cargando Dashboard...
12:26:24  INFO             Dashboard cargado correctamente en intento 1.
12:26:24  INFO          3. Navegando al menu Ventas -> Ventas...
12:26:24  INFO             Submenu 'Ventas' clickeado.
12:26:24  INFO          4. Aplicando filtros (Desde - Hasta del mes actual)...
12:26:24  INFO             [MODO SEMANAL] Rango: 30-04-2026 al 07-05-2026
12:26:24  INFO          5. Dando clic en Buscar...
12:26:24  INFO          6. Esperando resultados de la busqueda...
12:26:24  INFO          7. Descargando Excel...
12:26:24  INFO          8. [OK] 627 registros guardados en: C:\Users\Usuario\Documents\Code Aliv\Python Automate\Descargas_Rápidas\descargas_winforce_Dept\Winforce_Lima.xlsx
12:26:24  INFO          Cerrando navegador...
12:26:24  INFO      Iniciando: WinforceProvincia2026.py [INCREMENTAL]
12:27:15  INFO      OK (50s): WinforceProvincia2026.py
12:27:15  INFO          Iniciando automatización con Playwright...
12:27:15  INFO          1. Accediendo a la pagina de login...
12:27:15  INFO          2. Iniciando sesion con Microsoft...
12:27:15  INFO             Escribiendo correo...
12:27:15  INFO             Escribiendo contrasena...
12:27:15  INFO             Pantalla '¿Mantener iniciada la sesión?'...
12:27:15  INFO          2.5 Redirigiendo de vuelta a Winforce y cargando Dashboard...
12:27:15  INFO             Dashboard cargado correctamente en intento 1.
12:27:15  INFO          3. Navegando al menu Ventas -> Ventas...
12:27:15  INFO             Submenu 'Ventas' clickeado.
12:27:15  INFO          4. Aplicando filtros (Desde - Hasta del mes actual)...
12:27:15  INFO             [MODO SEMANAL] Rango: 30-04-2026 al 07-05-2026
12:27:15  INFO          5. Dando clic en Buscar...
12:27:15  INFO          6. Esperando resultados de la busqueda...
12:27:15  INFO          7. Descargando Excel...
12:27:15  INFO          8. [OK] 306 registros guardados en: C:\Users\Usuario\Documents\Code Aliv\Python Automate\Descargas_Rápidas\descargas_winforce_Dept\Winforce_Provincia.xlsx
12:27:15  INFO             Iniciando carga a SQL Server...
12:27:15  INFO            [DB] Limpieza incremental desde 2026-04-30 en winforce_provincia
12:27:15  INFO            [DB] Carga incremental exitosa.
12:27:15  INFO          Cerrando navegador...
12:27:15  INFO      Iniciando: Zonificación_Lima.py [INCREMENTAL]
12:27:24  INFO      OK (8s): Zonificación_Lima.py
12:27:24  INFO          ============================================================
12:27:24  INFO            ALIV TELECOM - Clasificador de Zonas WinForce
12:27:24  INFO            Fuente: PARAMETROS_VENTAS.kml
12:27:24  INFO          ============================================================
12:27:24  INFO          [12:27:16] Leyendo KML...
12:27:24  INFO          [12:27:16]   Poligonos P2 (celeste): 129
12:27:24  INFO          [12:27:16]   Poligonos No Venta (rojo): 9
12:27:24  INFO          [12:27:16] Leyendo WinForce desde: descargas_winforce_Dept\Winforce_Lima.xlsx
12:27:24  INFO          [12:27:17]   Registros cargados: 627
12:27:24  INFO          [12:27:17]   Con coordenadas: 627
12:27:24  INFO          [12:27:17]   Sin coordenadas: 0
12:27:24  INFO          [12:27:17]   En bbox de Lima: 627
12:27:24  INFO          [12:27:17] Clasificando registros por zona (puede tardar 1-2 min)...
12:27:24  INFO          
12:27:24  INFO          ============================================================
12:27:24  INFO            RESULTADO DE CLASIFICACION
12:27:24  INFO          ============================================================
12:27:24  INFO            Sin modificación (201)          374  (59.6%)
12:27:24  INFO            Zona P2 (401)                   246  (39.2%)
12:27:24  INFO            No Venta                          7  (1.1%)
12:27:24  INFO          
12:27:24  INFO            Top distritos en Zona No Venta:
12:27:24  INFO              COMAS                              4
12:27:24  INFO              SAN JUAN DE LURIGANCHO             2
12:27:24  INFO              CARABAYLLO                         1
12:27:24  INFO          
12:27:24  INFO            Registros en Zona P2: 246
12:27:24  INFO          ============================================================
12:27:24  INFO          [12:27:17] Modificando archivo original: descargas_winforce_Dept\Winforce_Lima.xlsx...
12:27:24  INFO          [12:27:21] Cambios aplicados correctamente en: descargas_winforce_Dept\Winforce_Lima.xlsx
12:27:24  INFO          
12:27:24  INFO          ============================================================
12:27:24  INFO            [OK] PROCESO COMPLETADO - ARCHIVO ACTUALIZADO
12:27:24  INFO            Ruta: descargas_winforce_Dept\Winforce_Lima.xlsx
12:27:24  INFO            Hojas actualizadas:
12:27:24  INFO              1. Resumen — conteo por zona
12:27:24  INFO              2. No Venta — registros críticos
12:27:24  INFO              3. Data Completa — todos los registros con Zona_KML
12:27:24  INFO          
12:27:24  INFO            Nota: El archivo original ha sido modificado con la
12:27:24  INFO            nueva clasificación. Ya puedes usarlo en Power BI.
12:27:24  INFO          ============================================================
12:27:24  INFO          
12:27:24  INFO            Iniciando carga a SQL Server (winforce_lima)...
12:27:24  INFO            [DB] Limpieza incremental desde 2026-04-30 en winforce_lima
12:27:24  INFO            [DB] Carga incremental exitosa.
12:27:24  INFO          
12:27:24  INFO          Zonificacion exitosa
12:27:24  INFO      Fase semanal completada.
12:27:24  INFO      =======================================================
12:27:24  INFO        PIPELINE FINALIZADO
12:27:24  INFO      =======================================================
12:27:24  INFO      Log completo en: C:\Users\Usuario\Documents\Code Aliv\Python Automate\Descargas_Rápidas\logs\pipeline_2026-05-07_12-25-31.log
