17:45:03  INFO      Log guardado en: C:\Users\Usuario\Documents\Code Aliv\Python Automate\Descargas_Rápidas\logs\pipeline_2026-05-07_17-45-03.log
17:45:03  INFO      Fecha de ejecucion: 2026-05-07 17:45
17:45:03  INFO      =======================================================
17:45:03  INFO        SEMANAL: ESTA SEMANA
17:45:03  INFO      =======================================================
17:45:03  INFO      Iniciando: WinforceLima2026.py [INCREMENTAL]
17:45:52  INFO      OK (48s): WinforceLima2026.py
17:45:52  INFO          Iniciando automatización con Playwright...
17:45:52  INFO          1. Accediendo a la pagina de login...
17:45:52  INFO             Pagina cargada: Login Page - URL: https://accesoventas.win.pe/
17:45:52  INFO          2. Iniciando sesion con Microsoft...
17:45:52  INFO             Escribiendo correo...
17:45:52  INFO             Escribiendo contrasena...
17:45:52  INFO             Pantalla '¿Mantener iniciada la sesión?'...
17:45:52  INFO          2.5 Redirigiendo de vuelta a Winforce y cargando Dashboard...
17:45:52  INFO             Dashboard cargado correctamente en intento 1.
17:45:52  INFO          3. Navegando al menu Ventas -> Ventas...
17:45:52  INFO             Submenu 'Ventas' clickeado.
17:45:52  INFO          4. Aplicando filtros (Desde - Hasta del mes actual)...
17:45:52  INFO             [MODO SEMANAL] Rango: 30-04-2026 al 07-05-2026
17:45:52  INFO          5. Dando clic en Buscar...
17:45:52  INFO          6. Esperando resultados de la busqueda...
17:45:52  INFO          7. Descargando Excel...
17:45:52  INFO          8. [OK] 683 registros guardados en: C:\Users\Usuario\Documents\Code Aliv\Python Automate\Descargas_Rápidas\descargas_winforce_Dept\Winforce_Lima.xlsx
17:45:52  INFO          Cerrando navegador...
17:45:52  INFO      Iniciando: WinforceProvincia2026.py [INCREMENTAL]
17:46:44  INFO      OK (51s): WinforceProvincia2026.py
17:46:44  INFO          Iniciando automatización con Playwright...
17:46:44  INFO          1. Accediendo a la pagina de login...
17:46:44  INFO          2. Iniciando sesion con Microsoft...
17:46:44  INFO             Escribiendo correo...
17:46:44  INFO             Escribiendo contrasena...
17:46:44  INFO             Pantalla '¿Mantener iniciada la sesión?'...
17:46:44  INFO          2.5 Redirigiendo de vuelta a Winforce y cargando Dashboard...
17:46:44  INFO             Dashboard cargado correctamente en intento 1.
17:46:44  INFO          3. Navegando al menu Ventas -> Ventas...
17:46:44  INFO             Submenu 'Ventas' clickeado.
17:46:44  INFO          4. Aplicando filtros (Desde - Hasta del mes actual)...
17:46:44  INFO             [MODO SEMANAL] Rango: 30-04-2026 al 07-05-2026
17:46:44  INFO          5. Dando clic en Buscar...
17:46:44  INFO          6. Esperando resultados de la busqueda...
17:46:44  INFO          7. Descargando Excel...
17:46:44  INFO          8. [OK] 328 registros guardados en: C:\Users\Usuario\Documents\Code Aliv\Python Automate\Descargas_Rápidas\descargas_winforce_Dept\Winforce_Provincia.xlsx
17:46:44  INFO             Iniciando carga a SQL Server...
17:46:44  INFO            [DB] Limpieza incremental desde 2026-04-30 en winforce_provincia
17:46:44  INFO            [DB] Carga incremental exitosa.
17:46:44  INFO          Cerrando navegador...
17:46:44  INFO      Iniciando: Zonificación_Lima.py [INCREMENTAL]
17:46:52  INFO      OK (8s): Zonificación_Lima.py
17:46:52  INFO          ============================================================
17:46:52  INFO            ALIV TELECOM - Clasificador de Zonas WinForce
17:46:52  INFO            Fuente: PARAMETROS_VENTAS.kml
17:46:52  INFO          ============================================================
17:46:52  INFO          [17:46:45] Leyendo KML...
17:46:52  INFO          [17:46:45]   Poligonos P2 (celeste): 129
17:46:52  INFO          [17:46:45]   Poligonos No Venta (rojo): 9
17:46:52  INFO          [17:46:45] Leyendo WinForce desde: descargas_winforce_Dept\Winforce_Lima.xlsx
17:46:52  INFO          [17:46:45]   Registros cargados: 683
17:46:52  INFO          [17:46:45]   Con coordenadas: 683
17:46:52  INFO          [17:46:45]   Sin coordenadas: 0
17:46:52  INFO          [17:46:45]   En bbox de Lima: 683
17:46:52  INFO          [17:46:45] Clasificando registros por zona (puede tardar 1-2 min)...
17:46:52  INFO          
17:46:52  INFO          ============================================================
17:46:52  INFO            RESULTADO DE CLASIFICACION
17:46:52  INFO          ============================================================
17:46:52  INFO            Sin modificación (201)          415  (60.8%)
17:46:52  INFO            Zona P2 (401)                   261  (38.2%)
17:46:52  INFO            No Venta                          7  (1.0%)
17:46:52  INFO          
17:46:52  INFO            Top distritos en Zona No Venta:
17:46:52  INFO              COMAS                              4
17:46:52  INFO              SAN JUAN DE LURIGANCHO             2
17:46:52  INFO              CARABAYLLO                         1
17:46:52  INFO          
17:46:52  INFO            Registros en Zona P2: 261
17:46:52  INFO          ============================================================
17:46:52  INFO          [17:46:46] Modificando archivo original: descargas_winforce_Dept\Winforce_Lima.xlsx...
17:46:52  INFO          [17:46:51] Cambios aplicados correctamente en: descargas_winforce_Dept\Winforce_Lima.xlsx
17:46:52  INFO          
17:46:52  INFO          ============================================================
17:46:52  INFO            [OK] PROCESO COMPLETADO - ARCHIVO ACTUALIZADO
17:46:52  INFO            Ruta: descargas_winforce_Dept\Winforce_Lima.xlsx
17:46:52  INFO            Hojas actualizadas:
17:46:52  INFO              1. Resumen — conteo por zona
17:46:52  INFO              2. No Venta — registros críticos
17:46:52  INFO              3. Data Completa — todos los registros con Zona_KML
17:46:52  INFO          
17:46:52  INFO            Nota: El archivo original ha sido modificado con la
17:46:52  INFO            nueva clasificación. Ya puedes usarlo en Power BI.
17:46:52  INFO          ============================================================
17:46:52  INFO          
17:46:52  INFO            Iniciando carga a SQL Server (winforce_lima)...
17:46:52  INFO            [DB] Limpieza incremental desde 2026-04-30 en winforce_lima
17:46:52  INFO            [DB] Carga incremental exitosa.
17:46:52  INFO          
17:46:52  INFO          Zonificacion exitosa
17:46:52  INFO      Fase semanal completada.
17:46:52  INFO      =======================================================
17:46:52  INFO        PIPELINE FINALIZADO
17:46:52  INFO      =======================================================
17:46:52  INFO      Log completo en: C:\Users\Usuario\Documents\Code Aliv\Python Automate\Descargas_Rápidas\logs\pipeline_2026-05-07_17-45-03.log
