14:16:54  INFO      Log guardado en: C:\Users\Usuario\Documents\Code Aliv\Python Automate\Descargas_Rápidas\logs\pipeline_2026-05-11_14-16-54.log
14:16:54  INFO      Fecha de ejecucion: 2026-05-11 14:16
14:16:54  INFO      =======================================================
14:16:54  INFO        SEMANAL: ESTA SEMANA
14:16:54  INFO      =======================================================
14:16:54  INFO      Iniciando: WinforceLima2026.py [INCREMENTAL]
14:17:54  INFO      OK (59s): WinforceLima2026.py
14:17:54  INFO          Iniciando automatización con Playwright...
14:17:54  INFO          1. Accediendo a la pagina de login...
14:17:54  INFO             Pagina cargada: Login Page - URL: https://accesoventas.win.pe/
14:17:54  INFO          2. Iniciando sesion con Microsoft...
14:17:54  INFO             Escribiendo correo...
14:17:54  INFO             Escribiendo contrasena...
14:17:54  INFO             Pantalla '¿Mantener iniciada la sesión?'...
14:17:54  INFO          2.5 Redirigiendo de vuelta a Winforce y cargando Dashboard...
14:17:54  INFO             Dashboard cargado correctamente en intento 1.
14:17:54  INFO          3. Navegando al menu Ventas -> Ventas...
14:17:54  INFO             Submenu 'Ventas' clickeado.
14:17:54  INFO          4. Aplicando filtros (Desde - Hasta del mes actual)...
14:17:54  INFO             [MODO MENSUAL INCREMENTAL] Rango: 01-04-2026 al 11-05-2026
14:17:54  INFO          5. Dando clic en Buscar...
14:17:54  INFO          6. Esperando resultados de la busqueda...
14:17:54  INFO          7. Descargando Excel...
14:17:54  INFO          8. [OK] 3,680 registros guardados en: C:\Users\Usuario\Documents\Code Aliv\Python Automate\Descargas_Rápidas\descargas_winforce_Dept\Winforce_Lima.xlsx
14:17:54  INFO          Cerrando navegador...
14:17:54  INFO      Iniciando: WinforceProvincia2026.py [INCREMENTAL]
14:19:00  INFO      OK (65s): WinforceProvincia2026.py
14:19:00  INFO          Iniciando automatización con Playwright...
14:19:00  INFO          1. Accediendo a la pagina de login...
14:19:00  INFO          2. Iniciando sesion con Microsoft...
14:19:00  INFO             Escribiendo correo...
14:19:00  INFO             Escribiendo contrasena...
14:19:00  INFO             Pantalla '¿Mantener iniciada la sesión?'...
14:19:00  INFO          2.5 Redirigiendo de vuelta a Winforce y cargando Dashboard...
14:19:00  INFO             Dashboard cargado correctamente en intento 1.
14:19:00  INFO          3. Navegando al menu Ventas -> Ventas...
14:19:00  INFO             Submenu 'Ventas' clickeado.
14:19:00  INFO          4. Aplicando filtros (Desde - Hasta del mes actual)...
14:19:00  INFO             [MODO MENSUAL INCREMENTAL] Rango: 01-04-2026 al 11-05-2026
14:19:00  INFO          5. Dando clic en Buscar...
14:19:00  INFO          6. Esperando resultados de la busqueda...
14:19:00  INFO          7. Descargando Excel...
14:19:00  INFO          8. [OK] 1,811 registros guardados en: C:\Users\Usuario\Documents\Code Aliv\Python Automate\Descargas_Rápidas\descargas_winforce_Dept\Winforce_Provincia.xlsx
14:19:00  INFO             Iniciando carga a SQL Server...
14:19:00  INFO            [DB] Limpieza incremental desde 2026-05-04 en winforce_provincia
14:19:00  INFO            [DB] Carga incremental exitosa.
14:19:00  INFO          Cerrando navegador...
14:19:00  INFO      Iniciando: Zonificación_Lima.py [INCREMENTAL]
14:20:10  INFO      OK (69s): Zonificación_Lima.py
14:20:10  INFO          ============================================================
14:20:10  INFO            ALIV TELECOM - Clasificador de Zonas WinForce
14:20:10  INFO            Fuente: PARAMETROS_VENTAS.kml
14:20:10  INFO          ============================================================
14:20:10  INFO          [14:19:02] Leyendo KML...
14:20:10  INFO          [14:19:02]   Poligonos P2 (celeste): 129
14:20:10  INFO          [14:19:02]   Poligonos No Venta (rojo): 9
14:20:10  INFO          [14:19:02] Leyendo WinForce desde: descargas_winforce_Dept\Winforce_Lima.xlsx
14:20:10  INFO          [14:19:04]   Registros cargados: 3,680
14:20:10  INFO          [14:19:04]   Con coordenadas: 3,680
14:20:10  INFO          [14:19:04]   Sin coordenadas: 0
14:20:10  INFO          [14:19:04]   En bbox de Lima: 3,672
14:20:10  INFO          [14:19:04] Clasificando registros por zona (puede tardar 1-2 min)...
14:20:10  INFO          
14:20:10  INFO          ============================================================
14:20:10  INFO            RESULTADO DE CLASIFICACION
14:20:10  INFO          ============================================================
14:20:10  INFO            Sin modificación (201)        2,246  (61.0%)
14:20:10  INFO            Zona P2 (401)                 1,335  (36.3%)
14:20:10  INFO            No Venta                         99  (2.7%)
14:20:10  INFO          
14:20:10  INFO            Top distritos en Zona No Venta:
14:20:10  INFO              SAN JUAN DE LURIGANCHO            39
14:20:10  INFO              COMAS                             28
14:20:10  INFO              VILLA EL SALVADOR                 20
14:20:10  INFO              CARABAYLLO                         9
14:20:10  INFO              SAN JUAN DE MIRAFLORES             1
14:20:10  INFO              INDEPENDENCIA                      1
14:20:10  INFO              VILLA MARIA DEL TRIUNFO            1
14:20:10  INFO          
14:20:10  INFO            Registros en Zona P2: 1,335
14:20:10  INFO          ============================================================
14:20:10  INFO          [14:19:06] Modificando archivo original: descargas_winforce_Dept\Winforce_Lima.xlsx...
14:20:10  INFO          [14:19:40] Cambios aplicados correctamente en: descargas_winforce_Dept\Winforce_Lima.xlsx
14:20:10  INFO          
14:20:10  INFO          ============================================================
14:20:10  INFO            [OK] PROCESO COMPLETADO - ARCHIVO ACTUALIZADO
14:20:10  INFO            Ruta: descargas_winforce_Dept\Winforce_Lima.xlsx
14:20:10  INFO            Hojas actualizadas:
14:20:10  INFO              1. Resumen — conteo por zona
14:20:10  INFO              2. No Venta — registros críticos
14:20:10  INFO              3. Data Completa — todos los registros con Zona_KML
14:20:10  INFO          
14:20:10  INFO            Nota: El archivo original ha sido modificado con la
14:20:10  INFO            nueva clasificación. Ya puedes usarlo en Power BI.
14:20:10  INFO          ============================================================
14:20:10  INFO          
14:20:10  INFO            Iniciando carga a SQL Server (winforce_lima)...
14:20:10  INFO            [DB] Limpieza incremental desde 2026-05-04 en winforce_lima
14:20:10  INFO            [DB] Carga incremental exitosa.
14:20:10  INFO          
14:20:10  INFO          Zonificacion exitosa
14:20:10  INFO      Fase semanal completada.
14:20:10  INFO      =======================================================
14:20:10  INFO        PIPELINE FINALIZADO
14:20:10  INFO      =======================================================
14:20:10  INFO      Log completo en: C:\Users\Usuario\Documents\Code Aliv\Python Automate\Descargas_Rápidas\logs\pipeline_2026-05-11_14-16-54.log
