12:03:32  INFO      Log guardado en: C:\Users\Usuario\Documents\Code Aliv\Python Automate\Descargas_Rápidas\logs\pipeline_2026-05-08_12-03-32.log
12:03:32  INFO      Fecha de ejecucion: 2026-05-08 12:03
12:03:32  INFO      =======================================================
12:03:32  INFO        SEMANAL: ESTA SEMANA
12:03:32  INFO      =======================================================
12:03:32  INFO      Iniciando: WinforceLima2026.py [INCREMENTAL]
12:04:27  INFO      OK (55s): WinforceLima2026.py
12:04:27  INFO          Iniciando automatización con Playwright...
12:04:27  INFO          1. Accediendo a la pagina de login...
12:04:27  INFO             Pagina cargada: Login Page - URL: https://accesoventas.win.pe/
12:04:27  INFO          2. Iniciando sesion con Microsoft...
12:04:27  INFO             Escribiendo correo...
12:04:27  INFO             Escribiendo contrasena...
12:04:27  INFO             Pantalla '¿Mantener iniciada la sesión?'...
12:04:27  INFO          2.5 Redirigiendo de vuelta a Winforce y cargando Dashboard...
12:04:27  INFO             Dashboard cargado correctamente en intento 1.
12:04:27  INFO          3. Navegando al menu Ventas -> Ventas...
12:04:27  INFO             Submenu 'Ventas' clickeado.
12:04:27  INFO          4. Aplicando filtros (Desde - Hasta del mes actual)...
12:04:27  INFO             [MODO SEMANAL] Rango: 01-05-2026 al 08-05-2026
12:04:27  INFO          5. Dando clic en Buscar...
12:04:27  INFO          6. Esperando resultados de la busqueda...
12:04:27  INFO          7. Descargando Excel...
12:04:27  INFO          8. [OK] 619 registros guardados en: C:\Users\Usuario\Documents\Code Aliv\Python Automate\Descargas_Rápidas\descargas_winforce_Dept\Winforce_Lima.xlsx
12:04:27  INFO          Cerrando navegador...
12:04:27  INFO      Iniciando: WinforceProvincia2026.py [INCREMENTAL]
12:05:22  INFO      OK (54s): WinforceProvincia2026.py
12:05:22  INFO          Iniciando automatización con Playwright...
12:05:22  INFO          1. Accediendo a la pagina de login...
12:05:22  INFO          2. Iniciando sesion con Microsoft...
12:05:22  INFO             Escribiendo correo...
12:05:22  INFO             Escribiendo contrasena...
12:05:22  INFO             Pantalla '¿Mantener iniciada la sesión?'...
12:05:22  INFO          2.5 Redirigiendo de vuelta a Winforce y cargando Dashboard...
12:05:22  INFO             Dashboard cargado correctamente en intento 1.
12:05:22  INFO          3. Navegando al menu Ventas -> Ventas...
12:05:22  INFO             Submenu 'Ventas' clickeado.
12:05:22  INFO          4. Aplicando filtros (Desde - Hasta del mes actual)...
12:05:22  INFO             [MODO SEMANAL] Rango: 01-05-2026 al 08-05-2026
12:05:22  INFO          5. Dando clic en Buscar...
12:05:22  INFO          6. Esperando resultados de la busqueda...
12:05:22  INFO          7. Descargando Excel...
12:05:22  INFO          8. [OK] 287 registros guardados en: C:\Users\Usuario\Documents\Code Aliv\Python Automate\Descargas_Rápidas\descargas_winforce_Dept\Winforce_Provincia.xlsx
12:05:22  INFO             Iniciando carga a SQL Server...
12:05:22  INFO            [DB] Limpieza incremental desde 2026-05-01 en winforce_provincia
12:05:22  INFO            [DB] Carga incremental exitosa.
12:05:22  INFO          Cerrando navegador...
12:05:22  INFO      Iniciando: Zonificación_Lima.py [INCREMENTAL]
12:05:31  INFO      OK (8s): Zonificación_Lima.py
12:05:31  INFO          ============================================================
12:05:31  INFO            ALIV TELECOM - Clasificador de Zonas WinForce
12:05:31  INFO            Fuente: PARAMETROS_VENTAS.kml
12:05:31  INFO          ============================================================
12:05:31  INFO          [12:05:23] Leyendo KML...
12:05:31  INFO          [12:05:23]   Poligonos P2 (celeste): 129
12:05:31  INFO          [12:05:23]   Poligonos No Venta (rojo): 9
12:05:31  INFO          [12:05:23] Leyendo WinForce desde: descargas_winforce_Dept\Winforce_Lima.xlsx
12:05:31  INFO          [12:05:23]   Registros cargados: 619
12:05:31  INFO          [12:05:23]   Con coordenadas: 619
12:05:31  INFO          [12:05:23]   Sin coordenadas: 0
12:05:31  INFO          [12:05:23]   En bbox de Lima: 619
12:05:31  INFO          [12:05:23] Clasificando registros por zona (puede tardar 1-2 min)...
12:05:31  INFO          
12:05:31  INFO          ============================================================
12:05:31  INFO            RESULTADO DE CLASIFICACION
12:05:31  INFO          ============================================================
12:05:31  INFO            Sin modificación (201)          388  (62.7%)
12:05:31  INFO            Zona P2 (401)                   224  (36.2%)
12:05:31  INFO            No Venta                          7  (1.1%)
12:05:31  INFO          
12:05:31  INFO            Top distritos en Zona No Venta:
12:05:31  INFO              COMAS                              4
12:05:31  INFO              SAN JUAN DE LURIGANCHO             2
12:05:31  INFO              CARABAYLLO                         1
12:05:31  INFO          
12:05:31  INFO            Registros en Zona P2: 224
12:05:31  INFO          ============================================================
12:05:31  INFO          [12:05:24] Modificando archivo original: descargas_winforce_Dept\Winforce_Lima.xlsx...
12:05:31  INFO          [12:05:28] Cambios aplicados correctamente en: descargas_winforce_Dept\Winforce_Lima.xlsx
12:05:31  INFO          
12:05:31  INFO          ============================================================
12:05:31  INFO            [OK] PROCESO COMPLETADO - ARCHIVO ACTUALIZADO
12:05:31  INFO            Ruta: descargas_winforce_Dept\Winforce_Lima.xlsx
12:05:31  INFO            Hojas actualizadas:
12:05:31  INFO              1. Resumen — conteo por zona
12:05:31  INFO              2. No Venta — registros críticos
12:05:31  INFO              3. Data Completa — todos los registros con Zona_KML
12:05:31  INFO          
12:05:31  INFO            Nota: El archivo original ha sido modificado con la
12:05:31  INFO            nueva clasificación. Ya puedes usarlo en Power BI.
12:05:31  INFO          ============================================================
12:05:31  INFO          
12:05:31  INFO            Iniciando carga a SQL Server (winforce_lima)...
12:05:31  INFO            [DB] Limpieza incremental desde 2026-05-01 en winforce_lima
12:05:31  INFO            [DB] Carga incremental exitosa.
12:05:31  INFO          
12:05:31  INFO          Zonificacion exitosa
12:05:31  INFO      Fase semanal completada.
12:05:31  INFO      =======================================================
12:05:31  INFO        PIPELINE FINALIZADO
12:05:31  INFO      =======================================================
12:05:31  INFO      Log completo en: C:\Users\Usuario\Documents\Code Aliv\Python Automate\Descargas_Rápidas\logs\pipeline_2026-05-08_12-03-32.log
