10:31:46  INFO      Log guardado en: C:\Users\Usuario\Documents\Code Aliv\Python Automate\Descargas_Rápidas\logs\pipeline_2026-05-07_10-31-46.log
10:31:46  INFO      Fecha de ejecucion: 2026-05-07 10:31
10:31:46  INFO      =======================================================
10:31:46  INFO        REPORTE DIARIO (ayer)
10:31:46  INFO      =======================================================
10:31:46  INFO      Iniciando: ReporteDiario.py 
10:31:48  ERROR     FALLO (1s): ReporteDiario.py
10:31:48  ERROR         Generando reporte diario para: 06/05/2026
10:31:48  ERROR            Datos: 37 altas C/E Hab. MTD · 3 ayer · 299 Lima MTD
10:31:48  ERROR         Traceback (most recent call last):
10:31:48  ERROR           File "C:\Users\Usuario\Documents\Code Aliv\Python Automate\Descargas_Rápidas\ReporteDiario.py", line 435, in <module>
10:31:48  ERROR             generar_pdf(datos)
10:31:48  ERROR             ~~~~~~~~~~~^^^^^^^
10:31:48  ERROR           File "C:\Users\Usuario\Documents\Code Aliv\Python Automate\Descargas_Rápidas\ReporteDiario.py", line 415, in generar_pdf
10:31:48  ERROR             doc.build(story)
10:31:48  ERROR             ~~~~~~~~~^^^^^^^
10:31:48  ERROR           File "C:\Users\Usuario\AppData\Local\Programs\Python\Python314\Lib\site-packages\reportlab\platypus\doctemplate.py", line 1322, in build
10:31:48  ERROR             BaseDocTemplate.build(self,flowables, canvasmaker=canvasmaker)
10:31:48  ERROR             ~~~~~~~~~~~~~~~~~~~~~^^^^^^^^^^^^^^^^^^^^^^^^^^^^^^^^^^^^^^^^^
10:31:48  ERROR           File "C:\Users\Usuario\AppData\Local\Programs\Python\Python314\Lib\site-packages\reportlab\platypus\doctemplate.py", line 1109, in build
10:31:48  ERROR             self._endBuild()
10:31:48  ERROR             ~~~~~~~~~~~~~~^^
10:31:48  ERROR           File "C:\Users\Usuario\AppData\Local\Programs\Python\Python314\Lib\site-packages\reportlab\platypus\doctemplate.py", line 1044, in _endBuild
10:31:48  ERROR             if getattr(self,'_doSave',1): self.canv.save()
10:31:48  ERROR                                           ~~~~~~~~~~~~~~^^
10:31:48  ERROR           File "C:\Users\Usuario\AppData\Local\Programs\Python\Python314\Lib\site-packages\reportlab\pdfgen\canvas.py", line 1302, in save
10:31:48  ERROR             self._doc.SaveToFile(self._filename, self)
10:31:48  ERROR             ~~~~~~~~~~~~~~~~~~~~^^^^^^^^^^^^^^^^^^^^^^
10:31:48  ERROR           File "C:\Users\Usuario\AppData\Local\Programs\Python\Python314\Lib\site-packages\reportlab\pdfbase\pdfdoc.py", line 208, in SaveToFile
10:31:48  ERROR             f = open(filename, "wb")
10:31:48  ERROR         FileNotFoundError: [Errno 2] No such file or directory: 'Reporte_Diario_C/E_Aliv_2026-05-06.pdf'
10:31:48  ERROR     Paso critico fallido — pipeline detenido.
10:31:48  ERROR     Pipeline detenido.
