12:55:28  INFO      Log guardado en: C:\Users\Usuario\Documents\Code Aliv\Python Automate\Descargas_Rápidas\logs\pipeline_2026-05-06_12-55-28.log
12:55:28  INFO      Fecha de ejecucion: 2026-05-06 12:55
12:55:28  INFO      =======================================================
12:55:28  INFO        FASE 1: DESCARGAS Y CONSOLIDACION
12:55:28  INFO      =======================================================
12:55:28  INFO      Iniciando: WinforceLima2026.py [INCREMENTAL]
12:56:32  ERROR     FALLO (64s): WinforceLima2026.py
12:56:32  ERROR         Iniciando automatización con Playwright...
12:56:32  ERROR         1. Accediendo a la pagina de login...
12:56:32  ERROR            Pagina cargada: Login Page - URL: https://accesoventas.win.pe/
12:56:32  ERROR         2. Iniciando sesion con Microsoft...
12:56:32  ERROR            Escribiendo correo...
12:56:32  ERROR            Escribiendo contrasena...
12:56:32  ERROR            Pantalla '¿Mantener iniciada la sesión?'...
12:56:32  ERROR         2.5 Redirigiendo de vuelta a Winforce y cargando Dashboard...
12:56:32  ERROR            Dashboard cargado correctamente en intento 1.
12:56:32  ERROR         3. Navegando al menu Ventas -> Ventas...
12:56:32  ERROR            [INFO] Ya estamos en la pagina de ventas. Saltando navegacion.
12:56:32  ERROR            Esperando que cargue la vista de ventas...
12:56:32  ERROR         4. Aplicando filtros (Desde - Hasta del mes actual)...
12:56:32  ERROR            [MODO INCREMENTAL] Descargando ultimos 7 dias.
12:56:32  ERROR            Rango calculado: 29-04-2026 al 06-05-2026
12:56:32  ERROR            Fechas establecidas via JS.
12:56:32  ERROR         5. Dando clic en Buscar...
12:56:32  ERROR         6. Esperando a que el sistema traiga los registros...
12:56:32  ERROR         7. Haciendo clic en el botón Descargar...
12:56:32  ERROR         Ocurrio un error en la ejecucion: Timeout 30000ms exceeded while waiting for event "download"
12:56:32  ERROR         =========================== logs ===========================
12:56:32  ERROR         waiting for event "download"
12:56:32  ERROR         ============================================================
12:56:32  ERROR         Se ha guardado 'error_ejecucion.png' para que puedas ver donde fallo.
12:56:32  ERROR         Cerrando navegador...
12:56:32  ERROR     Paso critico fallido — pipeline detenido.
12:56:32  ERROR     Pipeline detenido en Fase 1.
