12:44:07  INFO      Log guardado en: C:\Users\Usuario\Documents\Code Aliv\Python Automate\Descargas_Rápidas\logs\pipeline_2026-05-06_12-44-07.log
12:44:07  INFO      Fecha de ejecucion: 2026-05-06 12:44
12:44:07  INFO      =======================================================
12:44:07  INFO        FASE 1: DESCARGAS Y CONSOLIDACION
12:44:07  INFO      =======================================================
12:44:07  INFO      Iniciando: WinforceLima2026.py [INCREMENTAL]
12:44:58  ERROR     FALLO (51s): WinforceLima2026.py
12:44:58  ERROR         Iniciando automatización con Playwright...
12:44:58  ERROR         1. Accediendo a la pagina de login...
12:44:58  ERROR            Pagina cargada: Login Page - URL: https://accesoventas.win.pe/
12:44:58  ERROR         2. Iniciando sesion con Microsoft...
12:44:58  ERROR            Escribiendo correo...
12:44:58  ERROR            Escribiendo contrasena...
12:44:58  ERROR            Pantalla '¿Mantener iniciada la sesión?'...
12:44:58  ERROR         2.5 Redirigiendo de vuelta a Winforce y cargando Dashboard...
12:44:58  ERROR         3. Navegando al menu Ventas -> Ventas...
12:44:58  ERROR            Buscando menu Ventas...
12:44:58  ERROR         Ocurrio un error en la ejecucion: Locator.click: Timeout 30000ms exceeded.
12:44:58  ERROR         Call log:
12:44:58  ERROR           - waiting for get_by_text("Ventas", exact=True).first
12:44:58  ERROR         
12:44:58  ERROR         Se ha guardado 'error_ejecucion.png' para que puedas ver donde fallo.
12:44:58  ERROR         Cerrando navegador...
12:44:58  ERROR     Paso critico fallido — pipeline detenido.
12:44:58  ERROR     Pipeline detenido en Fase 1.
