17:45:01  INFO      Log guardado en: C:\Users\Usuario\Documents\Code Aliv\Python Automate\Descargas_Rápidas\logs\pipeline_2026-05-08_17-45-01.log
17:45:01  INFO      Fecha de ejecucion: 2026-05-08 17:45
17:45:01  INFO      =======================================================
17:45:01  INFO        SEMANAL: ESTA SEMANA
17:45:01  INFO      =======================================================
17:45:01  INFO      Iniciando: WinforceLima2026.py [INCREMENTAL]
17:45:56  INFO      OK (54s): WinforceLima2026.py
17:45:56  INFO          Iniciando automatización con Playwright...
17:45:56  INFO          1. Accediendo a la pagina de login...
17:45:56  INFO             Pagina cargada: Login Page - URL: https://accesoventas.win.pe/
17:45:56  INFO          2. Iniciando sesion con Microsoft...
17:45:56  INFO             Escribiendo correo...
17:45:56  INFO             Escribiendo contrasena...
17:45:56  INFO             Pantalla '¿Mantener iniciada la sesión?'...
17:45:56  INFO          2.5 Redirigiendo de vuelta a Winforce y cargando Dashboard...
17:45:56  INFO             Dashboard cargado correctamente en intento 1.
17:45:56  INFO          3. Navegando al menu Ventas -> Ventas...
17:45:56  INFO             Submenu 'Ventas' clickeado.
17:45:56  INFO          4. Aplicando filtros (Desde - Hasta del mes actual)...
17:45:56  INFO             [MODO SEMANAL] Rango: 01-05-2026 al 08-05-2026
17:45:56  INFO          5. Dando clic en Buscar...
17:45:56  INFO          6. Esperando resultados de la busqueda...
17:45:56  INFO          7. Descargando Excel...
17:45:56  INFO          8. [OK] 712 registros guardados en: C:\Users\Usuario\Documents\Code Aliv\Python Automate\Descargas_Rápidas\descargas_winforce_Dept\Winforce_Lima.xlsx
17:45:56  INFO          Cerrando navegador...
17:45:56  INFO      Iniciando: WinforceProvincia2026.py [INCREMENTAL]
17:46:43  INFO      OK (47s): WinforceProvincia2026.py
17:46:43  INFO          Iniciando automatización con Playwright...
17:46:43  INFO          1. Accediendo a la pagina de login...
17:46:43  INFO          2. Iniciando sesion con Microsoft...
17:46:43  INFO             Escribiendo correo...
17:46:43  INFO             Escribiendo contrasena...
17:46:43  INFO             Pantalla '¿Mantener iniciada la sesión?'...
17:46:43  INFO          2.5 Redirigiendo de vuelta a Winforce y cargando Dashboard...
17:46:43  INFO             Dashboard cargado correctamente en intento 1.
17:46:43  INFO          3. Navegando al menu Ventas -> Ventas...
17:46:43  INFO             Submenu 'Ventas' clickeado.
17:46:43  INFO          4. Aplicando filtros (Desde - Hasta del mes actual)...
17:46:43  INFO             [MODO SEMANAL] Rango: 01-05-2026 al 08-05-2026
17:46:43  INFO          5. Dando clic en Buscar...
17:46:43  INFO          6. Esperando resultados de la busqueda...
17:46:43  INFO          7. Descargando Excel...
17:46:43  INFO          8. [OK] 308 registros guardados en: C:\Users\Usuario\Documents\Code Aliv\Python Automate\Descargas_Rápidas\descargas_winforce_Dept\Winforce_Provincia.xlsx
17:46:43  INFO             Iniciando carga a SQL Server...
17:46:43  INFO            [DB] Limpieza incremental desde 2026-05-01 en winforce_provincia
17:46:43  INFO            [DB] Carga incremental exitosa.
17:46:43  INFO          Cerrando navegador...
17:46:43  INFO      Iniciando: Zonificación_Lima.py [INCREMENTAL]
17:46:57  INFO      OK (13s): Zonificación_Lima.py
17:46:57  INFO          ============================================================
17:46:57  INFO            ALIV TELECOM - Clasificador de Zonas WinForce
17:46:57  INFO            Fuente: PARAMETROS_VENTAS.kml
17:46:57  INFO          ============================================================
17:46:57  INFO          [17:46:47] Leyendo KML...
17:46:57  INFO          [17:46:47]   Poligonos P2 (celeste): 129
17:46:57  INFO          [17:46:47]   Poligonos No Venta (rojo): 9
17:46:57  INFO          [17:46:47] Leyendo WinForce desde: descargas_winforce_Dept\Winforce_Lima.xlsx
17:46:57  INFO          [17:46:47]   Registros cargados: 712
17:46:57  INFO          [17:46:47]   Con coordenadas: 712
17:46:57  INFO          [17:46:47]   Sin coordenadas: 0
17:46:57  INFO          [17:46:47]   En bbox de Lima: 712
17:46:57  INFO          [17:46:47] Clasificando registros por zona (puede tardar 1-2 min)...
17:46:57  INFO          
17:46:57  INFO          ============================================================
17:46:57  INFO            RESULTADO DE CLASIFICACION
17:46:57  INFO          ============================================================
17:46:57  INFO            Sin modificación (201)          464  (65.2%)
17:46:57  INFO            Zona P2 (401)                   240  (33.7%)
17:46:57  INFO            No Venta                          8  (1.1%)
17:46:57  INFO          
17:46:57  INFO            Top distritos en Zona No Venta:
17:46:57  INFO              COMAS                              4
17:46:57  INFO              SAN JUAN DE LURIGANCHO             3
17:46:57  INFO              CARABAYLLO                         1
17:46:57  INFO          
17:46:57  INFO            Registros en Zona P2: 240
17:46:57  INFO          ============================================================
17:46:57  INFO          [17:46:48] Modificando archivo original: descargas_winforce_Dept\Winforce_Lima.xlsx...
17:46:57  INFO          [17:46:53] Cambios aplicados correctamente en: descargas_winforce_Dept\Winforce_Lima.xlsx
17:46:57  INFO          
17:46:57  INFO          ============================================================
17:46:57  INFO            [OK] PROCESO COMPLETADO - ARCHIVO ACTUALIZADO
17:46:57  INFO            Ruta: descargas_winforce_Dept\Winforce_Lima.xlsx
17:46:57  INFO            Hojas actualizadas:
17:46:57  INFO              1. Resumen — conteo por zona
17:46:57  INFO              2. No Venta — registros críticos
17:46:57  INFO              3. Data Completa — todos los registros con Zona_KML
17:46:57  INFO          
17:46:57  INFO            Nota: El archivo original ha sido modificado con la
17:46:57  INFO            nueva clasificación. Ya puedes usarlo en Power BI.
17:46:57  INFO          ============================================================
17:46:57  INFO          
17:46:57  INFO            Iniciando carga a SQL Server (winforce_lima)...
17:46:57  INFO            [DB] Limpieza incremental desde 2026-05-01 en winforce_lima
17:46:57  INFO            [DB] Carga incremental exitosa.
17:46:57  INFO          
17:46:57  INFO          Zonificacion exitosa
17:46:57  INFO      Fase semanal completada.
17:46:57  INFO      =======================================================
17:46:57  INFO        PIPELINE FINALIZADO
17:46:57  INFO      =======================================================
17:46:57  INFO      Log completo en: C:\Users\Usuario\Documents\Code Aliv\Python Automate\Descargas_Rápidas\logs\pipeline_2026-05-08_17-45-01.log
