09:35:23  INFO      Log guardado en: C:\Users\Usuario\Documents\Code Aliv\Python Automate\Descargas_Rápidas\logs\pipeline_2026-05-06_09-35-23.log
09:35:23  INFO      Fecha de ejecucion: 2026-05-06 09:35
09:35:23  INFO      =======================================================
09:35:23  INFO        FASE 1: DESCARGAS Y CONSOLIDACION
09:35:23  INFO      =======================================================
09:35:23  INFO      Iniciando: WinforceLima2026.py [INCREMENTAL]
09:36:16  INFO      OK (52s): WinforceLima2026.py
09:36:16  INFO          Iniciando automatización con Playwright...
09:36:16  INFO          1. Accediendo a la pagina de login...
09:36:16  INFO             Pagina cargada: Login Page - URL: https://accesoventas.win.pe/
09:36:16  INFO          2. Iniciando sesion con Microsoft...
09:36:16  INFO             Escribiendo correo...
09:36:16  INFO             Escribiendo contrasena...
09:36:16  INFO             Pantalla '¿Mantener iniciada la sesión?'...
09:36:16  INFO          2.5 Redirigiendo de vuelta a Winforce y cargando Dashboard...
09:36:16  INFO          3. Navegando al menú Ventas -> Ventas...
09:36:16  INFO             Esperando el submenú...
09:36:16  INFO             Esperando que cargue la vista de ventas...
09:36:16  INFO          4. Aplicando filtros (Desde - Hasta del mes actual)...
09:36:16  INFO             [MODO INCREMENTAL] Descargando ultimos 7 dias.
09:36:16  INFO             Rango calculado: 29-04-2026 al 06-05-2026
09:36:16  INFO          5. Dando clic en Buscar...
09:36:16  INFO          6. Esperando a que el sistema traiga los registros...
09:36:16  INFO          7. Haciendo clic en el botón Descargar...
09:36:16  INFO             Convirtiendo venta.xls a .xlsx...
09:36:16  INFO             Detectado posible formato HTML, reintentando lectura...
09:36:16  INFO             Conversión exitosa.
09:36:16  INFO          8. [OK] El reporte se guardo correctamente en: C:\Users\Usuario\Documents\Code Aliv\Python Automate\Descargas_Rápidas\descargas_winforce_Dept\Winforce_Lima.xlsx
09:36:16  INFO          Cerrando navegador...
09:36:16  INFO      Iniciando: WinforceProvincia2026.py [INCREMENTAL]
09:37:07  INFO      OK (50s): WinforceProvincia2026.py
09:37:07  INFO          Iniciando automatización con Playwright...
09:37:07  INFO          1. Accediendo a la pagina de login...
09:37:07  INFO          2. Iniciando sesion con Microsoft...
09:37:07  INFO             Escribiendo correo...
09:37:07  INFO             Escribiendo contrasena...
09:37:07  INFO             Pantalla '¿Mantener iniciada la sesión?'...
09:37:07  INFO          2.5 Redirigiendo de vuelta a Winforce y cargando Dashboard...
09:37:07  INFO          3. Navegando al menú Ventas -> Ventas...
09:37:07  INFO             Esperando el submenú...
09:37:07  INFO             Esperando que cargue la vista de ventas...
09:37:07  INFO          4. Aplicando filtros (Desde - Hasta del mes actual)...
09:37:07  INFO             [MODO INCREMENTAL] Descargando ultimos 7 dias.
09:37:07  INFO             Rango calculado: 29-04-2026 al 06-05-2026
09:37:07  INFO          5. Dando clic en Buscar...
09:37:07  INFO          6. Esperando a que el sistema traiga los registros...
09:37:07  INFO          7. Haciendo clic en el botón Descargar...
09:37:07  INFO             Convirtiendo venta.xls a .xlsx...
09:37:07  INFO             Detectado posible formato HTML, reintentando lectura...
09:37:07  INFO             Conversión exitosa.
09:37:07  INFO          8. [OK] El reporte se guardo correctamente en: C:\Users\Usuario\Documents\Code Aliv\Python Automate\Descargas_Rápidas\descargas_winforce_Dept\Winforce_Provincia.xlsx
09:37:07  INFO             Iniciando carga a SQL Server...
09:37:07  INFO            [DB] ERROR incremental: (pyodbc.ProgrammingError) ('42S22', "[42S22] [Microsoft][ODBC Driver 17 for SQL Server][SQL Server]Invalid column name '[Fecha de registro]'. (207) (SQLExecDirectW)")
09:37:07  INFO          [SQL: DELETE FROM winforce_provincia WHERE "[Fecha de registro]" >= '2026-04-29']
09:37:07  INFO          (Background on this error at: https://sqlalche.me/e/20/f405)
09:37:07  INFO          Cerrando navegador...
09:37:07  INFO      Iniciando: Zonificación_Lima.py [INCREMENTAL]
09:37:17  INFO      OK (10s): Zonificación_Lima.py
09:37:17  INFO          ============================================================
09:37:17  INFO            ALIV TELECOM - Clasificador de Zonas WinForce
09:37:17  INFO            Fuente: PARAMETROS_VENTAS.kml
09:37:17  INFO          ============================================================
09:37:17  INFO          [09:37:08] Leyendo KML...
09:37:17  INFO          [09:37:09]   Poligonos P2 (celeste): 129
09:37:17  INFO          [09:37:09]   Poligonos No Venta (rojo): 9
09:37:17  INFO          [09:37:09] Leyendo WinForce desde: descargas_winforce_Dept\Winforce_Lima.xlsx
09:37:17  INFO          [09:37:09]   Registros cargados: 560
09:37:17  INFO          [09:37:09]   Con coordenadas: 560
09:37:17  INFO          [09:37:09]   Sin coordenadas: 0
09:37:17  INFO          [09:37:09]   En bbox de Lima: 560
09:37:17  INFO          [09:37:09] Clasificando registros por zona (puede tardar 1-2 min)...
09:37:17  INFO          
09:37:17  INFO          ============================================================
09:37:17  INFO            RESULTADO DE CLASIFICACION
09:37:17  INFO          ============================================================
09:37:17  INFO            Sin modificación (201)          332  (59.3%)
09:37:17  INFO            Zona P2 (401)                   223  (39.8%)
09:37:17  INFO            No Venta                          5  (0.9%)
09:37:17  INFO          
09:37:17  INFO            Top distritos en Zona No Venta:
09:37:17  INFO              COMAS                              3
09:37:17  INFO              SAN JUAN DE LURIGANCHO             2
09:37:17  INFO          
09:37:17  INFO            Registros en Zona P2: 223
09:37:17  INFO          ============================================================
09:37:17  INFO          [09:37:10] Modificando archivo original: descargas_winforce_Dept\Winforce_Lima.xlsx...
09:37:17  INFO          [09:37:17] Cambios aplicados correctamente en: descargas_winforce_Dept\Winforce_Lima.xlsx
09:37:17  INFO          
09:37:17  INFO          ============================================================
09:37:17  INFO            [OK] PROCESO COMPLETADO - ARCHIVO ACTUALIZADO
09:37:17  INFO            Ruta: descargas_winforce_Dept\Winforce_Lima.xlsx
09:37:17  INFO            Hojas actualizadas:
09:37:17  INFO              1. Resumen — conteo por zona
09:37:17  INFO              2. No Venta — registros críticos
09:37:17  INFO              3. Data Completa — todos los registros con Zona_KML
09:37:17  INFO          
09:37:17  INFO            Nota: El archivo original ha sido modificado con la
09:37:17  INFO            nueva clasificación. Ya puedes usarlo en Power BI.
09:37:17  INFO          ============================================================
09:37:17  INFO          
09:37:17  INFO            Iniciando carga a SQL Server (winforce_lima)...
09:37:17  INFO            [DB] ERROR incremental: (pyodbc.ProgrammingError) ('42S22', "[42S22] [Microsoft][ODBC Driver 17 for SQL Server][SQL Server]Invalid column name '[Fecha de registro]'. (207) (SQLExecDirectW)")
09:37:17  INFO          [SQL: DELETE FROM winforce_lima WHERE "[Fecha de registro]" >= '2026-04-29']
09:37:17  INFO          (Background on this error at: https://sqlalche.me/e/20/f405)
09:37:17  INFO          
09:37:17  INFO          Zonificacion exitosa
09:37:17  INFO      Fase 1 completada.
09:37:17  INFO      =======================================================
09:37:17  INFO        PIPELINE FINALIZADO
09:37:17  INFO      =======================================================
09:37:17  INFO      Log completo en: C:\Users\Usuario\Documents\Code Aliv\Python Automate\Descargas_Rápidas\logs\pipeline_2026-05-06_09-35-23.log
