13:01:13  INFO      Log guardado en: C:\Users\Usuario\Documents\Code Aliv\Python Automate\Descargas_Rápidas\logs\pipeline_2026-05-06_13-01-13.log
13:01:13  INFO      Fecha de ejecucion: 2026-05-06 13:01
13:01:13  INFO      =======================================================
13:01:13  INFO        FASE 1: DESCARGAS Y CONSOLIDACION
13:01:13  INFO      =======================================================
13:01:13  INFO      Iniciando: WinforceLima2026.py [INCREMENTAL]
13:02:03  INFO      OK (50s): WinforceLima2026.py
13:02:03  INFO          Iniciando automatización con Playwright...
13:02:03  INFO          1. Accediendo a la pagina de login...
13:02:03  INFO             Pagina cargada: Login Page - URL: https://accesoventas.win.pe/
13:02:03  INFO          2. Iniciando sesion con Microsoft...
13:02:03  INFO             Escribiendo correo...
13:02:03  INFO             Escribiendo contrasena...
13:02:03  INFO             Pantalla '¿Mantener iniciada la sesión?'...
13:02:03  INFO          2.5 Redirigiendo de vuelta a Winforce y cargando Dashboard...
13:02:03  INFO             [AVISO] Error 500 de Winforce (intento 1/10). Reintentando...
13:02:03  INFO             [AVISO] Error 500 de Winforce (intento 2/10). Reintentando...
13:02:03  INFO             [AVISO] Error 500 de Winforce (intento 3/10). Reintentando...
13:02:03  INFO             [AVISO] Error 500 de Winforce (intento 4/10). Reintentando...
13:02:03  INFO             Dashboard cargado correctamente en intento 5.
13:02:03  INFO          3. Navegando al menu Ventas -> Ventas...
13:02:03  INFO             [INFO] Ya estamos en la pagina de ventas. Saltando navegacion.
13:02:03  INFO             Esperando que cargue la vista de ventas...
13:02:03  INFO          4. Aplicando filtros (Desde - Hasta del mes actual)...
13:02:03  INFO             [MODO INCREMENTAL] Descargando ultimos 7 dias.
13:02:03  INFO             Rango calculado: 29-04-2026 al 06-05-2026
13:02:03  INFO             Fechas establecidas via Flatpickr API.
13:02:03  INFO          5. Dando clic en Buscar...
13:02:03  INFO          6. Esperando a que el sistema traiga los registros...
13:02:03  INFO             [AVISO] No hay datos en el rango de fechas seleccionado. Saltando descarga.
13:02:03  INFO          Cerrando navegador...
13:02:03  INFO      Iniciando: WinforceProvincia2026.py [INCREMENTAL]
13:02:51  INFO      OK (48s): WinforceProvincia2026.py
13:02:51  INFO          Iniciando automatización con Playwright...
13:02:51  INFO          1. Accediendo a la pagina de login...
13:02:51  INFO          2. Iniciando sesion con Microsoft...
13:02:51  INFO             Escribiendo correo...
13:02:51  INFO             Escribiendo contrasena...
13:02:51  INFO             Pantalla '¿Mantener iniciada la sesión?'...
13:02:51  INFO          2.5 Redirigiendo de vuelta a Winforce y cargando Dashboard...
13:02:51  INFO             [AVISO] Error 500 de Winforce (intento 1/10). Reintentando...
13:02:51  INFO             [AVISO] Error 500 de Winforce (intento 2/10). Reintentando...
13:02:51  INFO             [AVISO] Error 500 de Winforce (intento 3/10). Reintentando...
13:02:51  INFO             Dashboard cargado correctamente en intento 4.
13:02:51  INFO          3. Navegando al menu Ventas -> Ventas...
13:02:51  INFO             [INFO] Ya estamos en la pagina de ventas. Saltando navegacion.
13:02:51  INFO             Esperando que cargue la vista de ventas...
13:02:51  INFO          4. Aplicando filtros (Desde - Hasta del mes actual)...
13:02:51  INFO             [MODO INCREMENTAL] Descargando ultimos 7 dias.
13:02:51  INFO             Rango calculado: 29-04-2026 al 06-05-2026
13:02:51  INFO             Fechas establecidas via Flatpickr API.
13:02:51  INFO          5. Dando clic en Buscar...
13:02:51  INFO          6. Esperando a que el sistema traiga los registros...
13:02:51  INFO             [AVISO] No hay datos en el rango de fechas seleccionado. Saltando descarga.
13:02:51  INFO          Cerrando navegador...
13:02:51  INFO      Iniciando: Zonificación_Lima.py [INCREMENTAL]
13:02:54  ERROR     FALLO (2s): Zonificación_Lima.py
13:02:54  ERROR         ============================================================
13:02:54  ERROR           ALIV TELECOM - Clasificador de Zonas WinForce
13:02:54  ERROR           Fuente: PARAMETROS_VENTAS.kml
13:02:54  ERROR         ============================================================
13:02:54  ERROR         [13:02:53] Leyendo KML...
13:02:54  ERROR         [13:02:53]   Poligonos P2 (celeste): 129
13:02:54  ERROR         [13:02:53]   Poligonos No Venta (rojo): 9
13:02:54  ERROR         [13:02:53] Leyendo WinForce desde: descargas_winforce_Dept\Winforce_Lima.xlsx
13:02:54  ERROR         [13:02:53] ERROR: El archivo es el output procesado anterior, no una descarga fresca de WinForce.
13:02:54  ERROR         [13:02:53]   Ejecuta primero WinforceLima2026.py para obtener datos actualizados.
13:02:54  ERROR     Paso critico fallido — pipeline detenido.
13:02:54  ERROR     Pipeline detenido en Fase 1.
