13:05:14  INFO      Log guardado en: C:\Users\Usuario\Documents\Code Aliv\Python Automate\Descargas_Rápidas\logs\pipeline_2026-05-09_13-05-14.log
13:05:14  INFO      Fecha de ejecucion: 2026-05-09 13:05
13:05:14  INFO      =======================================================
13:05:14  INFO        SEMANAL: ESTA SEMANA
13:05:14  INFO      =======================================================
13:05:14  INFO      Iniciando: WinforceLima2026.py [INCREMENTAL]
13:06:07  INFO      OK (52s): WinforceLima2026.py
13:06:07  INFO          Iniciando automatización con Playwright...
13:06:07  INFO          1. Accediendo a la pagina de login...
13:06:07  INFO             Pagina cargada: Login Page - URL: https://accesoventas.win.pe/
13:06:07  INFO          2. Iniciando sesion con Microsoft...
13:06:07  INFO             Escribiendo correo...
13:06:07  INFO             Escribiendo contrasena...
13:06:07  INFO             Pantalla '¿Mantener iniciada la sesión?'...
13:06:07  INFO          2.5 Redirigiendo de vuelta a Winforce y cargando Dashboard...
13:06:07  INFO             Dashboard cargado correctamente en intento 1.
13:06:07  INFO          3. Navegando al menu Ventas -> Ventas...
13:06:07  INFO             Submenu 'Ventas' clickeado.
13:06:07  INFO          4. Aplicando filtros (Desde - Hasta del mes actual)...
13:06:07  INFO             [MODO SEMANAL] Rango: 02-05-2026 al 09-05-2026
13:06:07  INFO          5. Dando clic en Buscar...
13:06:07  INFO          6. Esperando resultados de la busqueda...
13:06:07  INFO          7. Descargando Excel...
13:06:07  INFO          8. [OK] 768 registros guardados en: C:\Users\Usuario\Documents\Code Aliv\Python Automate\Descargas_Rápidas\descargas_winforce_Dept\Winforce_Lima.xlsx
13:06:07  INFO          Cerrando navegador...
13:06:07  INFO      Iniciando: WinforceProvincia2026.py [INCREMENTAL]
13:07:01  INFO      OK (54s): WinforceProvincia2026.py
13:07:01  INFO          Iniciando automatización con Playwright...
13:07:01  INFO          1. Accediendo a la pagina de login...
13:07:01  INFO          2. Iniciando sesion con Microsoft...
13:07:01  INFO             Escribiendo correo...
13:07:01  INFO             Escribiendo contrasena...
13:07:01  INFO             Pantalla '¿Mantener iniciada la sesión?'...
13:07:01  INFO          2.5 Redirigiendo de vuelta a Winforce y cargando Dashboard...
13:07:01  INFO             Dashboard cargado correctamente en intento 1.
13:07:01  INFO          3. Navegando al menu Ventas -> Ventas...
13:07:01  INFO             Submenu 'Ventas' clickeado.
13:07:01  INFO          4. Aplicando filtros (Desde - Hasta del mes actual)...
13:07:01  INFO             [MODO SEMANAL] Rango: 02-05-2026 al 09-05-2026
13:07:01  INFO          5. Dando clic en Buscar...
13:07:01  INFO          6. Esperando resultados de la busqueda...
13:07:01  INFO          7. Descargando Excel...
13:07:01  INFO          8. [OK] 336 registros guardados en: C:\Users\Usuario\Documents\Code Aliv\Python Automate\Descargas_Rápidas\descargas_winforce_Dept\Winforce_Provincia.xlsx
13:07:01  INFO             Iniciando carga a SQL Server...
13:07:01  INFO            [DB] Limpieza incremental desde 2026-05-02 en winforce_provincia
13:07:01  INFO            [DB] Carga incremental exitosa.
13:07:01  INFO          Cerrando navegador...
13:07:01  INFO      Iniciando: Zonificación_Lima.py [INCREMENTAL]
13:07:20  INFO      OK (19s): Zonificación_Lima.py
13:07:20  INFO          ============================================================
13:07:20  INFO            ALIV TELECOM - Clasificador de Zonas WinForce
13:07:20  INFO            Fuente: PARAMETROS_VENTAS.kml
13:07:20  INFO          ============================================================
13:07:20  INFO          [13:07:03] Leyendo KML...
13:07:20  INFO          [13:07:03]   Poligonos P2 (celeste): 129
13:07:20  INFO          [13:07:03]   Poligonos No Venta (rojo): 9
13:07:20  INFO          [13:07:03] Leyendo WinForce desde: descargas_winforce_Dept\Winforce_Lima.xlsx
13:07:20  INFO          [13:07:04]   Registros cargados: 768
13:07:20  INFO          [13:07:04]   Con coordenadas: 768
13:07:20  INFO          [13:07:04]   Sin coordenadas: 0
13:07:20  INFO          [13:07:04]   En bbox de Lima: 768
13:07:20  INFO          [13:07:04] Clasificando registros por zona (puede tardar 1-2 min)...
13:07:20  INFO          
13:07:20  INFO          ============================================================
13:07:20  INFO            RESULTADO DE CLASIFICACION
13:07:20  INFO          ============================================================
13:07:20  INFO            Sin modificación (201)          503  (65.5%)
13:07:20  INFO            Zona P2 (401)                   258  (33.6%)
13:07:20  INFO            No Venta                          7  (0.9%)
13:07:20  INFO          
13:07:20  INFO            Top distritos en Zona No Venta:
13:07:20  INFO              COMAS                              4
13:07:20  INFO              SAN JUAN DE LURIGANCHO             2
13:07:20  INFO              CARABAYLLO                         1
13:07:20  INFO          
13:07:20  INFO            Registros en Zona P2: 258
13:07:20  INFO          ============================================================
13:07:20  INFO          [13:07:04] Modificando archivo original: descargas_winforce_Dept\Winforce_Lima.xlsx...
13:07:20  INFO          [13:07:14] Cambios aplicados correctamente en: descargas_winforce_Dept\Winforce_Lima.xlsx
13:07:20  INFO          
13:07:20  INFO          ============================================================
13:07:20  INFO            [OK] PROCESO COMPLETADO - ARCHIVO ACTUALIZADO
13:07:20  INFO            Ruta: descargas_winforce_Dept\Winforce_Lima.xlsx
13:07:20  INFO            Hojas actualizadas:
13:07:20  INFO              1. Resumen — conteo por zona
13:07:20  INFO              2. No Venta — registros críticos
13:07:20  INFO              3. Data Completa — todos los registros con Zona_KML
13:07:20  INFO          
13:07:20  INFO            Nota: El archivo original ha sido modificado con la
13:07:20  INFO            nueva clasificación. Ya puedes usarlo en Power BI.
13:07:20  INFO          ============================================================
13:07:20  INFO          
13:07:20  INFO            Iniciando carga a SQL Server (winforce_lima)...
13:07:20  INFO            [DB] Limpieza incremental desde 2026-05-02 en winforce_lima
13:07:20  INFO            [DB] Carga incremental exitosa.
13:07:20  INFO          
13:07:20  INFO          Zonificacion exitosa
13:07:20  INFO      Fase semanal completada.
13:07:20  INFO      =======================================================
13:07:20  INFO        PIPELINE FINALIZADO
13:07:20  INFO      =======================================================
13:07:20  INFO      Log completo en: C:\Users\Usuario\Documents\Code Aliv\Python Automate\Descargas_Rápidas\logs\pipeline_2026-05-09_13-05-14.log
