15:10:23  INFO      Log guardado en: C:\Users\Usuario\Documents\Code Aliv\Python Automate\Descargas_Rápidas\logs\pipeline_2026-05-11_15-10-23.log
15:10:23  INFO      Fecha de ejecucion: 2026-05-11 15:10
15:10:23  INFO      =======================================================
15:10:23  INFO        SEMANAL: ESTA SEMANA
15:10:23  INFO      =======================================================
15:10:23  INFO      Iniciando: WinforceLima2026.py [INCREMENTAL]
15:11:24  INFO      OK (60s): WinforceLima2026.py
15:11:24  INFO          Iniciando automatización con Playwright...
15:11:24  INFO          1. Accediendo a la pagina de login...
15:11:24  INFO             Pagina cargada: Login Page - URL: https://accesoventas.win.pe/
15:11:24  INFO          2. Iniciando sesion con Microsoft...
15:11:24  INFO             Escribiendo correo...
15:11:24  INFO             Escribiendo contrasena...
15:11:24  INFO             Pantalla '¿Mantener iniciada la sesión?'...
15:11:24  INFO          2.5 Redirigiendo de vuelta a Winforce y cargando Dashboard...
15:11:24  INFO             Dashboard cargado correctamente en intento 1.
15:11:24  INFO          3. Navegando al menu Ventas -> Ventas...
15:11:24  INFO             Submenu 'Ventas' clickeado.
15:11:24  INFO          4. Aplicando filtros (Desde - Hasta del mes actual)...
15:11:24  INFO             [MODO MENSUAL INCREMENTAL] Rango: 01-04-2026 al 11-05-2026
15:11:24  INFO          5. Dando clic en Buscar...
15:11:24  INFO          6. Esperando resultados de la busqueda...
15:11:24  INFO          7. Descargando Excel...
15:11:24  INFO          8. [OK] 3,690 registros guardados en: C:\Users\Usuario\Documents\Code Aliv\Python Automate\Descargas_Rápidas\descargas_winforce_Dept\Winforce_Lima.xlsx
15:11:24  INFO          Cerrando navegador...
15:11:24  INFO      Iniciando: WinforceProvincia2026.py [INCREMENTAL]
15:12:28  INFO      OK (64s): WinforceProvincia2026.py
15:12:28  INFO          Iniciando automatización con Playwright...
15:12:28  INFO          1. Accediendo a la pagina de login...
15:12:28  INFO          2. Iniciando sesion con Microsoft...
15:12:28  INFO             Escribiendo correo...
15:12:28  INFO             Escribiendo contrasena...
15:12:28  INFO             Pantalla '¿Mantener iniciada la sesión?'...
15:12:28  INFO          2.5 Redirigiendo de vuelta a Winforce y cargando Dashboard...
15:12:28  INFO             Dashboard cargado correctamente en intento 1.
15:12:28  INFO          3. Navegando al menu Ventas -> Ventas...
15:12:28  INFO             Submenu 'Ventas' clickeado.
15:12:28  INFO          4. Aplicando filtros (Desde - Hasta del mes actual)...
15:12:28  INFO             [MODO MENSUAL INCREMENTAL] Rango: 01-04-2026 al 11-05-2026
15:12:28  INFO          5. Dando clic en Buscar...
15:12:28  INFO          6. Esperando resultados de la busqueda...
15:12:28  INFO          7. Descargando Excel...
15:12:28  INFO          8. [OK] 1,821 registros guardados en: C:\Users\Usuario\Documents\Code Aliv\Python Automate\Descargas_Rápidas\descargas_winforce_Dept\Winforce_Provincia.xlsx
15:12:28  INFO             Iniciando carga a SQL Server...
15:12:28  INFO            [DB] Limpieza incremental desde 2026-05-04 en winforce_provincia
15:12:28  INFO            [DB] Carga incremental exitosa.
15:12:28  INFO          Cerrando navegador...
15:12:28  INFO      Iniciando: Zonificación_Lima.py [INCREMENTAL]
15:13:26  INFO      OK (57s): Zonificación_Lima.py
15:13:26  INFO          ============================================================
15:13:26  INFO            ALIV TELECOM - Clasificador de Zonas WinForce
15:13:26  INFO            Fuente: PARAMETROS_VENTAS.kml
15:13:26  INFO          ============================================================
15:13:26  INFO          [15:12:29] Leyendo KML...
15:13:26  INFO          [15:12:29]   Poligonos P2 (celeste): 129
15:13:26  INFO          [15:12:29]   Poligonos No Venta (rojo): 9
15:13:26  INFO          [15:12:29] Leyendo WinForce desde: descargas_winforce_Dept\Winforce_Lima.xlsx
15:13:26  INFO          [15:12:31]   Registros cargados: 3,690
15:13:26  INFO          [15:12:31]   Con coordenadas: 3,690
15:13:26  INFO          [15:12:31]   Sin coordenadas: 0
15:13:26  INFO          [15:12:31]   En bbox de Lima: 3,682
15:13:26  INFO          [15:12:31] Clasificando registros por zona (puede tardar 1-2 min)...
15:13:26  INFO          
15:13:26  INFO          ============================================================
15:13:26  INFO            RESULTADO DE CLASIFICACION
15:13:26  INFO          ============================================================
15:13:26  INFO            Sin modificación (201)        2,255  (61.1%)
15:13:26  INFO            Zona P2 (401)                 1,336  (36.2%)
15:13:26  INFO            No Venta                         99  (2.7%)
15:13:26  INFO          
15:13:26  INFO            Top distritos en Zona No Venta:
15:13:26  INFO              SAN JUAN DE LURIGANCHO            39
15:13:26  INFO              COMAS                             28
15:13:26  INFO              VILLA EL SALVADOR                 20
15:13:26  INFO              CARABAYLLO                         9
15:13:26  INFO              SAN JUAN DE MIRAFLORES             1
15:13:26  INFO              INDEPENDENCIA                      1
15:13:26  INFO              VILLA MARIA DEL TRIUNFO            1
15:13:26  INFO          
15:13:26  INFO            Registros en Zona P2: 1,336
15:13:26  INFO          ============================================================
15:13:26  INFO          [15:12:34] Modificando archivo original: descargas_winforce_Dept\Winforce_Lima.xlsx...
15:13:26  INFO          [15:13:12] Cambios aplicados correctamente en: descargas_winforce_Dept\Winforce_Lima.xlsx
15:13:26  INFO          
15:13:26  INFO          ============================================================
15:13:26  INFO            [OK] PROCESO COMPLETADO - ARCHIVO ACTUALIZADO
15:13:26  INFO            Ruta: descargas_winforce_Dept\Winforce_Lima.xlsx
15:13:26  INFO            Hojas actualizadas:
15:13:26  INFO              1. Resumen — conteo por zona
15:13:26  INFO              2. No Venta — registros críticos
15:13:26  INFO              3. Data Completa — todos los registros con Zona_KML
15:13:26  INFO          
15:13:26  INFO            Nota: El archivo original ha sido modificado con la
15:13:26  INFO            nueva clasificación. Ya puedes usarlo en Power BI.
15:13:26  INFO          ============================================================
15:13:26  INFO          
15:13:26  INFO            Iniciando carga a SQL Server (winforce_lima)...
15:13:26  INFO            [DB] Limpieza incremental desde 2026-05-04 en winforce_lima
15:13:26  INFO            [DB] Carga incremental exitosa.
15:13:26  INFO          
15:13:26  INFO          Zonificacion exitosa
15:13:26  INFO      Fase semanal completada.
15:13:26  INFO      =======================================================
15:13:26  INFO        PIPELINE FINALIZADO
15:13:26  INFO      =======================================================
15:13:26  INFO      Log completo en: C:\Users\Usuario\Documents\Code Aliv\Python Automate\Descargas_Rápidas\logs\pipeline_2026-05-11_15-10-23.log
