12:14:16  INFO      Log guardado en: C:\Users\Usuario\Documents\Code Aliv\Python Automate\Descargas_Rápidas\logs\pipeline_2026-05-08_12-14-16.log
12:14:16  INFO      Fecha de ejecucion: 2026-05-08 12:14
12:14:16  INFO      =======================================================
12:14:16  INFO        SEMANAL: ESTA SEMANA
12:14:16  INFO      =======================================================
12:14:16  INFO      Iniciando: WinforceLima2026.py [INCREMENTAL]
12:15:13  INFO      OK (56s): WinforceLima2026.py
12:15:13  INFO          Iniciando automatización con Playwright...
12:15:13  INFO          1. Accediendo a la pagina de login...
12:15:13  INFO             Pagina cargada: Login Page - URL: https://accesoventas.win.pe/
12:15:13  INFO          2. Iniciando sesion con Microsoft...
12:15:13  INFO             Escribiendo correo...
12:15:13  INFO             Escribiendo contrasena...
12:15:13  INFO             Pantalla '¿Mantener iniciada la sesión?'...
12:15:13  INFO          2.5 Redirigiendo de vuelta a Winforce y cargando Dashboard...
12:15:13  INFO             Dashboard cargado correctamente en intento 1.
12:15:13  INFO          3. Navegando al menu Ventas -> Ventas...
12:15:13  INFO             Submenu 'Ventas' clickeado.
12:15:13  INFO          4. Aplicando filtros (Desde - Hasta del mes actual)...
12:15:13  INFO             [MODO SEMANAL] Rango: 01-05-2026 al 08-05-2026
12:15:13  INFO          5. Dando clic en Buscar...
12:15:13  INFO          6. Esperando resultados de la busqueda...
12:15:13  INFO          7. Descargando Excel...
12:15:13  INFO          8. [OK] 621 registros guardados en: C:\Users\Usuario\Documents\Code Aliv\Python Automate\Descargas_Rápidas\descargas_winforce_Dept\Winforce_Lima.xlsx
12:15:13  INFO          Cerrando navegador...
12:15:13  INFO      Iniciando: WinforceProvincia2026.py [INCREMENTAL]
12:16:09  INFO      OK (55s): WinforceProvincia2026.py
12:16:09  INFO          Iniciando automatización con Playwright...
12:16:09  INFO          1. Accediendo a la pagina de login...
12:16:09  INFO          2. Iniciando sesion con Microsoft...
12:16:09  INFO             Escribiendo correo...
12:16:09  INFO             Escribiendo contrasena...
12:16:09  INFO             Pantalla '¿Mantener iniciada la sesión?'...
12:16:09  INFO          2.5 Redirigiendo de vuelta a Winforce y cargando Dashboard...
12:16:09  INFO             Dashboard cargado correctamente en intento 1.
12:16:09  INFO          3. Navegando al menu Ventas -> Ventas...
12:16:09  INFO             Submenu 'Ventas' clickeado.
12:16:09  INFO          4. Aplicando filtros (Desde - Hasta del mes actual)...
12:16:09  INFO             [MODO SEMANAL] Rango: 01-05-2026 al 08-05-2026
12:16:09  INFO          5. Dando clic en Buscar...
12:16:09  INFO          6. Esperando resultados de la busqueda...
12:16:09  INFO          7. Descargando Excel...
12:16:09  INFO          8. [OK] 287 registros guardados en: C:\Users\Usuario\Documents\Code Aliv\Python Automate\Descargas_Rápidas\descargas_winforce_Dept\Winforce_Provincia.xlsx
12:16:09  INFO             Iniciando carga a SQL Server...
12:16:09  INFO            [DB] Limpieza incremental desde 2026-05-01 en winforce_provincia
12:16:09  INFO            [DB] Carga incremental exitosa.
12:16:09  INFO          Cerrando navegador...
12:16:09  INFO      Iniciando: Zonificación_Lima.py [INCREMENTAL]
12:16:23  INFO      OK (14s): Zonificación_Lima.py
12:16:23  INFO          ============================================================
12:16:23  INFO            ALIV TELECOM - Clasificador de Zonas WinForce
12:16:23  INFO            Fuente: PARAMETROS_VENTAS.kml
12:16:23  INFO          ============================================================
12:16:23  INFO          [12:16:10] Leyendo KML...
12:16:23  INFO          [12:16:10]   Poligonos P2 (celeste): 129
12:16:23  INFO          [12:16:10]   Poligonos No Venta (rojo): 9
12:16:23  INFO          [12:16:10] Leyendo WinForce desde: descargas_winforce_Dept\Winforce_Lima.xlsx
12:16:23  INFO          [12:16:11]   Registros cargados: 621
12:16:23  INFO          [12:16:11]   Con coordenadas: 621
12:16:23  INFO          [12:16:11]   Sin coordenadas: 0
12:16:23  INFO          [12:16:11]   En bbox de Lima: 621
12:16:23  INFO          [12:16:11] Clasificando registros por zona (puede tardar 1-2 min)...
12:16:23  INFO          
12:16:23  INFO          ============================================================
12:16:23  INFO            RESULTADO DE CLASIFICACION
12:16:23  INFO          ============================================================
12:16:23  INFO            Sin modificación (201)          390  (62.8%)
12:16:23  INFO            Zona P2 (401)                   224  (36.1%)
12:16:23  INFO            No Venta                          7  (1.1%)
12:16:23  INFO          
12:16:23  INFO            Top distritos en Zona No Venta:
12:16:23  INFO              COMAS                              4
12:16:23  INFO              SAN JUAN DE LURIGANCHO             2
12:16:23  INFO              CARABAYLLO                         1
12:16:23  INFO          
12:16:23  INFO            Registros en Zona P2: 224
12:16:23  INFO          ============================================================
12:16:23  INFO          [12:16:11] Modificando archivo original: descargas_winforce_Dept\Winforce_Lima.xlsx...
12:16:23  INFO          [12:16:17] Cambios aplicados correctamente en: descargas_winforce_Dept\Winforce_Lima.xlsx
12:16:23  INFO          
12:16:23  INFO          ============================================================
12:16:23  INFO            [OK] PROCESO COMPLETADO - ARCHIVO ACTUALIZADO
12:16:23  INFO            Ruta: descargas_winforce_Dept\Winforce_Lima.xlsx
12:16:23  INFO            Hojas actualizadas:
12:16:23  INFO              1. Resumen — conteo por zona
12:16:23  INFO              2. No Venta — registros críticos
12:16:23  INFO              3. Data Completa — todos los registros con Zona_KML
12:16:23  INFO          
12:16:23  INFO            Nota: El archivo original ha sido modificado con la
12:16:23  INFO            nueva clasificación. Ya puedes usarlo en Power BI.
12:16:23  INFO          ============================================================
12:16:23  INFO          
12:16:23  INFO            Iniciando carga a SQL Server (winforce_lima)...
12:16:23  INFO            [DB] Limpieza incremental desde 2026-05-01 en winforce_lima
12:16:23  INFO            [DB] Carga incremental exitosa.
12:16:23  INFO          
12:16:23  INFO          Zonificacion exitosa
12:16:23  INFO      Fase semanal completada.
12:16:23  INFO      =======================================================
12:16:23  INFO        PIPELINE FINALIZADO
12:16:23  INFO      =======================================================
12:16:23  INFO      Log completo en: C:\Users\Usuario\Documents\Code Aliv\Python Automate\Descargas_Rápidas\logs\pipeline_2026-05-08_12-14-16.log
