09:07:27  INFO      Log guardado en: C:\Users\Usuario\Documents\Code Aliv\Python Automate\Descargas_Rápidas\logs\pipeline_2026-05-09_09-07-27.log
09:07:27  INFO      Fecha de ejecucion: 2026-05-09 09:07
09:07:27  INFO      =======================================================
09:07:27  INFO        SEMANAL: ESTA SEMANA
09:07:27  INFO      =======================================================
09:07:27  INFO      Iniciando: WinforceLima2026.py [INCREMENTAL]
09:08:22  INFO      OK (55s): WinforceLima2026.py
09:08:22  INFO          Iniciando automatización con Playwright...
09:08:22  INFO          1. Accediendo a la pagina de login...
09:08:22  INFO             Pagina cargada: Login Page - URL: https://accesoventas.win.pe/
09:08:22  INFO          2. Iniciando sesion con Microsoft...
09:08:22  INFO             Escribiendo correo...
09:08:22  INFO             Escribiendo contrasena...
09:08:22  INFO             Pantalla '¿Mantener iniciada la sesión?'...
09:08:22  INFO          2.5 Redirigiendo de vuelta a Winforce y cargando Dashboard...
09:08:22  INFO             Dashboard cargado correctamente en intento 1.
09:08:22  INFO          3. Navegando al menu Ventas -> Ventas...
09:08:22  INFO             Submenu 'Ventas' clickeado.
09:08:22  INFO          4. Aplicando filtros (Desde - Hasta del mes actual)...
09:08:22  INFO             [MODO SEMANAL] Rango: 02-05-2026 al 09-05-2026
09:08:22  INFO          5. Dando clic en Buscar...
09:08:22  INFO          6. Esperando resultados de la busqueda...
09:08:22  INFO          7. Descargando Excel...
09:08:22  INFO          8. [OK] 727 registros guardados en: C:\Users\Usuario\Documents\Code Aliv\Python Automate\Descargas_Rápidas\descargas_winforce_Dept\Winforce_Lima.xlsx
09:08:22  INFO          Cerrando navegador...
09:08:22  INFO      Iniciando: WinforceProvincia2026.py [INCREMENTAL]
09:09:16  INFO      OK (54s): WinforceProvincia2026.py
09:09:16  INFO          Iniciando automatización con Playwright...
09:09:16  INFO          1. Accediendo a la pagina de login...
09:09:16  INFO          2. Iniciando sesion con Microsoft...
09:09:16  INFO             Escribiendo correo...
09:09:16  INFO             Escribiendo contrasena...
09:09:16  INFO             Pantalla '¿Mantener iniciada la sesión?'...
09:09:16  INFO          2.5 Redirigiendo de vuelta a Winforce y cargando Dashboard...
09:09:16  INFO             Dashboard cargado correctamente en intento 1.
09:09:16  INFO          3. Navegando al menu Ventas -> Ventas...
09:09:16  INFO             Submenu 'Ventas' clickeado.
09:09:16  INFO          4. Aplicando filtros (Desde - Hasta del mes actual)...
09:09:16  INFO             [MODO SEMANAL] Rango: 02-05-2026 al 09-05-2026
09:09:16  INFO          5. Dando clic en Buscar...
09:09:16  INFO          6. Esperando resultados de la busqueda...
09:09:16  INFO          7. Descargando Excel...
09:09:16  INFO          8. [OK] 322 registros guardados en: C:\Users\Usuario\Documents\Code Aliv\Python Automate\Descargas_Rápidas\descargas_winforce_Dept\Winforce_Provincia.xlsx
09:09:16  INFO             Iniciando carga a SQL Server...
09:09:16  INFO            [DB] Limpieza incremental desde 2026-05-02 en winforce_provincia
09:09:16  INFO            [DB] Carga incremental exitosa.
09:09:16  INFO          Cerrando navegador...
09:09:16  INFO      Iniciando: Zonificación_Lima.py [INCREMENTAL]
09:09:32  INFO      OK (15s): Zonificación_Lima.py
09:09:32  INFO          ============================================================
09:09:32  INFO            ALIV TELECOM - Clasificador de Zonas WinForce
09:09:32  INFO            Fuente: PARAMETROS_VENTAS.kml
09:09:32  INFO          ============================================================
09:09:32  INFO          [09:09:18] Leyendo KML...
09:09:32  INFO          [09:09:18]   Poligonos P2 (celeste): 129
09:09:32  INFO          [09:09:18]   Poligonos No Venta (rojo): 9
09:09:32  INFO          [09:09:18] Leyendo WinForce desde: descargas_winforce_Dept\Winforce_Lima.xlsx
09:09:32  INFO          [09:09:19]   Registros cargados: 727
09:09:32  INFO          [09:09:19]   Con coordenadas: 727
09:09:32  INFO          [09:09:19]   Sin coordenadas: 0
09:09:32  INFO          [09:09:19]   En bbox de Lima: 727
09:09:32  INFO          [09:09:19] Clasificando registros por zona (puede tardar 1-2 min)...
09:09:32  INFO          
09:09:32  INFO          ============================================================
09:09:32  INFO            RESULTADO DE CLASIFICACION
09:09:32  INFO          ============================================================
09:09:32  INFO            Sin modificación (201)          475  (65.3%)
09:09:32  INFO            Zona P2 (401)                   245  (33.7%)
09:09:32  INFO            No Venta                          7  (1.0%)
09:09:32  INFO          
09:09:32  INFO            Top distritos en Zona No Venta:
09:09:32  INFO              COMAS                              4
09:09:32  INFO              SAN JUAN DE LURIGANCHO             2
09:09:32  INFO              CARABAYLLO                         1
09:09:32  INFO          
09:09:32  INFO            Registros en Zona P2: 245
09:09:32  INFO          ============================================================
09:09:32  INFO          [09:09:19] Modificando archivo original: descargas_winforce_Dept\Winforce_Lima.xlsx...
09:09:32  INFO          [09:09:24] Cambios aplicados correctamente en: descargas_winforce_Dept\Winforce_Lima.xlsx
09:09:32  INFO          
09:09:32  INFO          ============================================================
09:09:32  INFO            [OK] PROCESO COMPLETADO - ARCHIVO ACTUALIZADO
09:09:32  INFO            Ruta: descargas_winforce_Dept\Winforce_Lima.xlsx
09:09:32  INFO            Hojas actualizadas:
09:09:32  INFO              1. Resumen — conteo por zona
09:09:32  INFO              2. No Venta — registros críticos
09:09:32  INFO              3. Data Completa — todos los registros con Zona_KML
09:09:32  INFO          
09:09:32  INFO            Nota: El archivo original ha sido modificado con la
09:09:32  INFO            nueva clasificación. Ya puedes usarlo en Power BI.
09:09:32  INFO          ============================================================
09:09:32  INFO          
09:09:32  INFO            Iniciando carga a SQL Server (winforce_lima)...
09:09:32  INFO            [DB] Limpieza incremental desde 2026-05-02 en winforce_lima
09:09:32  INFO            [DB] Carga incremental exitosa.
09:09:32  INFO          
09:09:32  INFO          Zonificacion exitosa
09:09:32  INFO      Fase semanal completada.
09:09:32  INFO      =======================================================
09:09:32  INFO        PIPELINE FINALIZADO
09:09:32  INFO      =======================================================
09:09:32  INFO      Log completo en: C:\Users\Usuario\Documents\Code Aliv\Python Automate\Descargas_Rápidas\logs\pipeline_2026-05-09_09-07-27.log
