13:52:30  INFO      Log guardado en: C:\Users\Usuario\Documents\Code Aliv\Python Automate\Descargas_Rápidas\logs\pipeline_2026-05-08_13-52-30.log
13:52:30  INFO      Fecha de ejecucion: 2026-05-08 13:52
13:52:30  INFO      =======================================================
13:52:30  INFO        SEMANAL: ESTA SEMANA
13:52:30  INFO      =======================================================
13:52:30  INFO      Iniciando: WinforceLima2026.py [INCREMENTAL]
13:53:56  INFO      OK (85s): WinforceLima2026.py
13:53:56  INFO          Iniciando automatización con Playwright...
13:53:56  INFO          1. Accediendo a la pagina de login...
13:53:56  INFO             Pagina cargada: Login Page - URL: https://accesoventas.win.pe/
13:53:56  INFO          2. Iniciando sesion con Microsoft...
13:53:56  INFO             Escribiendo correo...
13:53:56  INFO             Escribiendo contrasena...
13:53:56  INFO             Pantalla '¿Mantener iniciada la sesión?'...
13:53:56  INFO          2.5 Redirigiendo de vuelta a Winforce y cargando Dashboard...
13:53:56  INFO             Dashboard cargado correctamente en intento 1.
13:53:56  INFO          3. Navegando al menu Ventas -> Ventas...
13:53:56  INFO             Submenu 'Ventas' clickeado.
13:53:56  INFO          4. Aplicando filtros (Desde - Hasta del mes actual)...
13:53:56  INFO             [MODO SEMANAL] Rango: 01-05-2026 al 08-05-2026
13:53:56  INFO          5. Dando clic en Buscar...
13:53:56  INFO          6. Esperando resultados de la busqueda...
13:53:56  INFO          7. Descargando Excel...
13:53:56  INFO          8. [OK] 657 registros guardados en: C:\Users\Usuario\Documents\Code Aliv\Python Automate\Descargas_Rápidas\descargas_winforce_Dept\Winforce_Lima.xlsx
13:53:56  INFO          Cerrando navegador...
13:53:56  INFO      Iniciando: WinforceProvincia2026.py [INCREMENTAL]
13:54:51  INFO      OK (55s): WinforceProvincia2026.py
13:54:51  INFO          Iniciando automatización con Playwright...
13:54:51  INFO          1. Accediendo a la pagina de login...
13:54:51  INFO          2. Iniciando sesion con Microsoft...
13:54:51  INFO             Escribiendo correo...
13:54:51  INFO             Escribiendo contrasena...
13:54:51  INFO             Pantalla '¿Mantener iniciada la sesión?'...
13:54:51  INFO          2.5 Redirigiendo de vuelta a Winforce y cargando Dashboard...
13:54:51  INFO             Dashboard cargado correctamente en intento 1.
13:54:51  INFO          3. Navegando al menu Ventas -> Ventas...
13:54:51  INFO             Submenu 'Ventas' clickeado.
13:54:51  INFO          4. Aplicando filtros (Desde - Hasta del mes actual)...
13:54:51  INFO             [MODO SEMANAL] Rango: 01-05-2026 al 08-05-2026
13:54:51  INFO          5. Dando clic en Buscar...
13:54:51  INFO          6. Esperando resultados de la busqueda...
13:54:51  INFO          7. Descargando Excel...
13:54:51  INFO          8. [OK] 294 registros guardados en: C:\Users\Usuario\Documents\Code Aliv\Python Automate\Descargas_Rápidas\descargas_winforce_Dept\Winforce_Provincia.xlsx
13:54:51  INFO             Iniciando carga a SQL Server...
13:54:51  INFO            [DB] Limpieza incremental desde 2026-05-01 en winforce_provincia
13:54:51  INFO            [DB] Carga incremental exitosa.
13:54:51  INFO          Cerrando navegador...
13:54:51  INFO      Iniciando: Zonificación_Lima.py [INCREMENTAL]
13:55:08  INFO      OK (16s): Zonificación_Lima.py
13:55:08  INFO          ============================================================
13:55:08  INFO            ALIV TELECOM - Clasificador de Zonas WinForce
13:55:08  INFO            Fuente: PARAMETROS_VENTAS.kml
13:55:08  INFO          ============================================================
13:55:08  INFO          [13:54:53] Leyendo KML...
13:55:08  INFO          [13:54:53]   Poligonos P2 (celeste): 129
13:55:08  INFO          [13:54:53]   Poligonos No Venta (rojo): 9
13:55:08  INFO          [13:54:53] Leyendo WinForce desde: descargas_winforce_Dept\Winforce_Lima.xlsx
13:55:08  INFO          [13:54:54]   Registros cargados: 657
13:55:08  INFO          [13:54:54]   Con coordenadas: 657
13:55:08  INFO          [13:54:54]   Sin coordenadas: 0
13:55:08  INFO          [13:54:54]   En bbox de Lima: 657
13:55:08  INFO          [13:54:54] Clasificando registros por zona (puede tardar 1-2 min)...
13:55:08  INFO          
13:55:08  INFO          ============================================================
13:55:08  INFO            RESULTADO DE CLASIFICACION
13:55:08  INFO          ============================================================
13:55:08  INFO            Sin modificación (201)          423  (64.4%)
13:55:08  INFO            Zona P2 (401)                   227  (34.6%)
13:55:08  INFO            No Venta                          7  (1.1%)
13:55:08  INFO          
13:55:08  INFO            Top distritos en Zona No Venta:
13:55:08  INFO              COMAS                              4
13:55:08  INFO              SAN JUAN DE LURIGANCHO             2
13:55:08  INFO              CARABAYLLO                         1
13:55:08  INFO          
13:55:08  INFO            Registros en Zona P2: 227
13:55:08  INFO          ============================================================
13:55:08  INFO          [13:54:54] Modificando archivo original: descargas_winforce_Dept\Winforce_Lima.xlsx...
13:55:08  INFO          [13:54:59] Cambios aplicados correctamente en: descargas_winforce_Dept\Winforce_Lima.xlsx
13:55:08  INFO          
13:55:08  INFO          ============================================================
13:55:08  INFO            [OK] PROCESO COMPLETADO - ARCHIVO ACTUALIZADO
13:55:08  INFO            Ruta: descargas_winforce_Dept\Winforce_Lima.xlsx
13:55:08  INFO            Hojas actualizadas:
13:55:08  INFO              1. Resumen — conteo por zona
13:55:08  INFO              2. No Venta — registros críticos
13:55:08  INFO              3. Data Completa — todos los registros con Zona_KML
13:55:08  INFO          
13:55:08  INFO            Nota: El archivo original ha sido modificado con la
13:55:08  INFO            nueva clasificación. Ya puedes usarlo en Power BI.
13:55:08  INFO          ============================================================
13:55:08  INFO          
13:55:08  INFO            Iniciando carga a SQL Server (winforce_lima)...
13:55:08  INFO            [DB] Limpieza incremental desde 2026-05-01 en winforce_lima
13:55:08  INFO            [DB] Carga incremental exitosa.
13:55:08  INFO          
13:55:08  INFO          Zonificacion exitosa
13:55:08  INFO      Fase semanal completada.
13:55:08  INFO      =======================================================
13:55:08  INFO        PIPELINE FINALIZADO
13:55:08  INFO      =======================================================
13:55:08  INFO      Log completo en: C:\Users\Usuario\Documents\Code Aliv\Python Automate\Descargas_Rápidas\logs\pipeline_2026-05-08_13-52-30.log
