10:00:02  INFO      Log guardado en: C:\Users\Usuario\Documents\Code Aliv\Python Automate\Descargas_Rápidas\logs\pipeline_2026-05-11_10-00-02.log
10:00:02  INFO      Fecha de ejecucion: 2026-05-11 10:00
10:00:02  INFO      =======================================================
10:00:02  INFO        REPORTE DIARIO (ayer)
10:00:02  INFO      =======================================================
10:00:02  INFO      Iniciando: ReporteDiarioLima.py 
10:00:05  INFO      OK (2s): ReporteDiarioLima.py
10:00:05  INFO          Generando reporte diario para: 10/05/2026
10:00:05  INFO             Datos: 64 altas C/E Hab. MTD · 0 ayer · 597 Lima MTD
10:00:05  INFO          PDF generado: Reporte_Diario_CE_Aliv_2026-05-10.pdf
10:00:05  INFO      Iniciando: ReporteDiarioProvincia.py 
10:00:07  INFO      OK (2s): ReporteDiarioProvincia.py
10:00:07  INFO          Generando reporte diario Provincia para: 10/05/2026
10:00:07  INFO             Datos: 259 altas MTD · 0 ayer · 371 preventas MTD · 7 departamentos
10:00:07  INFO          PDF generado: Reporte_Diario_Provincia_2026-05-10.pdf
10:00:07  INFO      Iniciando: ReporteDiarioProvinciaNorte.py 
10:00:09  INFO      OK (2s): ReporteDiarioProvinciaNorte.py
10:00:09  INFO          Generando reporte diario Provincia Norte para: 10/05/2026
10:00:09  INFO             Datos: 249 altas MTD · 0 ayer · 359 preventas MTD · 4 departamentos Norte
10:00:09  INFO          PDF generado: Reporte_Diario_ProvNorte_2026-05-10.pdf
10:00:09  INFO      Reporte diario completado.
10:00:09  INFO      =======================================================
10:00:09  INFO        PIPELINE FINALIZADO
10:00:09  INFO      =======================================================
10:00:09  INFO      Log completo en: C:\Users\Usuario\Documents\Code Aliv\Python Automate\Descargas_Rápidas\logs\pipeline_2026-05-11_10-00-02.log
