12:41:41  INFO      Log guardado en: C:\Users\Usuario\Documents\Code Aliv\Python Automate\Descargas_Rápidas\logs\pipeline_2026-05-11_12-41-41.log
12:41:41  INFO      Fecha de ejecucion: 2026-05-11 12:41
12:41:41  INFO      =======================================================
12:41:41  INFO        REPORTE DIARIO (ayer)
12:41:41  INFO      =======================================================
12:41:41  INFO      Iniciando: ReporteDiarioLima.py 
12:41:46  INFO      OK (5s): ReporteDiarioLima.py
12:41:46  INFO          Generando reporte diario para: 10/05/2026
12:41:46  INFO             Datos: 66 altas C/E Hab. MTD · 0 ayer · 616 Lima MTD
12:41:46  INFO          PDF generado: Reporte_Diario_CE_Aliv_2026-05-10.pdf
12:41:46  INFO      Iniciando: ReporteDiarioProvincia.py 
12:41:49  INFO      OK (3s): ReporteDiarioProvincia.py
12:41:49  INFO          Generando reporte diario Provincia para: 10/05/2026
12:41:49  INFO             Datos: 265 altas MTD · 2 ayer · 371 preventas MTD · 7 departamentos
12:41:49  INFO          PDF generado: Reporte_Diario_Provincia_2026-05-10.pdf
12:41:49  INFO      Iniciando: ReporteDiarioProvinciaNorte.py 
12:41:52  INFO      OK (2s): ReporteDiarioProvinciaNorte.py
12:41:52  INFO          Generando reporte diario Provincia Norte para: 10/05/2026
12:41:52  INFO             Datos: 254 altas MTD · 2 ayer · 359 preventas MTD · 4 departamentos Norte
12:41:52  INFO          PDF generado: Reporte_Diario_ProvNorte_2026-05-10.pdf
12:41:52  INFO      Reporte diario completado.
12:41:52  INFO      =======================================================
12:41:52  INFO        PIPELINE FINALIZADO
12:41:52  INFO      =======================================================
12:41:52  INFO      Log completo en: C:\Users\Usuario\Documents\Code Aliv\Python Automate\Descargas_Rápidas\logs\pipeline_2026-05-11_12-41-41.log
