16:53:01  INFO      Log guardado en: C:\Users\Usuario\Documents\Code Aliv\Python Automate\Descargas_Rápidas\logs\pipeline_2026-05-06_16-53-01.log
16:53:01  INFO      Fecha de ejecucion: 2026-05-06 16:53
16:53:01  INFO      =======================================================
16:53:01  INFO        DESCARGA 2026 + ZONIFICACION + BD
16:53:01  INFO      =======================================================
16:53:01  INFO      Iniciando: WinforceLima2026.py 
16:54:14  INFO      OK (72s): WinforceLima2026.py
16:54:14  INFO          Iniciando automatización con Playwright...
16:54:14  INFO          1. Accediendo a la pagina de login...
16:54:14  INFO             Pagina cargada: Login Page - URL: https://accesoventas.win.pe/
16:54:14  INFO          2. Iniciando sesion con Microsoft...
16:54:14  INFO             Escribiendo correo...
16:54:14  INFO             Escribiendo contrasena...
16:54:14  INFO             Pantalla '¿Mantener iniciada la sesión?'...
16:54:14  INFO          2.5 Redirigiendo de vuelta a Winforce y cargando Dashboard...
16:54:14  INFO             Dashboard cargado correctamente en intento 1.
16:54:14  INFO          3. Navegando al menu Ventas -> Ventas...
16:54:14  INFO             Submenu 'Ventas' clickeado.
16:54:14  INFO          4. Aplicando filtros (Desde - Hasta del mes actual)...
16:54:14  INFO             [MODO COMPLETO] Rango: 01-01-2026 al 06-05-2026
16:54:14  INFO             Fechas establecidas via Flatpickr API.
16:54:14  INFO          5. Dando clic en Buscar...
16:54:14  INFO          6. Esperando resultados de la busqueda...
16:54:14  INFO          7. Descargando Excel...
16:54:14  INFO          8. [OK] 10,956 registros guardados en: C:\Users\Usuario\Documents\Code Aliv\Python Automate\Descargas_Rápidas\descargas_winforce_Dept\Winforce_Lima.xlsx
16:54:14  INFO          Cerrando navegador...
16:54:14  INFO      Iniciando: WinforceProvincia2026.py 
16:55:39  INFO      OK (84s): WinforceProvincia2026.py
16:55:39  INFO          Iniciando automatización con Playwright...
16:55:39  INFO          1. Accediendo a la pagina de login...
16:55:39  INFO          2. Iniciando sesion con Microsoft...
16:55:39  INFO             Escribiendo correo...
16:55:39  INFO             Escribiendo contrasena...
16:55:39  INFO             Pantalla '¿Mantener iniciada la sesión?'...
16:55:39  INFO          2.5 Redirigiendo de vuelta a Winforce y cargando Dashboard...
16:55:39  INFO             Dashboard cargado correctamente en intento 1.
16:55:39  INFO          3. Navegando al menu Ventas -> Ventas...
16:55:39  INFO             Submenu 'Ventas' clickeado.
16:55:39  INFO          4. Aplicando filtros (Desde - Hasta del mes actual)...
16:55:39  INFO             [MODO COMPLETO] Rango: 01-01-2026 al 06-05-2026
16:55:39  INFO             Fechas establecidas via Flatpickr API.
16:55:39  INFO          5. Dando clic en Buscar...
16:55:39  INFO          6. Esperando resultados de la busqueda...
16:55:39  INFO          7. Descargando Excel...
16:55:39  INFO          8. [OK] 6,185 registros guardados en: C:\Users\Usuario\Documents\Code Aliv\Python Automate\Descargas_Rápidas\descargas_winforce_Dept\Winforce_Provincia.xlsx
16:55:39  INFO             Iniciando carga a SQL Server...
16:55:39  INFO            [DB] Carga exitosa en: winforce_provincia (6185 registros)
16:55:39  INFO          Cerrando navegador...
16:55:39  INFO      Iniciando: Zonificación_Lima.py 
17:00:17  INFO      OK (277s): Zonificación_Lima.py
17:00:17  INFO          ============================================================
17:00:17  INFO            ALIV TELECOM - Clasificador de Zonas WinForce
17:00:17  INFO            Fuente: PARAMETROS_VENTAS.kml
17:00:17  INFO          ============================================================
17:00:17  INFO          [16:55:40] Leyendo KML...
17:00:17  INFO          [16:55:40]   Poligonos P2 (celeste): 129
17:00:17  INFO          [16:55:40]   Poligonos No Venta (rojo): 9
17:00:17  INFO          [16:55:40] Leyendo WinForce desde: descargas_winforce_Dept\Winforce_Lima.xlsx
17:00:17  INFO          [16:55:47]   Registros cargados: 10,956
17:00:17  INFO          [16:55:47]   Con coordenadas: 10,956
17:00:17  INFO          [16:55:47]   Sin coordenadas: 0
17:00:17  INFO          [16:55:47]   En bbox de Lima: 10,887
17:00:17  INFO          [16:55:47] Clasificando registros por zona (puede tardar 1-2 min)...
17:00:17  INFO          
17:00:17  INFO          ============================================================
17:00:17  INFO            RESULTADO DE CLASIFICACION
17:00:17  INFO          ============================================================
17:00:17  INFO            Sin modificación (201)        6,220  (56.8%)
17:00:17  INFO            Zona P2 (401)                 4,140  (37.8%)
17:00:17  INFO            No Venta                        596  (5.4%)
17:00:17  INFO          
17:00:17  INFO            Top distritos en Zona No Venta:
17:00:17  INFO              SAN JUAN DE LURIGANCHO           271
17:00:17  INFO              COMAS                            174
17:00:17  INFO              VILLA EL SALVADOR                 87
17:00:17  INFO              CARABAYLLO                        47
17:00:17  INFO              VILLA MARIA DEL TRIUNFO           11
17:00:17  INFO              SAN JUAN DE MIRAFLORES             5
17:00:17  INFO              INDEPENDENCIA                      1
17:00:17  INFO          
17:00:17  INFO            Registros en Zona P2: 4,140
17:00:17  INFO          ============================================================
17:00:17  INFO          [16:55:55] Modificando archivo original: descargas_winforce_Dept\Winforce_Lima.xlsx...
17:00:17  INFO          [16:59:36] Cambios aplicados correctamente en: descargas_winforce_Dept\Winforce_Lima.xlsx
17:00:17  INFO          
17:00:17  INFO          ============================================================
17:00:17  INFO            [OK] PROCESO COMPLETADO - ARCHIVO ACTUALIZADO
17:00:17  INFO            Ruta: descargas_winforce_Dept\Winforce_Lima.xlsx
17:00:17  INFO            Hojas actualizadas:
17:00:17  INFO              1. Resumen — conteo por zona
17:00:17  INFO              2. No Venta — registros críticos
17:00:17  INFO              3. Data Completa — todos los registros con Zona_KML
17:00:17  INFO          
17:00:17  INFO            Nota: El archivo original ha sido modificado con la
17:00:17  INFO            nueva clasificación. Ya puedes usarlo en Power BI.
17:00:17  INFO          ============================================================
17:00:17  INFO          
17:00:17  INFO            Iniciando carga a SQL Server (winforce_lima)...
17:00:17  INFO            [DB] Carga exitosa en: winforce_lima (10956 registros)
17:00:17  INFO          
17:00:17  INFO          Zonificacion exitosa
17:00:17  INFO      Fase BD completada.
17:00:17  INFO      =======================================================
17:00:17  INFO        PIPELINE FINALIZADO
17:00:17  INFO      =======================================================
17:00:17  INFO      Log completo en: C:\Users\Usuario\Documents\Code Aliv\Python Automate\Descargas_Rápidas\logs\pipeline_2026-05-06_16-53-01.log
