09:40:59  INFO      Log guardado en: C:\Users\Usuario\Documents\Code Aliv\Python Automate\Descargas_Rápidas\logs\pipeline_2026-05-07_09-40-59.log
09:40:59  INFO      Fecha de ejecucion: 2026-05-07 09:40
09:40:59  INFO      =======================================================
09:40:59  INFO        DESCARGA 2026 + ZONIFICACION + BD
09:40:59  INFO      =======================================================
09:40:59  INFO      Iniciando: WinforceLima2026.py 
09:42:33  INFO      OK (93s): WinforceLima2026.py
09:42:33  INFO          Iniciando automatización con Playwright...
09:42:33  INFO          1. Accediendo a la pagina de login...
09:42:33  INFO             Pagina cargada: Login Page - URL: https://accesoventas.win.pe/
09:42:33  INFO          2. Iniciando sesion con Microsoft...
09:42:33  INFO             Escribiendo correo...
09:42:33  INFO             Escribiendo contrasena...
09:42:33  INFO             Pantalla '¿Mantener iniciada la sesión?'...
09:42:33  INFO          2.5 Redirigiendo de vuelta a Winforce y cargando Dashboard...
09:42:33  INFO             Dashboard cargado correctamente en intento 1.
09:42:33  INFO          3. Navegando al menu Ventas -> Ventas...
09:42:33  INFO             Submenu 'Ventas' clickeado.
09:42:33  INFO          4. Aplicando filtros (Desde - Hasta del mes actual)...
09:42:33  INFO             [MODO COMPLETO] Rango: 01-01-2026 al 07-05-2026
09:42:33  INFO             Fechas establecidas via Flatpickr API.
09:42:33  INFO          5. Dando clic en Buscar...
09:42:33  INFO          6. Esperando resultados de la busqueda...
09:42:33  INFO          7. Descargando Excel...
09:42:33  INFO          8. [OK] 11,005 registros guardados en: C:\Users\Usuario\Documents\Code Aliv\Python Automate\Descargas_Rápidas\descargas_winforce_Dept\Winforce_Lima.xlsx
09:42:33  INFO          Cerrando navegador...
09:42:33  INFO      Iniciando: WinforceProvincia2026.py 
09:44:32  INFO      OK (118s): WinforceProvincia2026.py
09:44:32  INFO          Iniciando automatización con Playwright...
09:44:32  INFO          1. Accediendo a la pagina de login...
09:44:32  INFO          2. Iniciando sesion con Microsoft...
09:44:32  INFO             Escribiendo correo...
09:44:32  INFO             Escribiendo contrasena...
09:44:32  INFO             Pantalla '¿Mantener iniciada la sesión?'...
09:44:32  INFO          2.5 Redirigiendo de vuelta a Winforce y cargando Dashboard...
09:44:32  INFO             Dashboard cargado correctamente en intento 1.
09:44:32  INFO          3. Navegando al menu Ventas -> Ventas...
09:44:32  INFO             Submenu 'Ventas' clickeado.
09:44:32  INFO          4. Aplicando filtros (Desde - Hasta del mes actual)...
09:44:32  INFO             [MODO COMPLETO] Rango: 01-01-2026 al 07-05-2026
09:44:32  INFO             Fechas establecidas via Flatpickr API.
09:44:32  INFO          5. Dando clic en Buscar...
09:44:32  INFO          6. Esperando resultados de la busqueda...
09:44:32  INFO          7. Descargando Excel...
09:44:32  INFO          8. [OK] 6,205 registros guardados en: C:\Users\Usuario\Documents\Code Aliv\Python Automate\Descargas_Rápidas\descargas_winforce_Dept\Winforce_Provincia.xlsx
09:44:32  INFO             Iniciando carga a SQL Server...
09:44:32  INFO            [DB] Carga exitosa en: winforce_provincia (6205 registros)
09:44:32  INFO          Cerrando navegador...
09:44:32  INFO      Iniciando: Zonificación_Lima.py 
09:52:36  INFO      OK (484s): Zonificación_Lima.py
09:52:36  INFO          ============================================================
09:52:36  INFO            ALIV TELECOM - Clasificador de Zonas WinForce
09:52:36  INFO            Fuente: PARAMETROS_VENTAS.kml
09:52:36  INFO          ============================================================
09:52:36  INFO          [09:44:33] Leyendo KML...
09:52:36  INFO          [09:44:33]   Poligonos P2 (celeste): 129
09:52:36  INFO          [09:44:33]   Poligonos No Venta (rojo): 9
09:52:36  INFO          [09:44:33] Leyendo WinForce desde: descargas_winforce_Dept\Winforce_Lima.xlsx
09:52:36  INFO          [09:44:46]   Registros cargados: 11,005
09:52:36  INFO          [09:44:46]   Con coordenadas: 11,005
09:52:36  INFO          [09:44:46]   Sin coordenadas: 0
09:52:36  INFO          [09:44:46]   En bbox de Lima: 10,936
09:52:36  INFO          [09:44:46] Clasificando registros por zona (puede tardar 1-2 min)...
09:52:36  INFO          
09:52:36  INFO          ============================================================
09:52:36  INFO            RESULTADO DE CLASIFICACION
09:52:36  INFO          ============================================================
09:52:36  INFO            Sin modificación (201)        6,254  (56.8%)
09:52:36  INFO            Zona P2 (401)                 4,155  (37.8%)
09:52:36  INFO            No Venta                        596  (5.4%)
09:52:36  INFO          
09:52:36  INFO            Top distritos en Zona No Venta:
09:52:36  INFO              SAN JUAN DE LURIGANCHO           271
09:52:36  INFO              COMAS                            174
09:52:36  INFO              VILLA EL SALVADOR                 87
09:52:36  INFO              CARABAYLLO                        47
09:52:36  INFO              VILLA MARIA DEL TRIUNFO           11
09:52:36  INFO              SAN JUAN DE MIRAFLORES             5
09:52:36  INFO              INDEPENDENCIA                      1
09:52:36  INFO          
09:52:36  INFO            Registros en Zona P2: 4,155
09:52:36  INFO          ============================================================
09:52:36  INFO          [09:45:03] Modificando archivo original: descargas_winforce_Dept\Winforce_Lima.xlsx...
09:52:36  INFO          [09:51:53] Cambios aplicados correctamente en: descargas_winforce_Dept\Winforce_Lima.xlsx
09:52:36  INFO          
09:52:36  INFO          ============================================================
09:52:36  INFO            [OK] PROCESO COMPLETADO - ARCHIVO ACTUALIZADO
09:52:36  INFO            Ruta: descargas_winforce_Dept\Winforce_Lima.xlsx
09:52:36  INFO            Hojas actualizadas:
09:52:36  INFO              1. Resumen — conteo por zona
09:52:36  INFO              2. No Venta — registros críticos
09:52:36  INFO              3. Data Completa — todos los registros con Zona_KML
09:52:36  INFO          
09:52:36  INFO            Nota: El archivo original ha sido modificado con la
09:52:36  INFO            nueva clasificación. Ya puedes usarlo en Power BI.
09:52:36  INFO          ============================================================
09:52:36  INFO          
09:52:36  INFO            Iniciando carga a SQL Server (winforce_lima)...
09:52:36  INFO            [DB] Carga exitosa en: winforce_lima (11005 registros)
09:52:36  INFO          
09:52:36  INFO          Zonificacion exitosa
09:52:36  INFO      Fase BD completada.
09:52:36  INFO      =======================================================
09:52:36  INFO        PIPELINE FINALIZADO
09:52:36  INFO      =======================================================
09:52:36  INFO      Log completo en: C:\Users\Usuario\Documents\Code Aliv\Python Automate\Descargas_Rápidas\logs\pipeline_2026-05-07_09-40-59.log
